-- The C compiler identification is GNU 11.4.0
-- The CXX compiler identification is GNU 11.4.0
-- Detecting C compiler ABI info
-- Detecting C compiler ABI info - done
-- Check for working C compiler: /usr/bin/cc - skipped
-- Detecting C compile features
-- Detecting C compile features - done
-- Detecting CXX compiler ABI info
-- Detecting CXX compiler ABI info - done
-- Check for working CXX compiler: /usr/bin/c++ - skipped
-- Detecting CXX compile features
-- Detecting CXX compile features - done
-- Found ament_cmake: 1.3.14 (/opt/ros/humble/share/ament_cmake/cmake)
-- Found Python3: /usr/bin/python3 (found version "3.10.12") found components: Interpreter 
-- Found rclcpp: 16.0.19 (/opt/ros/humble/share/rclcpp/cmake)
-- Found rosidl_generator_c: 3.1.8 (/opt/ros/humble/share/rosidl_generator_c/cmake)
-- Found rosidl_adapter: 3.1.8 (/opt/ros/humble/share/rosidl_adapter/cmake)
-- Found rosidl_generator_cpp: 3.1.8 (/opt/ros/humble/share/rosidl_generator_cpp/cmake)
-- Using all available rosidl_typesupport_c: rosidl_typesupport_fastrtps_c;rosidl_typesupport_introspection_c
-- Using all available rosidl_typesupport_cpp: rosidl_typesupport_fastrtps_cpp;rosidl_typesupport_introspection_cpp
-- Found rmw_implementation_cmake: 6.1.2 (/opt/ros/humble/share/rmw_implementation_cmake/cmake)
-- Found rmw_cyclonedds_cpp: 1.3.4 (/home/yaorz/unitree_ros2/cyclonedds_ws/install/rmw_cyclonedds_cpp/share/rmw_cyclonedds_cpp/cmake)
-- Using RMW implementation 'rmw_cyclonedds_cpp' as default
-- Looking for pthread.h
-- Looking for pthread.h - found
-- Performing Test CMAKE_HAVE_LIBC_PTHREAD
-- Performing Test CMAKE_HAVE_LIBC_PTHREAD - Success
-- Found Threads: TRUE  
-- Found unitree_api: 0.0.0 (/home/yaorz/unitree_ros2/cyclonedds_ws/install/unitree_api/share/unitree_api/cmake)
-- Found ament_lint_auto: 0.12.15 (/opt/ros/humble/share/ament_lint_auto/cmake)
-- Added test 'cppcheck' to perform static code analysis on C / C++ code
-- Configured cppcheck include dirs: $<BUILD_INTERFACE:/home/yaorz/unitree_go2_ws/src/helloworld/helloworld/include>
-- Configured cppcheck exclude dirs and/or files: 
-- Added test 'lint_cmake' to check CMake code style
-- Added test 'uncrustify' to check C / C++ code style
-- Configured uncrustify additional arguments: 
-- Added test 'xmllint' to check XML markup files
-- Configuring done
-- Generating done
-- Build files have been written to: /home/yaorz/unitree_go2_ws/build/helloworld
[ 50%] [32mBuilding CXX object CMakeFiles/hello.dir/src/hello.cpp.o[0m
[01m[K/home/yaorz/unitree_go2_ws/src/helloworld/helloworld/src/hello.cpp:17:3:[m[K [01;31m[Kerror: [m[K‘[01m[Krclcpp[m[K’ does not name a type
   17 |   [01;31m[Krclcpp[m[K:Publisher<unitree_api::msg::Request>::SharedPtr publisher_;
      |   [01;31m[K^~~~~~[m[K
[01m[K/home/yaorz/unitree_go2_ws/src/helloworld/helloworld/src/hello.cpp:[m[K In constructor ‘[01m[KHelloWorld::HelloWorld()[m[K’:
[01m[K/home/yaorz/unitree_go2_ws/src/helloworld/helloworld/src/hello.cpp:9:5:[m[K [01;31m[Kerror: [m[K‘[01m[Kpublisher_[m[K’ was not declared in this scope; did you mean ‘[01m[Krmw_publisher_t[m[K’?
    9 |     [01;31m[Kpublisher_[m[K = this->create_publisher<unitree_api::msg::Request>("/api/sport/request", 10);
      |     [01;31m[K^~~~~~~~~~[m[K
      |     [32m[Krmw_publisher_t[m[K
[01m[K/home/yaorz/unitree_go2_ws/src/helloworld/helloworld/src/hello.cpp:12:7:[m[K [01;31m[Kerror: [m[K‘[01m[Kls[m[K’ was not declared in this scope
   12 |       [01;31m[Kls[m[K,
      |       [01;31m[K^~[m[K
[01m[K/home/yaorz/unitree_go2_ws/src/helloworld/helloworld/src/hello.cpp:[m[K In member function ‘[01m[Kvoid HelloWorld::on_timer()[m[K’:
[01m[K/home/yaorz/unitree_go2_ws/src/helloworld/helloworld/src/hello.cpp:24:13:[m[K [01;31m[Kerror: [m[K‘[01m[Kstruct unitree_api::msg::Request_<std::allocator<void> >[m[K’ has no member named ‘[01m[Kcommand[m[K’
   24 |     message.[01;31m[Kcommand[m[K = "Hello, ROS2!";
      |             [01;31m[K^~~~~~~[m[K
[01m[K/home/yaorz/unitree_go2_ws/src/helloworld/helloworld/src/hello.cpp:25:5:[m[K [01;31m[Kerror: [m[K‘[01m[Kpublisher_[m[K’ was not declared in this scope; did you mean ‘[01m[Krmw_publisher_t[m[K’?
   25 |     [01;31m[Kpublisher_[m[K->publish(message);
      |     [01;31m[K^~~~~~~~~~[m[K
      |     [32m[Krmw_publisher_t[m[K
gmake[2]: *** [CMakeFiles/hello.dir/build.make:76：CMakeFiles/hello.dir/src/hello.cpp.o] 错误 1
gmake[1]: *** [CMakeFiles/Makefile2:137：CMakeFiles/hello.dir/all] 错误 2
gmake: *** [Makefile:146：all] 错误 2
