[0.009s] Invoking command in '/home/yaorz/unitree_go2_ws/build/helloworld': CMAKE_PREFIX_PATH=${CMAKE_PREFIX_PATH}:/opt/ros/humble /usr/bin/cmake /home/yaorz/unitree_go2_ws/src/helloworld/helloworld -DCMAKE_INSTALL_PREFIX=/home/yaorz/unitree_go2_ws/install/helloworld
[0.083s] -- The C compiler identification is GNU 11.4.0
[0.130s] -- The CXX compiler identification is GNU 11.4.0
[0.137s] -- Detecting C compiler ABI info
[0.197s] -- Detecting C compiler ABI info - done
[0.201s] -- Check for working C compiler: /usr/bin/cc - skipped
[0.202s] -- Detecting C compile features
[0.202s] -- Detecting C compile features - done
[0.204s] -- Detecting CXX compiler ABI info
[0.269s] -- Detecting CXX compiler ABI info - done
[0.273s] -- Check for working CXX compiler: /usr/bin/c++ - skipped
[0.273s] -- Detecting CXX compile features
[0.273s] -- Detecting CXX compile features - done
[0.278s] -- Found ament_cmake: 1.3.14 (/opt/ros/humble/share/ament_cmake/cmake)
[0.383s] -- Found Python3: /usr/bin/python3 (found version "3.10.12") found components: Interpreter 
[0.479s] -- Found rclcpp: 16.0.19 (/opt/ros/humble/share/rclcpp/cmake)
[0.519s] -- Found rosidl_generator_c: 3.1.8 (/opt/ros/humble/share/rosidl_generator_c/cmake)
[0.522s] -- Found rosidl_adapter: 3.1.8 (/opt/ros/humble/share/rosidl_adapter/cmake)
[0.530s] -- Found rosidl_generator_cpp: 3.1.8 (/opt/ros/humble/share/rosidl_generator_cpp/cmake)
[0.541s] -- Using all available rosidl_typesupport_c: rosidl_typesupport_fastrtps_c;rosidl_typesupport_introspection_c
[0.555s] -- Using all available rosidl_typesupport_cpp: rosidl_typesupport_fastrtps_cpp;rosidl_typesupport_introspection_cpp
[0.592s] -- Found rmw_implementation_cmake: 6.1.2 (/opt/ros/humble/share/rmw_implementation_cmake/cmake)
[0.594s] -- Found rmw_cyclonedds_cpp: 1.3.4 (/home/yaorz/unitree_ros2/cyclonedds_ws/install/rmw_cyclonedds_cpp/share/rmw_cyclonedds_cpp/cmake)
[0.610s] -- Using RMW implementation 'rmw_cyclonedds_cpp' as default
[0.618s] -- Looking for pthread.h
[0.684s] -- Looking for pthread.h - found
[0.684s] -- Performing Test CMAKE_HAVE_LIBC_PTHREAD
[0.747s] -- Performing Test CMAKE_HAVE_LIBC_PTHREAD - Success
[0.747s] -- Found Threads: TRUE  
[0.789s] -- Found unitree_api: 0.0.0 (/home/yaorz/unitree_ros2/cyclonedds_ws/install/unitree_api/share/unitree_api/cmake)
[0.811s] -- Found ament_lint_auto: 0.12.15 (/opt/ros/humble/share/ament_lint_auto/cmake)
[0.866s] -- Added test 'cppcheck' to perform static code analysis on C / C++ code
[0.867s] -- Configured cppcheck include dirs: $<BUILD_INTERFACE:/home/yaorz/unitree_go2_ws/src/helloworld/helloworld/include>
[0.867s] -- Configured cppcheck exclude dirs and/or files: 
[0.867s] -- Added test 'lint_cmake' to check CMake code style
[0.868s] -- Added test 'uncrustify' to check C / C++ code style
[0.868s] -- Configured uncrustify additional arguments: 
[0.868s] -- Added test 'xmllint' to check XML markup files
[0.870s] -- Configuring done
[0.877s] -- Generating done
[0.880s] -- Build files have been written to: /home/yaorz/unitree_go2_ws/build/helloworld
[0.887s] Invoked command in '/home/yaorz/unitree_go2_ws/build/helloworld' returned '0': CMAKE_PREFIX_PATH=${CMAKE_PREFIX_PATH}:/opt/ros/humble /usr/bin/cmake /home/yaorz/unitree_go2_ws/src/helloworld/helloworld -DCMAKE_INSTALL_PREFIX=/home/yaorz/unitree_go2_ws/install/helloworld
[0.889s] Invoking command in '/home/yaorz/unitree_go2_ws/build/helloworld': CMAKE_PREFIX_PATH=${CMAKE_PREFIX_PATH}:/opt/ros/humble /usr/bin/cmake --build /home/yaorz/unitree_go2_ws/build/helloworld -- -j16 -l16
[0.939s] [ 50%] [32mBuilding CXX object CMakeFiles/hello.dir/src/hello.cpp.o[0m
[2.510s] [01m[K/home/yaorz/unitree_go2_ws/src/helloworld/helloworld/src/hello.cpp:17:3:[m[K [01;31m[Kerror: [m[K‘[01m[Krclcpp[m[K’ does not name a type
[2.510s]    17 |   [01;31m[Krclcpp[m[K:Publisher<unitree_api::msg::Request>::SharedPtr publisher_;
[2.510s]       |   [01;31m[K^~~~~~[m[K
[2.516s] [01m[K/home/yaorz/unitree_go2_ws/src/helloworld/helloworld/src/hello.cpp:[m[K In constructor ‘[01m[KHelloWorld::HelloWorld()[m[K’:
[2.517s] [01m[K/home/yaorz/unitree_go2_ws/src/helloworld/helloworld/src/hello.cpp:9:5:[m[K [01;31m[Kerror: [m[K‘[01m[Kpublisher_[m[K’ was not declared in this scope; did you mean ‘[01m[Krmw_publisher_t[m[K’?
[2.517s]     9 |     [01;31m[Kpublisher_[m[K = this->create_publisher<unitree_api::msg::Request>("/api/sport/request", 10);
[2.517s]       |     [01;31m[K^~~~~~~~~~[m[K
[2.517s]       |     [32m[Krmw_publisher_t[m[K
[2.525s] [01m[K/home/yaorz/unitree_go2_ws/src/helloworld/helloworld/src/hello.cpp:12:7:[m[K [01;31m[Kerror: [m[K‘[01m[Kls[m[K’ was not declared in this scope
[2.525s]    12 |       [01;31m[Kls[m[K,
[2.525s]       |       [01;31m[K^~[m[K
[2.528s] [01m[K/home/yaorz/unitree_go2_ws/src/helloworld/helloworld/src/hello.cpp:[m[K In member function ‘[01m[Kvoid HelloWorld::on_timer()[m[K’:
[2.528s] [01m[K/home/yaorz/unitree_go2_ws/src/helloworld/helloworld/src/hello.cpp:24:13:[m[K [01;31m[Kerror: [m[K‘[01m[Kstruct unitree_api::msg::Request_<std::allocator<void> >[m[K’ has no member named ‘[01m[Kcommand[m[K’
[2.528s]    24 |     message.[01;31m[Kcommand[m[K = "Hello, ROS2!";
[2.528s]       |             [01;31m[K^~~~~~~[m[K
[2.533s] [01m[K/home/yaorz/unitree_go2_ws/src/helloworld/helloworld/src/hello.cpp:25:5:[m[K [01;31m[Kerror: [m[K‘[01m[Kpublisher_[m[K’ was not declared in this scope; did you mean ‘[01m[Krmw_publisher_t[m[K’?
[2.533s]    25 |     [01;31m[Kpublisher_[m[K->publish(message);
[2.533s]       |     [01;31m[K^~~~~~~~~~[m[K
[2.533s]       |     [32m[Krmw_publisher_t[m[K
[2.984s] gmake[2]: *** [CMakeFiles/hello.dir/build.make:76：CMakeFiles/hello.dir/src/hello.cpp.o] 错误 1
[2.984s] gmake[1]: *** [CMakeFiles/Makefile2:137：CMakeFiles/hello.dir/all] 错误 2
[2.984s] gmake: *** [Makefile:146：all] 错误 2
[2.988s] Invoked command in '/home/yaorz/unitree_go2_ws/build/helloworld' returned '2': CMAKE_PREFIX_PATH=${CMAKE_PREFIX_PATH}:/opt/ros/humble /usr/bin/cmake --build /home/yaorz/unitree_go2_ws/build/helloworld -- -j16 -l16
