-- The C compiler identification is GNU 11.4.0
-- The CXX compiler identification is GNU 11.4.0
-- Detecting C compiler ABI info
-- Detecting C compiler ABI info - done
-- Check for working C compiler: /usr/bin/cc - skipped
-- Detecting C compile features
-- Detecting C compile features - done
-- Detecting CXX compiler ABI info
-- Detecting CXX compiler ABI info - done
-- Check for working CXX compiler: /usr/bin/c++ - skipped
-- Detecting CXX compile features
-- Detecting CXX compile features - done
-- Found ament_cmake: 1.3.14 (/opt/ros/humble/share/ament_cmake/cmake)
-- Found Python3: /usr/bin/python3 (found version "3.10.12") found components: Interpreter 
-- Found geometry_msgs: 4.9.1 (/opt/ros/humble/share/geometry_msgs/cmake)
-- Found rosidl_generator_c: 3.1.8 (/opt/ros/humble/share/rosidl_generator_c/cmake)
-- Found rosidl_adapter: 3.1.8 (/opt/ros/humble/share/rosidl_adapter/cmake)
-- Found rosidl_generator_cpp: 3.1.8 (/opt/ros/humble/share/rosidl_generator_cpp/cmake)
-- Using all available rosidl_typesupport_c: rosidl_typesupport_fastrtps_c;rosidl_typesupport_introspection_c
-- Using all available rosidl_typesupport_cpp: rosidl_typesupport_fastrtps_cpp;rosidl_typesupport_introspection_cpp
-- Found nav_msgs: 4.9.1 (/opt/ros/humble/share/nav_msgs/cmake)
-- Found rclcpp: 16.0.19 (/opt/ros/humble/share/rclcpp/cmake)
-- Found rmw_implementation_cmake: 6.1.2 (/opt/ros/humble/share/rmw_implementation_cmake/cmake)
-- Found rmw_cyclonedds_cpp: 1.3.4 (/home/yaorz/unitree_ros2/cyclonedds_ws/install/rmw_cyclonedds_cpp/share/rmw_cyclonedds_cpp/cmake)
-- Using RMW implementation 'rmw_cyclonedds_cpp' as default
-- Looking for pthread.h
-- Looking for pthread.h - found
-- Performing Test CMAKE_HAVE_LIBC_PTHREAD
-- Performing Test CMAKE_HAVE_LIBC_PTHREAD - Success
-- Found Threads: TRUE  
-- Found tf2_ros: 0.25.20 (/opt/ros/humble/share/tf2_ros/cmake)
-- Found ament_lint_auto: 0.12.15 (/opt/ros/humble/share/ament_lint_auto/cmake)
-- Added test 'cppcheck' to perform static code analysis on C / C++ code
-- Configured cppcheck include dirs: $<BUILD_INTERFACE:/home/yaorz/unitree_go2_ws/src/go2_tf_bridge/include>
-- Configured cppcheck exclude dirs and/or files: 
-- Added test 'lint_cmake' to check CMake code style
-- Added test 'uncrustify' to check C / C++ code style
-- Configured uncrustify additional arguments: 
-- Added test 'xmllint' to check XML markup files
-- Configuring done
-- Generating done
-- Build files have been written to: /home/yaorz/unitree_go2_ws/build/go2_tf_bridge
[ 50%] Building CXX object CMakeFiles/go2_tf_bridge.dir/src/go2_tf_bridge.cpp.o
[100%] Linking CXX executable go2_tf_bridge
[100%] Built target go2_tf_bridge
-- Install configuration: ""
-- Installing: /home/yaorz/unitree_go2_ws/install/go2_tf_bridge/lib/go2_tf_bridge/go2_tf_bridge
-- Set runtime path of "/home/yaorz/unitree_go2_ws/install/go2_tf_bridge/lib/go2_tf_bridge/go2_tf_bridge" to ""
-- Installing: /home/yaorz/unitree_go2_ws/install/go2_tf_bridge/share/ament_index/resource_index/package_run_dependencies/go2_tf_bridge
-- Installing: /home/yaorz/unitree_go2_ws/install/go2_tf_bridge/share/ament_index/resource_index/parent_prefix_path/go2_tf_bridge
-- Installing: /home/yaorz/unitree_go2_ws/install/go2_tf_bridge/share/go2_tf_bridge/environment/ament_prefix_path.sh
-- Installing: /home/yaorz/unitree_go2_ws/install/go2_tf_bridge/share/go2_tf_bridge/environment/ament_prefix_path.dsv
-- Installing: /home/yaorz/unitree_go2_ws/install/go2_tf_bridge/share/go2_tf_bridge/environment/path.sh
-- Installing: /home/yaorz/unitree_go2_ws/install/go2_tf_bridge/share/go2_tf_bridge/environment/path.dsv
-- Installing: /home/yaorz/unitree_go2_ws/install/go2_tf_bridge/share/go2_tf_bridge/local_setup.bash
-- Installing: /home/yaorz/unitree_go2_ws/install/go2_tf_bridge/share/go2_tf_bridge/local_setup.sh
-- Installing: /home/yaorz/unitree_go2_ws/install/go2_tf_bridge/share/go2_tf_bridge/local_setup.zsh
-- Installing: /home/yaorz/unitree_go2_ws/install/go2_tf_bridge/share/go2_tf_bridge/local_setup.dsv
-- Installing: /home/yaorz/unitree_go2_ws/install/go2_tf_bridge/share/go2_tf_bridge/package.dsv
-- Installing: /home/yaorz/unitree_go2_ws/install/go2_tf_bridge/share/ament_index/resource_index/packages/go2_tf_bridge
-- Installing: /home/yaorz/unitree_go2_ws/install/go2_tf_bridge/share/go2_tf_bridge/cmake/go2_tf_bridgeConfig.cmake
-- Installing: /home/yaorz/unitree_go2_ws/install/go2_tf_bridge/share/go2_tf_bridge/cmake/go2_tf_bridgeConfig-version.cmake
-- Installing: /home/yaorz/unitree_go2_ws/install/go2_tf_bridge/share/go2_tf_bridge/package.xml
