[0.010s] Invoking command in '/home/yaorz/unitree_go2_ws/build/go2_tf_bridge': CMAKE_PREFIX_PATH=${CMAKE_PREFIX_PATH}:/opt/ros/humble /usr/bin/cmake /home/yaorz/unitree_go2_ws/src/go2_tf_bridge -DCMAKE_INSTALL_PREFIX=/home/yaorz/unitree_go2_ws/install/go2_tf_bridge
[0.074s] -- The C compiler identification is GNU 11.4.0
[0.130s] -- The CXX compiler identification is GNU 11.4.0
[0.137s] -- Detecting C compiler ABI info
[0.199s] -- Detecting C compiler ABI info - done
[0.212s] -- Check for working C compiler: /usr/bin/cc - skipped
[0.212s] -- Detecting C compile features
[0.213s] -- Detecting C compile features - done
[0.218s] -- Detecting CXX compiler ABI info
[0.292s] -- Detecting CXX compiler ABI info - done
[0.305s] -- Check for working CXX compiler: /usr/bin/c++ - skipped
[0.305s] -- Detecting CXX compile features
[0.306s] -- Detecting CXX compile features - done
[0.315s] -- Found ament_cmake: 1.3.14 (/opt/ros/humble/share/ament_cmake/cmake)
[0.416s] -- Found Python3: /usr/bin/python3 (found version "3.10.12") found components: Interpreter 
[0.491s] -- Found geometry_msgs: 4.9.1 (/opt/ros/humble/share/geometry_msgs/cmake)
[0.522s] -- Found rosidl_generator_c: 3.1.8 (/opt/ros/humble/share/rosidl_generator_c/cmake)
[0.526s] -- Found rosidl_adapter: 3.1.8 (/opt/ros/humble/share/rosidl_adapter/cmake)
[0.533s] -- Found rosidl_generator_cpp: 3.1.8 (/opt/ros/humble/share/rosidl_generator_cpp/cmake)
[0.543s] -- Using all available rosidl_typesupport_c: rosidl_typesupport_fastrtps_c;rosidl_typesupport_introspection_c
[0.555s] -- Using all available rosidl_typesupport_cpp: rosidl_typesupport_fastrtps_cpp;rosidl_typesupport_introspection_cpp
[0.584s] -- Found nav_msgs: 4.9.1 (/opt/ros/humble/share/nav_msgs/cmake)
[0.597s] -- Found rclcpp: 16.0.19 (/opt/ros/humble/share/rclcpp/cmake)
[0.627s] -- Found rmw_implementation_cmake: 6.1.2 (/opt/ros/humble/share/rmw_implementation_cmake/cmake)
[0.629s] -- Found rmw_cyclonedds_cpp: 1.3.4 (/home/yaorz/unitree_ros2/cyclonedds_ws/install/rmw_cyclonedds_cpp/share/rmw_cyclonedds_cpp/cmake)
[0.643s] -- Using RMW implementation 'rmw_cyclonedds_cpp' as default
[0.650s] -- Looking for pthread.h
[0.714s] -- Looking for pthread.h - found
[0.714s] -- Performing Test CMAKE_HAVE_LIBC_PTHREAD
[0.773s] -- Performing Test CMAKE_HAVE_LIBC_PTHREAD - Success
[0.774s] -- Found Threads: TRUE  
[0.801s] -- Found tf2_ros: 0.25.20 (/opt/ros/humble/share/tf2_ros/cmake)
[0.874s] -- Found ament_lint_auto: 0.12.15 (/opt/ros/humble/share/ament_lint_auto/cmake)
[0.925s] -- Added test 'cppcheck' to perform static code analysis on C / C++ code
[0.926s] -- Configured cppcheck include dirs: $<BUILD_INTERFACE:/home/yaorz/unitree_go2_ws/src/go2_tf_bridge/include>
[0.926s] -- Configured cppcheck exclude dirs and/or files: 
[0.926s] -- Added test 'lint_cmake' to check CMake code style
[0.927s] -- Added test 'uncrustify' to check C / C++ code style
[0.927s] -- Configured uncrustify additional arguments: 
[0.927s] -- Added test 'xmllint' to check XML markup files
[0.928s] -- Configuring done
[0.936s] -- Generating done
[0.938s] -- Build files have been written to: /home/yaorz/unitree_go2_ws/build/go2_tf_bridge
[0.946s] Invoked command in '/home/yaorz/unitree_go2_ws/build/go2_tf_bridge' returned '0': CMAKE_PREFIX_PATH=${CMAKE_PREFIX_PATH}:/opt/ros/humble /usr/bin/cmake /home/yaorz/unitree_go2_ws/src/go2_tf_bridge -DCMAKE_INSTALL_PREFIX=/home/yaorz/unitree_go2_ws/install/go2_tf_bridge
[0.946s] Invoking command in '/home/yaorz/unitree_go2_ws/build/go2_tf_bridge': CMAKE_PREFIX_PATH=${CMAKE_PREFIX_PATH}:/opt/ros/humble /usr/bin/cmake --build /home/yaorz/unitree_go2_ws/build/go2_tf_bridge -- -j16 -l16
[0.993s] [ 50%] Building CXX object CMakeFiles/go2_tf_bridge.dir/src/go2_tf_bridge.cpp.o
[5.791s] [100%] Linking CXX executable go2_tf_bridge
[6.044s] [100%] Built target go2_tf_bridge
[6.053s] Invoked command in '/home/yaorz/unitree_go2_ws/build/go2_tf_bridge' returned '0': CMAKE_PREFIX_PATH=${CMAKE_PREFIX_PATH}:/opt/ros/humble /usr/bin/cmake --build /home/yaorz/unitree_go2_ws/build/go2_tf_bridge -- -j16 -l16
[6.061s] Invoking command in '/home/yaorz/unitree_go2_ws/build/go2_tf_bridge': CMAKE_PREFIX_PATH=${CMAKE_PREFIX_PATH}:/opt/ros/humble /usr/bin/cmake --install /home/yaorz/unitree_go2_ws/build/go2_tf_bridge
[6.066s] -- Install configuration: ""
[6.066s] -- Installing: /home/yaorz/unitree_go2_ws/install/go2_tf_bridge/lib/go2_tf_bridge/go2_tf_bridge
[6.068s] -- Set runtime path of "/home/yaorz/unitree_go2_ws/install/go2_tf_bridge/lib/go2_tf_bridge/go2_tf_bridge" to ""
[6.069s] -- Installing: /home/yaorz/unitree_go2_ws/install/go2_tf_bridge/share/ament_index/resource_index/package_run_dependencies/go2_tf_bridge
[6.069s] -- Installing: /home/yaorz/unitree_go2_ws/install/go2_tf_bridge/share/ament_index/resource_index/parent_prefix_path/go2_tf_bridge
[6.069s] -- Installing: /home/yaorz/unitree_go2_ws/install/go2_tf_bridge/share/go2_tf_bridge/environment/ament_prefix_path.sh
[6.069s] -- Installing: /home/yaorz/unitree_go2_ws/install/go2_tf_bridge/share/go2_tf_bridge/environment/ament_prefix_path.dsv
[6.069s] -- Installing: /home/yaorz/unitree_go2_ws/install/go2_tf_bridge/share/go2_tf_bridge/environment/path.sh
[6.069s] -- Installing: /home/yaorz/unitree_go2_ws/install/go2_tf_bridge/share/go2_tf_bridge/environment/path.dsv
[6.069s] -- Installing: /home/yaorz/unitree_go2_ws/install/go2_tf_bridge/share/go2_tf_bridge/local_setup.bash
[6.069s] -- Installing: /home/yaorz/unitree_go2_ws/install/go2_tf_bridge/share/go2_tf_bridge/local_setup.sh
[6.069s] -- Installing: /home/yaorz/unitree_go2_ws/install/go2_tf_bridge/share/go2_tf_bridge/local_setup.zsh
[6.069s] -- Installing: /home/yaorz/unitree_go2_ws/install/go2_tf_bridge/share/go2_tf_bridge/local_setup.dsv
[6.069s] -- Installing: /home/yaorz/unitree_go2_ws/install/go2_tf_bridge/share/go2_tf_bridge/package.dsv
[6.070s] -- Installing: /home/yaorz/unitree_go2_ws/install/go2_tf_bridge/share/ament_index/resource_index/packages/go2_tf_bridge
[6.070s] -- Installing: /home/yaorz/unitree_go2_ws/install/go2_tf_bridge/share/go2_tf_bridge/cmake/go2_tf_bridgeConfig.cmake
[6.070s] -- Installing: /home/yaorz/unitree_go2_ws/install/go2_tf_bridge/share/go2_tf_bridge/cmake/go2_tf_bridgeConfig-version.cmake
[6.070s] -- Installing: /home/yaorz/unitree_go2_ws/install/go2_tf_bridge/share/go2_tf_bridge/package.xml
[30.026s] Invoked command in '/home/yaorz/unitree_go2_ws/build/go2_tf_bridge' returned '0': CMAKE_PREFIX_PATH=${CMAKE_PREFIX_PATH}:/opt/ros/humble /usr/bin/cmake --install /home/yaorz/unitree_go2_ws/build/go2_tf_bridge
