[0.008s] Invoking command in '/home/yaorz/unitree_go2_ws/build/go2_safe_move': CMAKE_PREFIX_PATH=${CMAKE_PREFIX_PATH}:/opt/ros/humble /usr/bin/cmake /home/yaorz/unitree_go2_ws/src/go2_safe_move/go2_safe_move -DCMAKE_INSTALL_PREFIX=/home/yaorz/unitree_go2_ws/install/go2_safe_move
[0.054s] -- The C compiler identification is GNU 11.4.0
[0.092s] -- The CXX compiler identification is GNU 11.4.0
[0.097s] -- Detecting C compiler ABI info
[0.158s] -- Detecting C compiler ABI info - done
[0.162s] -- Check for working C compiler: /usr/bin/cc - skipped
[0.163s] -- Detecting C compile features
[0.163s] -- Detecting C compile features - done
[0.165s] -- Detecting CXX compiler ABI info
[0.235s] -- Detecting CXX compiler ABI info - done
[0.239s] -- Check for working CXX compiler: /usr/bin/c++ - skipped
[0.239s] -- Detecting CXX compile features
[0.240s] -- Detecting CXX compile features - done
[0.242s] -- Found ament_cmake: 1.3.14 (/opt/ros/humble/share/ament_cmake/cmake)
[0.345s] -- Found Python3: /usr/bin/python3 (found version "3.10.12") found components: Interpreter 
[0.417s] -- Found rclcpp: 16.0.19 (/opt/ros/humble/share/rclcpp/cmake)
[0.449s] -- Found rosidl_generator_c: 3.1.8 (/opt/ros/humble/share/rosidl_generator_c/cmake)
[0.453s] -- Found rosidl_adapter: 3.1.8 (/opt/ros/humble/share/rosidl_adapter/cmake)
[0.459s] -- Found rosidl_generator_cpp: 3.1.8 (/opt/ros/humble/share/rosidl_generator_cpp/cmake)
[0.467s] -- Using all available rosidl_typesupport_c: rosidl_typesupport_fastrtps_c;rosidl_typesupport_introspection_c
[0.477s] -- Using all available rosidl_typesupport_cpp: rosidl_typesupport_fastrtps_cpp;rosidl_typesupport_introspection_cpp
[0.517s] -- Found rmw_implementation_cmake: 6.1.2 (/opt/ros/humble/share/rmw_implementation_cmake/cmake)
[0.519s] -- Found rmw_cyclonedds_cpp: 1.3.4 (/home/yaorz/unitree_ros2/cyclonedds_ws/install/rmw_cyclonedds_cpp/share/rmw_cyclonedds_cpp/cmake)
[0.535s] -- Using RMW implementation 'rmw_cyclonedds_cpp' as default
[0.543s] -- Looking for pthread.h
[0.604s] -- Looking for pthread.h - found
[0.605s] -- Performing Test CMAKE_HAVE_LIBC_PTHREAD
[0.667s] -- Performing Test CMAKE_HAVE_LIBC_PTHREAD - Success
[0.669s] -- Found Threads: TRUE  
[0.701s] -- Found unitree_api: 0.0.0 (/home/yaorz/unitree_ros2/cyclonedds_ws/install/unitree_api/share/unitree_api/cmake)
[0.724s] -- Found ament_lint_auto: 0.12.15 (/opt/ros/humble/share/ament_lint_auto/cmake)
[0.778s] -- Added test 'cppcheck' to perform static code analysis on C / C++ code
[0.778s] -- Configured cppcheck include dirs: $<BUILD_INTERFACE:/home/yaorz/unitree_go2_ws/src/go2_safe_move/go2_safe_move/include>
[0.778s] -- Configured cppcheck exclude dirs and/or files: 
[0.778s] -- Added test 'lint_cmake' to check CMake code style
[0.779s] -- Added test 'uncrustify' to check C / C++ code style
[0.779s] -- Configured uncrustify additional arguments: 
[0.779s] -- Added test 'xmllint' to check XML markup files
[0.780s] -- Configuring done
[0.787s] -- Generating done
[0.789s] -- Build files have been written to: /home/yaorz/unitree_go2_ws/build/go2_safe_move
[0.796s] Invoked command in '/home/yaorz/unitree_go2_ws/build/go2_safe_move' returned '0': CMAKE_PREFIX_PATH=${CMAKE_PREFIX_PATH}:/opt/ros/humble /usr/bin/cmake /home/yaorz/unitree_go2_ws/src/go2_safe_move/go2_safe_move -DCMAKE_INSTALL_PREFIX=/home/yaorz/unitree_go2_ws/install/go2_safe_move
[0.798s] Invoking command in '/home/yaorz/unitree_go2_ws/build/go2_safe_move': CMAKE_PREFIX_PATH=${CMAKE_PREFIX_PATH}:/opt/ros/humble /usr/bin/cmake --build /home/yaorz/unitree_go2_ws/build/go2_safe_move -- -j16 -l16
[0.847s] [ 50%] [32mBuilding CXX object CMakeFiles/go2_safe_move.dir/src/go2_safe_move.cpp.o[0m
[3.695s] [100%] [32m[1mLinking CXX executable go2_safe_move[0m
[3.821s] [100%] Built target go2_safe_move
[3.833s] Invoked command in '/home/yaorz/unitree_go2_ws/build/go2_safe_move' returned '0': CMAKE_PREFIX_PATH=${CMAKE_PREFIX_PATH}:/opt/ros/humble /usr/bin/cmake --build /home/yaorz/unitree_go2_ws/build/go2_safe_move -- -j16 -l16
[3.843s] Invoking command in '/home/yaorz/unitree_go2_ws/build/go2_safe_move': CMAKE_PREFIX_PATH=${CMAKE_PREFIX_PATH}:/opt/ros/humble /usr/bin/cmake --install /home/yaorz/unitree_go2_ws/build/go2_safe_move
[3.849s] -- Install configuration: ""
[3.849s] -- Installing: /home/yaorz/unitree_go2_ws/install/go2_safe_move/lib/go2_safe_move/go2_safe_move
[3.850s] -- Set runtime path of "/home/yaorz/unitree_go2_ws/install/go2_safe_move/lib/go2_safe_move/go2_safe_move" to ""
[3.850s] -- Installing: /home/yaorz/unitree_go2_ws/install/go2_safe_move/share/ament_index/resource_index/package_run_dependencies/go2_safe_move
[3.850s] -- Installing: /home/yaorz/unitree_go2_ws/install/go2_safe_move/share/ament_index/resource_index/parent_prefix_path/go2_safe_move
[3.850s] -- Installing: /home/yaorz/unitree_go2_ws/install/go2_safe_move/share/go2_safe_move/environment/ament_prefix_path.sh
[3.850s] -- Installing: /home/yaorz/unitree_go2_ws/install/go2_safe_move/share/go2_safe_move/environment/ament_prefix_path.dsv
[3.850s] -- Installing: /home/yaorz/unitree_go2_ws/install/go2_safe_move/share/go2_safe_move/environment/path.sh
[3.851s] -- Installing: /home/yaorz/unitree_go2_ws/install/go2_safe_move/share/go2_safe_move/environment/path.dsv
[3.851s] -- Installing: /home/yaorz/unitree_go2_ws/install/go2_safe_move/share/go2_safe_move/local_setup.bash
[3.851s] -- Installing: /home/yaorz/unitree_go2_ws/install/go2_safe_move/share/go2_safe_move/local_setup.sh
[3.851s] -- Installing: /home/yaorz/unitree_go2_ws/install/go2_safe_move/share/go2_safe_move/local_setup.zsh
[3.851s] -- Installing: /home/yaorz/unitree_go2_ws/install/go2_safe_move/share/go2_safe_move/local_setup.dsv
[3.851s] -- Installing: /home/yaorz/unitree_go2_ws/install/go2_safe_move/share/go2_safe_move/package.dsv
[3.851s] -- Installing: /home/yaorz/unitree_go2_ws/install/go2_safe_move/share/ament_index/resource_index/packages/go2_safe_move
[3.851s] -- Installing: /home/yaorz/unitree_go2_ws/install/go2_safe_move/share/go2_safe_move/cmake/go2_safe_moveConfig.cmake
[3.851s] -- Installing: /home/yaorz/unitree_go2_ws/install/go2_safe_move/share/go2_safe_move/cmake/go2_safe_moveConfig-version.cmake
[3.851s] -- Installing: /home/yaorz/unitree_go2_ws/install/go2_safe_move/share/go2_safe_move/package.xml
[3.853s] Invoked command in '/home/yaorz/unitree_go2_ws/build/go2_safe_move' returned '0': CMAKE_PREFIX_PATH=${CMAKE_PREFIX_PATH}:/opt/ros/humble /usr/bin/cmake --install /home/yaorz/unitree_go2_ws/build/go2_safe_move
