[0.055s] DEBUG:colcon:Command line arguments: ['/usr/bin/colcon', 'build', '--packages-select', 'go2_tf_bridge', 'go2_slam_bringup']
[0.055s] DEBUG:colcon:Parsed command line arguments: Namespace(log_base=None, log_level=None, verb_name='build', build_base='build', install_base='install', merge_install=False, symlink_install=False, test_result_base=None, continue_on_error=False, executor='parallel', parallel_workers=16, event_handlers=None, ignore_user_meta=False, metas=['./colcon.meta'], base_paths=['.'], packages_ignore=None, packages_ignore_regex=None, paths=None, packages_up_to=None, packages_up_to_regex=None, packages_above=None, packages_above_and_dependencies=None, packages_above_depth=None, packages_select_by_dep=None, packages_skip_by_dep=None, packages_skip_up_to=None, packages_select_build_failed=False, packages_skip_build_finished=False, packages_select_test_failures=False, packages_skip_test_passed=False, packages_select=['go2_tf_bridge', 'go2_slam_bringup'], packages_skip=None, packages_select_regex=None, packages_skip_regex=None, packages_start=None, packages_end=None, allow_overriding=[], cmake_args=None, cmake_target=None, cmake_target_skip_unavailable=False, cmake_clean_cache=False, cmake_clean_first=False, cmake_force_configure=False, ament_cmake_args=None, catkin_cmake_args=None, catkin_skip_building_tests=False, verb_parser=<colcon_defaults.argument_parser.defaults.DefaultArgumentsDecorator object at 0x72edde7f43d0>, verb_extension=<colcon_core.verb.build.BuildVerb object at 0x72edde7b7df0>, main=<bound method BuildVerb.main of <colcon_core.verb.build.BuildVerb object at 0x72edde7b7df0>>)
[0.135s] Level 1:colcon.colcon_core.package_discovery:discover_packages(colcon_meta) check parameters
[0.135s] Level 1:colcon.colcon_core.package_discovery:discover_packages(recursive) check parameters
[0.135s] Level 1:colcon.colcon_core.package_discovery:discover_packages(ignore) check parameters
[0.135s] Level 1:colcon.colcon_core.package_discovery:discover_packages(path) check parameters
[0.135s] Level 1:colcon.colcon_core.package_discovery:discover_packages(colcon_meta) discover
[0.136s] Level 1:colcon.colcon_core.package_discovery:discover_packages(recursive) discover
[0.136s] INFO:colcon.colcon_core.package_discovery:Crawling recursively for packages in '/home/yaorz/unitree_go2_ws'
[0.136s] Level 1:colcon.colcon_core.package_identification:_identify(.) by extensions ['ignore', 'ignore_ament_install']
[0.136s] Level 1:colcon.colcon_core.package_identification:_identify(.) by extension 'ignore'
[0.136s] Level 1:colcon.colcon_core.package_identification:_identify(.) by extension 'ignore_ament_install'
[0.136s] Level 1:colcon.colcon_core.package_identification:_identify(.) by extensions ['colcon_pkg']
[0.136s] Level 1:colcon.colcon_core.package_identification:_identify(.) by extension 'colcon_pkg'
[0.136s] Level 1:colcon.colcon_core.package_identification:_identify(.) by extensions ['colcon_meta']
[0.136s] Level 1:colcon.colcon_core.package_identification:_identify(.) by extension 'colcon_meta'
[0.136s] Level 1:colcon.colcon_core.package_identification:_identify(.) by extensions ['ros']
[0.136s] Level 1:colcon.colcon_core.package_identification:_identify(.) by extension 'ros'
[0.142s] Level 1:colcon.colcon_core.package_identification:_identify(.) by extensions ['cmake', 'python']
[0.142s] Level 1:colcon.colcon_core.package_identification:_identify(.) by extension 'cmake'
[0.142s] Level 1:colcon.colcon_core.package_identification:_identify(.) by extension 'python'
[0.142s] Level 1:colcon.colcon_core.package_identification:_identify(.) by extensions ['python_setup_py']
[0.142s] Level 1:colcon.colcon_core.package_identification:_identify(.) by extension 'python_setup_py'
[0.142s] Level 1:colcon.colcon_core.package_identification:_identify(build) by extensions ['ignore', 'ignore_ament_install']
[0.142s] Level 1:colcon.colcon_core.package_identification:_identify(build) by extension 'ignore'
[0.142s] Level 1:colcon.colcon_core.package_identification:_identify(build) ignored
[0.142s] Level 1:colcon.colcon_core.package_identification:_identify(helper) by extensions ['ignore', 'ignore_ament_install']
[0.142s] Level 1:colcon.colcon_core.package_identification:_identify(helper) by extension 'ignore'
[0.142s] Level 1:colcon.colcon_core.package_identification:_identify(helper) by extension 'ignore_ament_install'
[0.142s] Level 1:colcon.colcon_core.package_identification:_identify(helper) by extensions ['colcon_pkg']
[0.142s] Level 1:colcon.colcon_core.package_identification:_identify(helper) by extension 'colcon_pkg'
[0.143s] Level 1:colcon.colcon_core.package_identification:_identify(helper) by extensions ['colcon_meta']
[0.143s] Level 1:colcon.colcon_core.package_identification:_identify(helper) by extension 'colcon_meta'
[0.143s] Level 1:colcon.colcon_core.package_identification:_identify(helper) by extensions ['ros']
[0.143s] Level 1:colcon.colcon_core.package_identification:_identify(helper) by extension 'ros'
[0.143s] Level 1:colcon.colcon_core.package_identification:_identify(helper) by extensions ['cmake', 'python']
[0.143s] Level 1:colcon.colcon_core.package_identification:_identify(helper) by extension 'cmake'
[0.143s] Level 1:colcon.colcon_core.package_identification:_identify(helper) by extension 'python'
[0.143s] Level 1:colcon.colcon_core.package_identification:_identify(helper) by extensions ['python_setup_py']
[0.143s] Level 1:colcon.colcon_core.package_identification:_identify(helper) by extension 'python_setup_py'
[0.143s] Level 1:colcon.colcon_core.package_identification:_identify(install) by extensions ['ignore', 'ignore_ament_install']
[0.143s] Level 1:colcon.colcon_core.package_identification:_identify(install) by extension 'ignore'
[0.143s] Level 1:colcon.colcon_core.package_identification:_identify(install) ignored
[0.143s] Level 1:colcon.colcon_core.package_identification:_identify(log) by extensions ['ignore', 'ignore_ament_install']
[0.143s] Level 1:colcon.colcon_core.package_identification:_identify(log) by extension 'ignore'
[0.143s] Level 1:colcon.colcon_core.package_identification:_identify(log) ignored
[0.143s] Level 1:colcon.colcon_core.package_identification:_identify(src) by extensions ['ignore', 'ignore_ament_install']
[0.143s] Level 1:colcon.colcon_core.package_identification:_identify(src) by extension 'ignore'
[0.143s] Level 1:colcon.colcon_core.package_identification:_identify(src) by extension 'ignore_ament_install'
[0.143s] Level 1:colcon.colcon_core.package_identification:_identify(src) by extensions ['colcon_pkg']
[0.143s] Level 1:colcon.colcon_core.package_identification:_identify(src) by extension 'colcon_pkg'
[0.143s] Level 1:colcon.colcon_core.package_identification:_identify(src) by extensions ['colcon_meta']
[0.143s] Level 1:colcon.colcon_core.package_identification:_identify(src) by extension 'colcon_meta'
[0.143s] Level 1:colcon.colcon_core.package_identification:_identify(src) by extensions ['ros']
[0.143s] Level 1:colcon.colcon_core.package_identification:_identify(src) by extension 'ros'
[0.143s] Level 1:colcon.colcon_core.package_identification:_identify(src) by extensions ['cmake', 'python']
[0.143s] Level 1:colcon.colcon_core.package_identification:_identify(src) by extension 'cmake'
[0.143s] Level 1:colcon.colcon_core.package_identification:_identify(src) by extension 'python'
[0.143s] Level 1:colcon.colcon_core.package_identification:_identify(src) by extensions ['python_setup_py']
[0.143s] Level 1:colcon.colcon_core.package_identification:_identify(src) by extension 'python_setup_py'
[0.143s] Level 1:colcon.colcon_core.package_identification:_identify(src/base) by extensions ['ignore', 'ignore_ament_install']
[0.143s] Level 1:colcon.colcon_core.package_identification:_identify(src/base) by extension 'ignore'
[0.143s] Level 1:colcon.colcon_core.package_identification:_identify(src/base) by extension 'ignore_ament_install'
[0.143s] Level 1:colcon.colcon_core.package_identification:_identify(src/base) by extensions ['colcon_pkg']
[0.143s] Level 1:colcon.colcon_core.package_identification:_identify(src/base) by extension 'colcon_pkg'
[0.143s] Level 1:colcon.colcon_core.package_identification:_identify(src/base) by extensions ['colcon_meta']
[0.143s] Level 1:colcon.colcon_core.package_identification:_identify(src/base) by extension 'colcon_meta'
[0.143s] Level 1:colcon.colcon_core.package_identification:_identify(src/base) by extensions ['ros']
[0.143s] Level 1:colcon.colcon_core.package_identification:_identify(src/base) by extension 'ros'
[0.143s] Level 1:colcon.colcon_core.package_identification:_identify(src/base) by extensions ['cmake', 'python']
[0.143s] Level 1:colcon.colcon_core.package_identification:_identify(src/base) by extension 'cmake'
[0.143s] Level 1:colcon.colcon_core.package_identification:_identify(src/base) by extension 'python'
[0.143s] Level 1:colcon.colcon_core.package_identification:_identify(src/base) by extensions ['python_setup_py']
[0.143s] Level 1:colcon.colcon_core.package_identification:_identify(src/base) by extension 'python_setup_py'
[0.143s] Level 1:colcon.colcon_core.package_identification:_identify(src/go2_lidar_filter) by extensions ['ignore', 'ignore_ament_install']
[0.143s] Level 1:colcon.colcon_core.package_identification:_identify(src/go2_lidar_filter) by extension 'ignore'
[0.143s] Level 1:colcon.colcon_core.package_identification:_identify(src/go2_lidar_filter) by extension 'ignore_ament_install'
[0.144s] Level 1:colcon.colcon_core.package_identification:_identify(src/go2_lidar_filter) by extensions ['colcon_pkg']
[0.144s] Level 1:colcon.colcon_core.package_identification:_identify(src/go2_lidar_filter) by extension 'colcon_pkg'
[0.144s] Level 1:colcon.colcon_core.package_identification:_identify(src/go2_lidar_filter) by extensions ['colcon_meta']
[0.144s] Level 1:colcon.colcon_core.package_identification:_identify(src/go2_lidar_filter) by extension 'colcon_meta'
[0.144s] Level 1:colcon.colcon_core.package_identification:_identify(src/go2_lidar_filter) by extensions ['ros']
[0.144s] Level 1:colcon.colcon_core.package_identification:_identify(src/go2_lidar_filter) by extension 'ros'
[0.145s] DEBUG:colcon.colcon_core.package_identification:Package 'src/go2_lidar_filter' with type 'ros.ament_cmake' and name 'go2_lidar_filter'
[0.145s] Level 1:colcon.colcon_core.package_identification:_identify(src/go2_lidar_snapshot) by extensions ['ignore', 'ignore_ament_install']
[0.145s] Level 1:colcon.colcon_core.package_identification:_identify(src/go2_lidar_snapshot) by extension 'ignore'
[0.145s] Level 1:colcon.colcon_core.package_identification:_identify(src/go2_lidar_snapshot) by extension 'ignore_ament_install'
[0.145s] Level 1:colcon.colcon_core.package_identification:_identify(src/go2_lidar_snapshot) by extensions ['colcon_pkg']
[0.145s] Level 1:colcon.colcon_core.package_identification:_identify(src/go2_lidar_snapshot) by extension 'colcon_pkg'
[0.145s] Level 1:colcon.colcon_core.package_identification:_identify(src/go2_lidar_snapshot) by extensions ['colcon_meta']
[0.145s] Level 1:colcon.colcon_core.package_identification:_identify(src/go2_lidar_snapshot) by extension 'colcon_meta'
[0.145s] Level 1:colcon.colcon_core.package_identification:_identify(src/go2_lidar_snapshot) by extensions ['ros']
[0.145s] Level 1:colcon.colcon_core.package_identification:_identify(src/go2_lidar_snapshot) by extension 'ros'
[0.145s] Level 1:colcon.colcon_core.package_identification:_identify(src/go2_lidar_snapshot) by extensions ['cmake', 'python']
[0.145s] Level 1:colcon.colcon_core.package_identification:_identify(src/go2_lidar_snapshot) by extension 'cmake'
[0.145s] Level 1:colcon.colcon_core.package_identification:_identify(src/go2_lidar_snapshot) by extension 'python'
[0.145s] Level 1:colcon.colcon_core.package_identification:_identify(src/go2_lidar_snapshot) by extensions ['python_setup_py']
[0.145s] Level 1:colcon.colcon_core.package_identification:_identify(src/go2_lidar_snapshot) by extension 'python_setup_py'
[0.145s] Level 1:colcon.colcon_core.package_identification:_identify(src/go2_lidar_snapshot/go2_lidar_snapshot) by extensions ['ignore', 'ignore_ament_install']
[0.145s] Level 1:colcon.colcon_core.package_identification:_identify(src/go2_lidar_snapshot/go2_lidar_snapshot) by extension 'ignore'
[0.145s] Level 1:colcon.colcon_core.package_identification:_identify(src/go2_lidar_snapshot/go2_lidar_snapshot) by extension 'ignore_ament_install'
[0.145s] Level 1:colcon.colcon_core.package_identification:_identify(src/go2_lidar_snapshot/go2_lidar_snapshot) by extensions ['colcon_pkg']
[0.145s] Level 1:colcon.colcon_core.package_identification:_identify(src/go2_lidar_snapshot/go2_lidar_snapshot) by extension 'colcon_pkg'
[0.145s] Level 1:colcon.colcon_core.package_identification:_identify(src/go2_lidar_snapshot/go2_lidar_snapshot) by extensions ['colcon_meta']
[0.145s] Level 1:colcon.colcon_core.package_identification:_identify(src/go2_lidar_snapshot/go2_lidar_snapshot) by extension 'colcon_meta'
[0.145s] Level 1:colcon.colcon_core.package_identification:_identify(src/go2_lidar_snapshot/go2_lidar_snapshot) by extensions ['ros']
[0.145s] Level 1:colcon.colcon_core.package_identification:_identify(src/go2_lidar_snapshot/go2_lidar_snapshot) by extension 'ros'
[0.146s] DEBUG:colcon.colcon_core.package_identification:Package 'src/go2_lidar_snapshot/go2_lidar_snapshot' with type 'ros.ament_cmake' and name 'go2_lidar_snapshot'
[0.146s] Level 1:colcon.colcon_core.package_identification:_identify(src/go2_safe_move) by extensions ['ignore', 'ignore_ament_install']
[0.146s] Level 1:colcon.colcon_core.package_identification:_identify(src/go2_safe_move) by extension 'ignore'
[0.146s] Level 1:colcon.colcon_core.package_identification:_identify(src/go2_safe_move) by extension 'ignore_ament_install'
[0.146s] Level 1:colcon.colcon_core.package_identification:_identify(src/go2_safe_move) by extensions ['colcon_pkg']
[0.146s] Level 1:colcon.colcon_core.package_identification:_identify(src/go2_safe_move) by extension 'colcon_pkg'
[0.146s] Level 1:colcon.colcon_core.package_identification:_identify(src/go2_safe_move) by extensions ['colcon_meta']
[0.146s] Level 1:colcon.colcon_core.package_identification:_identify(src/go2_safe_move) by extension 'colcon_meta'
[0.146s] Level 1:colcon.colcon_core.package_identification:_identify(src/go2_safe_move) by extensions ['ros']
[0.146s] Level 1:colcon.colcon_core.package_identification:_identify(src/go2_safe_move) by extension 'ros'
[0.146s] Level 1:colcon.colcon_core.package_identification:_identify(src/go2_safe_move) by extensions ['cmake', 'python']
[0.146s] Level 1:colcon.colcon_core.package_identification:_identify(src/go2_safe_move) by extension 'cmake'
[0.146s] Level 1:colcon.colcon_core.package_identification:_identify(src/go2_safe_move) by extension 'python'
[0.146s] Level 1:colcon.colcon_core.package_identification:_identify(src/go2_safe_move) by extensions ['python_setup_py']
[0.146s] Level 1:colcon.colcon_core.package_identification:_identify(src/go2_safe_move) by extension 'python_setup_py'
[0.146s] Level 1:colcon.colcon_core.package_identification:_identify(src/go2_safe_move/go2_safe_move) by extensions ['ignore', 'ignore_ament_install']
[0.146s] Level 1:colcon.colcon_core.package_identification:_identify(src/go2_safe_move/go2_safe_move) by extension 'ignore'
[0.146s] Level 1:colcon.colcon_core.package_identification:_identify(src/go2_safe_move/go2_safe_move) by extension 'ignore_ament_install'
[0.146s] Level 1:colcon.colcon_core.package_identification:_identify(src/go2_safe_move/go2_safe_move) by extensions ['colcon_pkg']
[0.146s] Level 1:colcon.colcon_core.package_identification:_identify(src/go2_safe_move/go2_safe_move) by extension 'colcon_pkg'
[0.146s] Level 1:colcon.colcon_core.package_identification:_identify(src/go2_safe_move/go2_safe_move) by extensions ['colcon_meta']
[0.146s] Level 1:colcon.colcon_core.package_identification:_identify(src/go2_safe_move/go2_safe_move) by extension 'colcon_meta'
[0.146s] Level 1:colcon.colcon_core.package_identification:_identify(src/go2_safe_move/go2_safe_move) by extensions ['ros']
[0.146s] Level 1:colcon.colcon_core.package_identification:_identify(src/go2_safe_move/go2_safe_move) by extension 'ros'
[0.147s] DEBUG:colcon.colcon_core.package_identification:Package 'src/go2_safe_move/go2_safe_move' with type 'ros.ament_cmake' and name 'go2_safe_move'
[0.147s] Level 1:colcon.colcon_core.package_identification:_identify(src/go2_slam_bringup) by extensions ['ignore', 'ignore_ament_install']
[0.147s] Level 1:colcon.colcon_core.package_identification:_identify(src/go2_slam_bringup) by extension 'ignore'
[0.147s] Level 1:colcon.colcon_core.package_identification:_identify(src/go2_slam_bringup) by extension 'ignore_ament_install'
[0.147s] Level 1:colcon.colcon_core.package_identification:_identify(src/go2_slam_bringup) by extensions ['colcon_pkg']
[0.147s] Level 1:colcon.colcon_core.package_identification:_identify(src/go2_slam_bringup) by extension 'colcon_pkg'
[0.147s] Level 1:colcon.colcon_core.package_identification:_identify(src/go2_slam_bringup) by extensions ['colcon_meta']
[0.147s] Level 1:colcon.colcon_core.package_identification:_identify(src/go2_slam_bringup) by extension 'colcon_meta'
[0.147s] Level 1:colcon.colcon_core.package_identification:_identify(src/go2_slam_bringup) by extensions ['ros']
[0.147s] Level 1:colcon.colcon_core.package_identification:_identify(src/go2_slam_bringup) by extension 'ros'
[0.147s] DEBUG:colcon.colcon_core.package_identification:Package 'src/go2_slam_bringup' with type 'ros.ament_cmake' and name 'go2_slam_bringup'
[0.147s] Level 1:colcon.colcon_core.package_identification:_identify(src/go2_sport_test) by extensions ['ignore', 'ignore_ament_install']
[0.147s] Level 1:colcon.colcon_core.package_identification:_identify(src/go2_sport_test) by extension 'ignore'
[0.147s] Level 1:colcon.colcon_core.package_identification:_identify(src/go2_sport_test) by extension 'ignore_ament_install'
[0.147s] Level 1:colcon.colcon_core.package_identification:_identify(src/go2_sport_test) by extensions ['colcon_pkg']
[0.147s] Level 1:colcon.colcon_core.package_identification:_identify(src/go2_sport_test) by extension 'colcon_pkg'
[0.147s] Level 1:colcon.colcon_core.package_identification:_identify(src/go2_sport_test) by extensions ['colcon_meta']
[0.147s] Level 1:colcon.colcon_core.package_identification:_identify(src/go2_sport_test) by extension 'colcon_meta'
[0.147s] Level 1:colcon.colcon_core.package_identification:_identify(src/go2_sport_test) by extensions ['ros']
[0.147s] Level 1:colcon.colcon_core.package_identification:_identify(src/go2_sport_test) by extension 'ros'
[0.147s] Level 1:colcon.colcon_core.package_identification:_identify(src/go2_sport_test) by extensions ['cmake', 'python']
[0.148s] Level 1:colcon.colcon_core.package_identification:_identify(src/go2_sport_test) by extension 'cmake'
[0.148s] Level 1:colcon.colcon_core.package_identification:_identify(src/go2_sport_test) by extension 'python'
[0.148s] Level 1:colcon.colcon_core.package_identification:_identify(src/go2_sport_test) by extensions ['python_setup_py']
[0.148s] Level 1:colcon.colcon_core.package_identification:_identify(src/go2_sport_test) by extension 'python_setup_py'
[0.148s] Level 1:colcon.colcon_core.package_identification:_identify(src/go2_sport_test/go2_sport_test) by extensions ['ignore', 'ignore_ament_install']
[0.148s] Level 1:colcon.colcon_core.package_identification:_identify(src/go2_sport_test/go2_sport_test) by extension 'ignore'
[0.148s] Level 1:colcon.colcon_core.package_identification:_identify(src/go2_sport_test/go2_sport_test) by extension 'ignore_ament_install'
[0.148s] Level 1:colcon.colcon_core.package_identification:_identify(src/go2_sport_test/go2_sport_test) by extensions ['colcon_pkg']
[0.148s] Level 1:colcon.colcon_core.package_identification:_identify(src/go2_sport_test/go2_sport_test) by extension 'colcon_pkg'
[0.148s] Level 1:colcon.colcon_core.package_identification:_identify(src/go2_sport_test/go2_sport_test) by extensions ['colcon_meta']
[0.148s] Level 1:colcon.colcon_core.package_identification:_identify(src/go2_sport_test/go2_sport_test) by extension 'colcon_meta'
[0.148s] Level 1:colcon.colcon_core.package_identification:_identify(src/go2_sport_test/go2_sport_test) by extensions ['ros']
[0.148s] Level 1:colcon.colcon_core.package_identification:_identify(src/go2_sport_test/go2_sport_test) by extension 'ros'
[0.148s] DEBUG:colcon.colcon_core.package_identification:Package 'src/go2_sport_test/go2_sport_test' with type 'ros.ament_cmake' and name 'go2_sport_test'
[0.148s] Level 1:colcon.colcon_core.package_identification:_identify(src/go2_state_logger) by extensions ['ignore', 'ignore_ament_install']
[0.148s] Level 1:colcon.colcon_core.package_identification:_identify(src/go2_state_logger) by extension 'ignore'
[0.148s] Level 1:colcon.colcon_core.package_identification:_identify(src/go2_state_logger) by extension 'ignore_ament_install'
[0.148s] Level 1:colcon.colcon_core.package_identification:_identify(src/go2_state_logger) by extensions ['colcon_pkg']
[0.148s] Level 1:colcon.colcon_core.package_identification:_identify(src/go2_state_logger) by extension 'colcon_pkg'
[0.148s] Level 1:colcon.colcon_core.package_identification:_identify(src/go2_state_logger) by extensions ['colcon_meta']
[0.148s] Level 1:colcon.colcon_core.package_identification:_identify(src/go2_state_logger) by extension 'colcon_meta'
[0.148s] Level 1:colcon.colcon_core.package_identification:_identify(src/go2_state_logger) by extensions ['ros']
[0.148s] Level 1:colcon.colcon_core.package_identification:_identify(src/go2_state_logger) by extension 'ros'
[0.148s] Level 1:colcon.colcon_core.package_identification:_identify(src/go2_state_logger) by extensions ['cmake', 'python']
[0.148s] Level 1:colcon.colcon_core.package_identification:_identify(src/go2_state_logger) by extension 'cmake'
[0.148s] Level 1:colcon.colcon_core.package_identification:_identify(src/go2_state_logger) by extension 'python'
[0.148s] Level 1:colcon.colcon_core.package_identification:_identify(src/go2_state_logger) by extensions ['python_setup_py']
[0.148s] Level 1:colcon.colcon_core.package_identification:_identify(src/go2_state_logger) by extension 'python_setup_py'
[0.148s] Level 1:colcon.colcon_core.package_identification:_identify(src/go2_state_logger/go2_state_logger) by extensions ['ignore', 'ignore_ament_install']
[0.148s] Level 1:colcon.colcon_core.package_identification:_identify(src/go2_state_logger/go2_state_logger) by extension 'ignore'
[0.149s] Level 1:colcon.colcon_core.package_identification:_identify(src/go2_state_logger/go2_state_logger) by extension 'ignore_ament_install'
[0.149s] Level 1:colcon.colcon_core.package_identification:_identify(src/go2_state_logger/go2_state_logger) by extensions ['colcon_pkg']
[0.149s] Level 1:colcon.colcon_core.package_identification:_identify(src/go2_state_logger/go2_state_logger) by extension 'colcon_pkg'
[0.149s] Level 1:colcon.colcon_core.package_identification:_identify(src/go2_state_logger/go2_state_logger) by extensions ['colcon_meta']
[0.149s] Level 1:colcon.colcon_core.package_identification:_identify(src/go2_state_logger/go2_state_logger) by extension 'colcon_meta'
[0.149s] Level 1:colcon.colcon_core.package_identification:_identify(src/go2_state_logger/go2_state_logger) by extensions ['ros']
[0.149s] Level 1:colcon.colcon_core.package_identification:_identify(src/go2_state_logger/go2_state_logger) by extension 'ros'
[0.149s] DEBUG:colcon.colcon_core.package_identification:Package 'src/go2_state_logger/go2_state_logger' with type 'ros.ament_cmake' and name 'go2_state_logger'
[0.149s] Level 1:colcon.colcon_core.package_identification:_identify(src/go2_tf_bridge) by extensions ['ignore', 'ignore_ament_install']
[0.149s] Level 1:colcon.colcon_core.package_identification:_identify(src/go2_tf_bridge) by extension 'ignore'
[0.149s] Level 1:colcon.colcon_core.package_identification:_identify(src/go2_tf_bridge) by extension 'ignore_ament_install'
[0.149s] Level 1:colcon.colcon_core.package_identification:_identify(src/go2_tf_bridge) by extensions ['colcon_pkg']
[0.149s] Level 1:colcon.colcon_core.package_identification:_identify(src/go2_tf_bridge) by extension 'colcon_pkg'
[0.149s] Level 1:colcon.colcon_core.package_identification:_identify(src/go2_tf_bridge) by extensions ['colcon_meta']
[0.149s] Level 1:colcon.colcon_core.package_identification:_identify(src/go2_tf_bridge) by extension 'colcon_meta'
[0.149s] Level 1:colcon.colcon_core.package_identification:_identify(src/go2_tf_bridge) by extensions ['ros']
[0.149s] Level 1:colcon.colcon_core.package_identification:_identify(src/go2_tf_bridge) by extension 'ros'
[0.150s] DEBUG:colcon.colcon_core.package_identification:Package 'src/go2_tf_bridge' with type 'ros.ament_cmake' and name 'go2_tf_bridge'
[0.150s] Level 1:colcon.colcon_core.package_identification:_identify(src/helloworld) by extensions ['ignore', 'ignore_ament_install']
[0.150s] Level 1:colcon.colcon_core.package_identification:_identify(src/helloworld) by extension 'ignore'
[0.150s] Level 1:colcon.colcon_core.package_identification:_identify(src/helloworld) by extension 'ignore_ament_install'
[0.150s] Level 1:colcon.colcon_core.package_identification:_identify(src/helloworld) by extensions ['colcon_pkg']
[0.150s] Level 1:colcon.colcon_core.package_identification:_identify(src/helloworld) by extension 'colcon_pkg'
[0.150s] Level 1:colcon.colcon_core.package_identification:_identify(src/helloworld) by extensions ['colcon_meta']
[0.150s] Level 1:colcon.colcon_core.package_identification:_identify(src/helloworld) by extension 'colcon_meta'
[0.150s] Level 1:colcon.colcon_core.package_identification:_identify(src/helloworld) by extensions ['ros']
[0.150s] Level 1:colcon.colcon_core.package_identification:_identify(src/helloworld) by extension 'ros'
[0.150s] Level 1:colcon.colcon_core.package_identification:_identify(src/helloworld) by extensions ['cmake', 'python']
[0.150s] Level 1:colcon.colcon_core.package_identification:_identify(src/helloworld) by extension 'cmake'
[0.150s] Level 1:colcon.colcon_core.package_identification:_identify(src/helloworld) by extension 'python'
[0.150s] Level 1:colcon.colcon_core.package_identification:_identify(src/helloworld) by extensions ['python_setup_py']
[0.150s] Level 1:colcon.colcon_core.package_identification:_identify(src/helloworld) by extension 'python_setup_py'
[0.150s] Level 1:colcon.colcon_core.package_identification:_identify(src/helloworld/helloworld) by extensions ['ignore', 'ignore_ament_install']
[0.150s] Level 1:colcon.colcon_core.package_identification:_identify(src/helloworld/helloworld) by extension 'ignore'
[0.150s] Level 1:colcon.colcon_core.package_identification:_identify(src/helloworld/helloworld) by extension 'ignore_ament_install'
[0.150s] Level 1:colcon.colcon_core.package_identification:_identify(src/helloworld/helloworld) by extensions ['colcon_pkg']
[0.150s] Level 1:colcon.colcon_core.package_identification:_identify(src/helloworld/helloworld) by extension 'colcon_pkg'
[0.150s] Level 1:colcon.colcon_core.package_identification:_identify(src/helloworld/helloworld) by extensions ['colcon_meta']
[0.150s] Level 1:colcon.colcon_core.package_identification:_identify(src/helloworld/helloworld) by extension 'colcon_meta'
[0.150s] Level 1:colcon.colcon_core.package_identification:_identify(src/helloworld/helloworld) by extensions ['ros']
[0.150s] Level 1:colcon.colcon_core.package_identification:_identify(src/helloworld/helloworld) by extension 'ros'
[0.151s] DEBUG:colcon.colcon_core.package_identification:Package 'src/helloworld/helloworld' with type 'ros.ament_cmake' and name 'helloworld'
[0.151s] Level 1:colcon.colcon_core.package_discovery:discover_packages(recursive) using defaults
[0.151s] Level 1:colcon.colcon_core.package_discovery:discover_packages(ignore) discover
[0.151s] Level 1:colcon.colcon_core.package_discovery:discover_packages(ignore) using defaults
[0.151s] Level 1:colcon.colcon_core.package_discovery:discover_packages(path) discover
[0.151s] Level 1:colcon.colcon_core.package_discovery:discover_packages(path) using defaults
[0.162s] INFO:colcon.colcon_core.package_selection:Skipping not selected package 'go2_lidar_filter' in 'src/go2_lidar_filter'
[0.162s] INFO:colcon.colcon_core.package_selection:Skipping not selected package 'go2_lidar_snapshot' in 'src/go2_lidar_snapshot/go2_lidar_snapshot'
[0.162s] INFO:colcon.colcon_core.package_selection:Skipping not selected package 'go2_safe_move' in 'src/go2_safe_move/go2_safe_move'
[0.162s] INFO:colcon.colcon_core.package_selection:Skipping not selected package 'go2_sport_test' in 'src/go2_sport_test/go2_sport_test'
[0.162s] INFO:colcon.colcon_core.package_selection:Skipping not selected package 'go2_state_logger' in 'src/go2_state_logger/go2_state_logger'
[0.162s] INFO:colcon.colcon_core.package_selection:Skipping not selected package 'helloworld' in 'src/helloworld/helloworld'
[0.163s] Level 1:colcon.colcon_core.package_discovery:discover_packages(prefix_path) check parameters
[0.163s] Level 1:colcon.colcon_core.package_discovery:discover_packages(prefix_path) discover
[0.164s] DEBUG:colcon.colcon_installed_package_information.package_discovery:Found 8 installed packages in /home/yaorz/unitree_go2_ws/install
[0.164s] DEBUG:colcon.colcon_installed_package_information.package_discovery:Found 5 installed packages in /home/yaorz/unitree_ros2/cyclonedds_ws/install
[0.165s] DEBUG:colcon.colcon_installed_package_information.package_discovery:Found 284 installed packages in /opt/ros/humble
[0.173s] Level 1:colcon.colcon_core.package_discovery:discover_packages(prefix_path) using defaults
[0.192s] Level 5:colcon.colcon_core.verb:set package 'go2_tf_bridge' build argument 'cmake_args' from command line to 'None'
[0.192s] Level 5:colcon.colcon_core.verb:set package 'go2_tf_bridge' build argument 'cmake_target' from command line to 'None'
[0.192s] Level 5:colcon.colcon_core.verb:set package 'go2_tf_bridge' build argument 'cmake_target_skip_unavailable' from command line to 'False'
[0.192s] Level 5:colcon.colcon_core.verb:set package 'go2_tf_bridge' build argument 'cmake_clean_cache' from command line to 'False'
[0.192s] Level 5:colcon.colcon_core.verb:set package 'go2_tf_bridge' build argument 'cmake_clean_first' from command line to 'False'
[0.193s] Level 5:colcon.colcon_core.verb:set package 'go2_tf_bridge' build argument 'cmake_force_configure' from command line to 'False'
[0.193s] Level 5:colcon.colcon_core.verb:set package 'go2_tf_bridge' build argument 'ament_cmake_args' from command line to 'None'
[0.193s] Level 5:colcon.colcon_core.verb:set package 'go2_tf_bridge' build argument 'catkin_cmake_args' from command line to 'None'
[0.193s] Level 5:colcon.colcon_core.verb:set package 'go2_tf_bridge' build argument 'catkin_skip_building_tests' from command line to 'False'
[0.193s] DEBUG:colcon.colcon_core.verb:Building package 'go2_tf_bridge' with the following arguments: {'ament_cmake_args': None, 'build_base': '/home/yaorz/unitree_go2_ws/build/go2_tf_bridge', 'catkin_cmake_args': None, 'catkin_skip_building_tests': False, 'cmake_args': None, 'cmake_clean_cache': False, 'cmake_clean_first': False, 'cmake_force_configure': False, 'cmake_target': None, 'cmake_target_skip_unavailable': False, 'install_base': '/home/yaorz/unitree_go2_ws/install/go2_tf_bridge', 'merge_install': False, 'path': '/home/yaorz/unitree_go2_ws/src/go2_tf_bridge', 'symlink_install': False, 'test_result_base': None}
[0.193s] Level 5:colcon.colcon_core.verb:set package 'go2_slam_bringup' build argument 'cmake_args' from command line to 'None'
[0.193s] Level 5:colcon.colcon_core.verb:set package 'go2_slam_bringup' build argument 'cmake_target' from command line to 'None'
[0.193s] Level 5:colcon.colcon_core.verb:set package 'go2_slam_bringup' build argument 'cmake_target_skip_unavailable' from command line to 'False'
[0.193s] Level 5:colcon.colcon_core.verb:set package 'go2_slam_bringup' build argument 'cmake_clean_cache' from command line to 'False'
[0.193s] Level 5:colcon.colcon_core.verb:set package 'go2_slam_bringup' build argument 'cmake_clean_first' from command line to 'False'
[0.193s] Level 5:colcon.colcon_core.verb:set package 'go2_slam_bringup' build argument 'cmake_force_configure' from command line to 'False'
[0.193s] Level 5:colcon.colcon_core.verb:set package 'go2_slam_bringup' build argument 'ament_cmake_args' from command line to 'None'
[0.193s] Level 5:colcon.colcon_core.verb:set package 'go2_slam_bringup' build argument 'catkin_cmake_args' from command line to 'None'
[0.193s] Level 5:colcon.colcon_core.verb:set package 'go2_slam_bringup' build argument 'catkin_skip_building_tests' from command line to 'False'
[0.193s] DEBUG:colcon.colcon_core.verb:Building package 'go2_slam_bringup' with the following arguments: {'ament_cmake_args': None, 'build_base': '/home/yaorz/unitree_go2_ws/build/go2_slam_bringup', 'catkin_cmake_args': None, 'catkin_skip_building_tests': False, 'cmake_args': None, 'cmake_clean_cache': False, 'cmake_clean_first': False, 'cmake_force_configure': False, 'cmake_target': None, 'cmake_target_skip_unavailable': False, 'install_base': '/home/yaorz/unitree_go2_ws/install/go2_slam_bringup', 'merge_install': False, 'path': '/home/yaorz/unitree_go2_ws/src/go2_slam_bringup', 'symlink_install': False, 'test_result_base': None}
[0.193s] INFO:colcon.colcon_core.executor:Executing jobs using 'parallel' executor
[0.194s] DEBUG:colcon.colcon_parallel_executor.executor.parallel:run_until_complete
[0.194s] INFO:colcon.colcon_ros.task.ament_cmake.build:Building ROS package in '/home/yaorz/unitree_go2_ws/src/go2_tf_bridge' with build type 'ament_cmake'
[0.194s] INFO:colcon.colcon_cmake.task.cmake.build:Building CMake package in '/home/yaorz/unitree_go2_ws/src/go2_tf_bridge'
[0.195s] INFO:colcon.colcon_core.plugin_system:Skipping extension 'colcon_core.shell.bat': Not used on non-Windows systems
[0.195s] INFO:colcon.colcon_core.shell:Skip shell extension 'powershell' for command environment: Not usable outside of PowerShell
[0.195s] DEBUG:colcon.colcon_core.shell:Skip shell extension 'dsv' for command environment
[0.204s] DEBUG:colcon.colcon_core.event_handler.log_command:Invoking command in '/home/yaorz/unitree_go2_ws/build/go2_tf_bridge': CMAKE_PREFIX_PATH=${CMAKE_PREFIX_PATH}:/opt/ros/humble /usr/bin/cmake --build /home/yaorz/unitree_go2_ws/build/go2_tf_bridge -- -j16 -l16
[30.221s] DEBUG:colcon.colcon_core.event_handler.log_command:Invoked command in '/home/yaorz/unitree_go2_ws/build/go2_tf_bridge' returned '0': CMAKE_PREFIX_PATH=${CMAKE_PREFIX_PATH}:/opt/ros/humble /usr/bin/cmake --build /home/yaorz/unitree_go2_ws/build/go2_tf_bridge -- -j16 -l16
[30.232s] DEBUG:colcon.colcon_core.event_handler.log_command:Invoking command in '/home/yaorz/unitree_go2_ws/build/go2_tf_bridge': CMAKE_PREFIX_PATH=${CMAKE_PREFIX_PATH}:/opt/ros/humble /usr/bin/cmake --install /home/yaorz/unitree_go2_ws/build/go2_tf_bridge
[30.241s] Level 1:colcon.colcon_core.environment:create_environment_scripts_only(go2_tf_bridge)
[30.242s] DEBUG:colcon.colcon_core.event_handler.log_command:Invoked command in '/home/yaorz/unitree_go2_ws/build/go2_tf_bridge' returned '0': CMAKE_PREFIX_PATH=${CMAKE_PREFIX_PATH}:/opt/ros/humble /usr/bin/cmake --install /home/yaorz/unitree_go2_ws/build/go2_tf_bridge
[30.245s] Level 1:colcon.colcon_core.environment:checking '/home/yaorz/unitree_go2_ws/install/go2_tf_bridge' for CMake module files
[30.246s] Level 1:colcon.colcon_core.environment:checking '/home/yaorz/unitree_go2_ws/install/go2_tf_bridge' for CMake config files
[30.246s] Level 1:colcon.colcon_core.shell:create_environment_hook('go2_tf_bridge', 'cmake_prefix_path')
[30.247s] INFO:colcon.colcon_core.shell:Creating environment hook '/home/yaorz/unitree_go2_ws/install/go2_tf_bridge/share/go2_tf_bridge/hook/cmake_prefix_path.ps1'
[30.248s] INFO:colcon.colcon_core.shell:Creating environment descriptor '/home/yaorz/unitree_go2_ws/install/go2_tf_bridge/share/go2_tf_bridge/hook/cmake_prefix_path.dsv'
[30.248s] INFO:colcon.colcon_core.shell:Creating environment hook '/home/yaorz/unitree_go2_ws/install/go2_tf_bridge/share/go2_tf_bridge/hook/cmake_prefix_path.sh'
[30.250s] Level 1:colcon.colcon_core.environment:checking '/home/yaorz/unitree_go2_ws/install/go2_tf_bridge/lib'
[30.250s] Level 1:colcon.colcon_core.environment:checking '/home/yaorz/unitree_go2_ws/install/go2_tf_bridge/bin'
[30.250s] Level 1:colcon.colcon_core.environment:checking '/home/yaorz/unitree_go2_ws/install/go2_tf_bridge/lib/pkgconfig/go2_tf_bridge.pc'
[30.250s] Level 1:colcon.colcon_core.environment:checking '/home/yaorz/unitree_go2_ws/install/go2_tf_bridge/lib/python3.10/site-packages'
[30.251s] Level 1:colcon.colcon_core.environment:checking '/home/yaorz/unitree_go2_ws/install/go2_tf_bridge/bin'
[30.251s] INFO:colcon.colcon_core.shell:Creating package script '/home/yaorz/unitree_go2_ws/install/go2_tf_bridge/share/go2_tf_bridge/package.ps1'
[30.253s] INFO:colcon.colcon_core.shell:Creating package descriptor '/home/yaorz/unitree_go2_ws/install/go2_tf_bridge/share/go2_tf_bridge/package.dsv'
[30.254s] INFO:colcon.colcon_core.shell:Creating package script '/home/yaorz/unitree_go2_ws/install/go2_tf_bridge/share/go2_tf_bridge/package.sh'
[30.255s] INFO:colcon.colcon_core.shell:Creating package script '/home/yaorz/unitree_go2_ws/install/go2_tf_bridge/share/go2_tf_bridge/package.bash'
[30.256s] INFO:colcon.colcon_core.shell:Creating package script '/home/yaorz/unitree_go2_ws/install/go2_tf_bridge/share/go2_tf_bridge/package.zsh'
[30.265s] Level 1:colcon.colcon_core.environment:create_file_with_runtime_dependencies(/home/yaorz/unitree_go2_ws/install/go2_tf_bridge/share/colcon-core/packages/go2_tf_bridge)
[30.266s] Level 1:colcon.colcon_core.environment:create_environment_scripts_only(go2_tf_bridge)
[30.266s] Level 1:colcon.colcon_core.environment:checking '/home/yaorz/unitree_go2_ws/install/go2_tf_bridge' for CMake module files
[30.267s] Level 1:colcon.colcon_core.environment:checking '/home/yaorz/unitree_go2_ws/install/go2_tf_bridge' for CMake config files
[30.267s] Level 1:colcon.colcon_core.shell:create_environment_hook('go2_tf_bridge', 'cmake_prefix_path')
[30.268s] INFO:colcon.colcon_core.shell:Creating environment hook '/home/yaorz/unitree_go2_ws/install/go2_tf_bridge/share/go2_tf_bridge/hook/cmake_prefix_path.ps1'
[30.268s] INFO:colcon.colcon_core.shell:Creating environment descriptor '/home/yaorz/unitree_go2_ws/install/go2_tf_bridge/share/go2_tf_bridge/hook/cmake_prefix_path.dsv'
[30.269s] INFO:colcon.colcon_core.shell:Creating environment hook '/home/yaorz/unitree_go2_ws/install/go2_tf_bridge/share/go2_tf_bridge/hook/cmake_prefix_path.sh'
[30.270s] Level 1:colcon.colcon_core.environment:checking '/home/yaorz/unitree_go2_ws/install/go2_tf_bridge/lib'
[30.270s] Level 1:colcon.colcon_core.environment:checking '/home/yaorz/unitree_go2_ws/install/go2_tf_bridge/bin'
[30.270s] Level 1:colcon.colcon_core.environment:checking '/home/yaorz/unitree_go2_ws/install/go2_tf_bridge/lib/pkgconfig/go2_tf_bridge.pc'
[30.270s] Level 1:colcon.colcon_core.environment:checking '/home/yaorz/unitree_go2_ws/install/go2_tf_bridge/lib/python3.10/site-packages'
[30.271s] Level 1:colcon.colcon_core.environment:checking '/home/yaorz/unitree_go2_ws/install/go2_tf_bridge/bin'
[30.271s] INFO:colcon.colcon_core.shell:Creating package script '/home/yaorz/unitree_go2_ws/install/go2_tf_bridge/share/go2_tf_bridge/package.ps1'
[30.272s] INFO:colcon.colcon_core.shell:Creating package descriptor '/home/yaorz/unitree_go2_ws/install/go2_tf_bridge/share/go2_tf_bridge/package.dsv'
[30.273s] INFO:colcon.colcon_core.shell:Creating package script '/home/yaorz/unitree_go2_ws/install/go2_tf_bridge/share/go2_tf_bridge/package.sh'
[30.274s] INFO:colcon.colcon_core.shell:Creating package script '/home/yaorz/unitree_go2_ws/install/go2_tf_bridge/share/go2_tf_bridge/package.bash'
[30.274s] INFO:colcon.colcon_core.shell:Creating package script '/home/yaorz/unitree_go2_ws/install/go2_tf_bridge/share/go2_tf_bridge/package.zsh'
[30.275s] Level 1:colcon.colcon_core.environment:create_file_with_runtime_dependencies(/home/yaorz/unitree_go2_ws/install/go2_tf_bridge/share/colcon-core/packages/go2_tf_bridge)
[30.275s] INFO:colcon.colcon_ros.task.ament_cmake.build:Building ROS package in '/home/yaorz/unitree_go2_ws/src/go2_slam_bringup' with build type 'ament_cmake'
[30.276s] INFO:colcon.colcon_cmake.task.cmake.build:Building CMake package in '/home/yaorz/unitree_go2_ws/src/go2_slam_bringup'
[30.276s] INFO:colcon.colcon_core.shell:Skip shell extension 'powershell' for command environment: Not usable outside of PowerShell
[30.276s] DEBUG:colcon.colcon_core.shell:Skip shell extension 'dsv' for command environment
[30.292s] DEBUG:colcon.colcon_core.event_handler.log_command:Invoking command in '/home/yaorz/unitree_go2_ws/build/go2_slam_bringup': CMAKE_PREFIX_PATH=/home/yaorz/unitree_go2_ws/install/go2_tf_bridge:/home/yaorz/unitree_go2_ws/install/helloworld:/home/yaorz/unitree_go2_ws/install/go2_slam_bringup:/home/yaorz/unitree_go2_ws/install/go2_state_logger:/home/yaorz/unitree_go2_ws/install/go2_sport_test:/home/yaorz/unitree_go2_ws/install/go2_safe_move:/home/yaorz/unitree_go2_ws/install/go2_lidar_snapshot:/home/yaorz/unitree_go2_ws/install/go2_lidar_filter:/home/yaorz/unitree_ros2/cyclonedds_ws/install/unitree_hg:/home/yaorz/unitree_ros2/cyclonedds_ws/install/unitree_go:/home/yaorz/unitree_ros2/cyclonedds_ws/install/unitree_api:/home/yaorz/unitree_ros2/cyclonedds_ws/install/rmw_cyclonedds_cpp:/home/yaorz/unitree_ros2/cyclonedds_ws/install/cyclonedds:/opt/ros/humble /usr/bin/cmake --build /home/yaorz/unitree_go2_ws/build/go2_slam_bringup -- -j16 -l16
[30.323s] DEBUG:colcon.colcon_core.event_handler.log_command:Invoked command in '/home/yaorz/unitree_go2_ws/build/go2_slam_bringup' returned '0': CMAKE_PREFIX_PATH=/home/yaorz/unitree_go2_ws/install/go2_tf_bridge:/home/yaorz/unitree_go2_ws/install/helloworld:/home/yaorz/unitree_go2_ws/install/go2_slam_bringup:/home/yaorz/unitree_go2_ws/install/go2_state_logger:/home/yaorz/unitree_go2_ws/install/go2_sport_test:/home/yaorz/unitree_go2_ws/install/go2_safe_move:/home/yaorz/unitree_go2_ws/install/go2_lidar_snapshot:/home/yaorz/unitree_go2_ws/install/go2_lidar_filter:/home/yaorz/unitree_ros2/cyclonedds_ws/install/unitree_hg:/home/yaorz/unitree_ros2/cyclonedds_ws/install/unitree_go:/home/yaorz/unitree_ros2/cyclonedds_ws/install/unitree_api:/home/yaorz/unitree_ros2/cyclonedds_ws/install/rmw_cyclonedds_cpp:/home/yaorz/unitree_ros2/cyclonedds_ws/install/cyclonedds:/opt/ros/humble /usr/bin/cmake --build /home/yaorz/unitree_go2_ws/build/go2_slam_bringup -- -j16 -l16
[30.325s] DEBUG:colcon.colcon_core.event_handler.log_command:Invoking command in '/home/yaorz/unitree_go2_ws/build/go2_slam_bringup': CMAKE_PREFIX_PATH=/home/yaorz/unitree_go2_ws/install/go2_tf_bridge:/home/yaorz/unitree_go2_ws/install/helloworld:/home/yaorz/unitree_go2_ws/install/go2_slam_bringup:/home/yaorz/unitree_go2_ws/install/go2_state_logger:/home/yaorz/unitree_go2_ws/install/go2_sport_test:/home/yaorz/unitree_go2_ws/install/go2_safe_move:/home/yaorz/unitree_go2_ws/install/go2_lidar_snapshot:/home/yaorz/unitree_go2_ws/install/go2_lidar_filter:/home/yaorz/unitree_ros2/cyclonedds_ws/install/unitree_hg:/home/yaorz/unitree_ros2/cyclonedds_ws/install/unitree_go:/home/yaorz/unitree_ros2/cyclonedds_ws/install/unitree_api:/home/yaorz/unitree_ros2/cyclonedds_ws/install/rmw_cyclonedds_cpp:/home/yaorz/unitree_ros2/cyclonedds_ws/install/cyclonedds:/opt/ros/humble /usr/bin/cmake --install /home/yaorz/unitree_go2_ws/build/go2_slam_bringup
[30.333s] Level 1:colcon.colcon_core.environment:create_environment_scripts_only(go2_slam_bringup)
[30.333s] DEBUG:colcon.colcon_core.event_handler.log_command:Invoked command in '/home/yaorz/unitree_go2_ws/build/go2_slam_bringup' returned '0': CMAKE_PREFIX_PATH=/home/yaorz/unitree_go2_ws/install/go2_tf_bridge:/home/yaorz/unitree_go2_ws/install/helloworld:/home/yaorz/unitree_go2_ws/install/go2_slam_bringup:/home/yaorz/unitree_go2_ws/install/go2_state_logger:/home/yaorz/unitree_go2_ws/install/go2_sport_test:/home/yaorz/unitree_go2_ws/install/go2_safe_move:/home/yaorz/unitree_go2_ws/install/go2_lidar_snapshot:/home/yaorz/unitree_go2_ws/install/go2_lidar_filter:/home/yaorz/unitree_ros2/cyclonedds_ws/install/unitree_hg:/home/yaorz/unitree_ros2/cyclonedds_ws/install/unitree_go:/home/yaorz/unitree_ros2/cyclonedds_ws/install/unitree_api:/home/yaorz/unitree_ros2/cyclonedds_ws/install/rmw_cyclonedds_cpp:/home/yaorz/unitree_ros2/cyclonedds_ws/install/cyclonedds:/opt/ros/humble /usr/bin/cmake --install /home/yaorz/unitree_go2_ws/build/go2_slam_bringup
[30.333s] Level 1:colcon.colcon_core.environment:checking '/home/yaorz/unitree_go2_ws/install/go2_slam_bringup' for CMake module files
[30.334s] Level 1:colcon.colcon_core.environment:checking '/home/yaorz/unitree_go2_ws/install/go2_slam_bringup' for CMake config files
[30.334s] Level 1:colcon.colcon_core.shell:create_environment_hook('go2_slam_bringup', 'cmake_prefix_path')
[30.334s] INFO:colcon.colcon_core.shell:Creating environment hook '/home/yaorz/unitree_go2_ws/install/go2_slam_bringup/share/go2_slam_bringup/hook/cmake_prefix_path.ps1'
[30.335s] INFO:colcon.colcon_core.shell:Creating environment descriptor '/home/yaorz/unitree_go2_ws/install/go2_slam_bringup/share/go2_slam_bringup/hook/cmake_prefix_path.dsv'
[30.335s] INFO:colcon.colcon_core.shell:Creating environment hook '/home/yaorz/unitree_go2_ws/install/go2_slam_bringup/share/go2_slam_bringup/hook/cmake_prefix_path.sh'
[30.336s] Level 1:colcon.colcon_core.environment:checking '/home/yaorz/unitree_go2_ws/install/go2_slam_bringup/bin'
[30.336s] Level 1:colcon.colcon_core.environment:checking '/home/yaorz/unitree_go2_ws/install/go2_slam_bringup/lib/pkgconfig/go2_slam_bringup.pc'
[30.337s] Level 1:colcon.colcon_core.environment:checking '/home/yaorz/unitree_go2_ws/install/go2_slam_bringup/lib/python3.10/site-packages'
[30.337s] Level 1:colcon.colcon_core.environment:checking '/home/yaorz/unitree_go2_ws/install/go2_slam_bringup/bin'
[30.338s] INFO:colcon.colcon_core.shell:Creating package script '/home/yaorz/unitree_go2_ws/install/go2_slam_bringup/share/go2_slam_bringup/package.ps1'
[30.338s] INFO:colcon.colcon_core.shell:Creating package descriptor '/home/yaorz/unitree_go2_ws/install/go2_slam_bringup/share/go2_slam_bringup/package.dsv'
[30.339s] INFO:colcon.colcon_core.shell:Creating package script '/home/yaorz/unitree_go2_ws/install/go2_slam_bringup/share/go2_slam_bringup/package.sh'
[30.339s] INFO:colcon.colcon_core.shell:Creating package script '/home/yaorz/unitree_go2_ws/install/go2_slam_bringup/share/go2_slam_bringup/package.bash'
[30.340s] INFO:colcon.colcon_core.shell:Creating package script '/home/yaorz/unitree_go2_ws/install/go2_slam_bringup/share/go2_slam_bringup/package.zsh'
[30.340s] Level 1:colcon.colcon_core.environment:create_file_with_runtime_dependencies(/home/yaorz/unitree_go2_ws/install/go2_slam_bringup/share/colcon-core/packages/go2_slam_bringup)
[30.341s] Level 1:colcon.colcon_core.environment:create_environment_scripts_only(go2_slam_bringup)
[30.341s] Level 1:colcon.colcon_core.environment:checking '/home/yaorz/unitree_go2_ws/install/go2_slam_bringup' for CMake module files
[30.342s] Level 1:colcon.colcon_core.environment:checking '/home/yaorz/unitree_go2_ws/install/go2_slam_bringup' for CMake config files
[30.342s] Level 1:colcon.colcon_core.shell:create_environment_hook('go2_slam_bringup', 'cmake_prefix_path')
[30.343s] INFO:colcon.colcon_core.shell:Creating environment hook '/home/yaorz/unitree_go2_ws/install/go2_slam_bringup/share/go2_slam_bringup/hook/cmake_prefix_path.ps1'
[30.343s] INFO:colcon.colcon_core.shell:Creating environment descriptor '/home/yaorz/unitree_go2_ws/install/go2_slam_bringup/share/go2_slam_bringup/hook/cmake_prefix_path.dsv'
[30.344s] INFO:colcon.colcon_core.shell:Creating environment hook '/home/yaorz/unitree_go2_ws/install/go2_slam_bringup/share/go2_slam_bringup/hook/cmake_prefix_path.sh'
[30.345s] Level 1:colcon.colcon_core.environment:checking '/home/yaorz/unitree_go2_ws/install/go2_slam_bringup/bin'
[30.345s] Level 1:colcon.colcon_core.environment:checking '/home/yaorz/unitree_go2_ws/install/go2_slam_bringup/lib/pkgconfig/go2_slam_bringup.pc'
[30.345s] Level 1:colcon.colcon_core.environment:checking '/home/yaorz/unitree_go2_ws/install/go2_slam_bringup/lib/python3.10/site-packages'
[30.346s] Level 1:colcon.colcon_core.environment:checking '/home/yaorz/unitree_go2_ws/install/go2_slam_bringup/bin'
[30.346s] INFO:colcon.colcon_core.shell:Creating package script '/home/yaorz/unitree_go2_ws/install/go2_slam_bringup/share/go2_slam_bringup/package.ps1'
[30.347s] INFO:colcon.colcon_core.shell:Creating package descriptor '/home/yaorz/unitree_go2_ws/install/go2_slam_bringup/share/go2_slam_bringup/package.dsv'
[30.348s] INFO:colcon.colcon_core.shell:Creating package script '/home/yaorz/unitree_go2_ws/install/go2_slam_bringup/share/go2_slam_bringup/package.sh'
[30.349s] INFO:colcon.colcon_core.shell:Creating package script '/home/yaorz/unitree_go2_ws/install/go2_slam_bringup/share/go2_slam_bringup/package.bash'
[30.349s] INFO:colcon.colcon_core.shell:Creating package script '/home/yaorz/unitree_go2_ws/install/go2_slam_bringup/share/go2_slam_bringup/package.zsh'
[30.350s] Level 1:colcon.colcon_core.environment:create_file_with_runtime_dependencies(/home/yaorz/unitree_go2_ws/install/go2_slam_bringup/share/colcon-core/packages/go2_slam_bringup)
[30.350s] DEBUG:colcon.colcon_parallel_executor.executor.parallel:closing loop
[30.350s] DEBUG:colcon.colcon_parallel_executor.executor.parallel:loop closed
[30.351s] DEBUG:colcon.colcon_parallel_executor.executor.parallel:run_until_complete finished with '0'
[30.351s] DEBUG:colcon.colcon_core.event_reactor:joining thread
[30.358s] INFO:colcon.colcon_core.plugin_system:Skipping extension 'colcon_notification.desktop_notification.terminal_notifier': Not used on non-Darwin systems
[30.358s] INFO:colcon.colcon_core.plugin_system:Skipping extension 'colcon_notification.desktop_notification.win32': Not used on non-Windows systems
[30.358s] INFO:colcon.colcon_notification.desktop_notification:Sending desktop notification using 'notify2'
[30.359s] DEBUG:colcon.colcon_notification.desktop_notification.notify2:Failed to initialize notify2: org.freedesktop.DBus.Error.AccessDenied: Failed to connect to socket /run/user/1000/bus: Operation not permitted
[30.359s] DEBUG:colcon.colcon_core.event_reactor:joined thread
[30.359s] INFO:colcon.colcon_core.shell:Creating prefix script '/home/yaorz/unitree_go2_ws/install/local_setup.ps1'
[30.361s] INFO:colcon.colcon_core.shell:Creating prefix util module '/home/yaorz/unitree_go2_ws/install/_local_setup_util_ps1.py'
[30.363s] INFO:colcon.colcon_core.shell:Creating prefix chain script '/home/yaorz/unitree_go2_ws/install/setup.ps1'
[30.365s] INFO:colcon.colcon_core.shell:Creating prefix script '/home/yaorz/unitree_go2_ws/install/local_setup.sh'
[30.366s] INFO:colcon.colcon_core.shell:Creating prefix util module '/home/yaorz/unitree_go2_ws/install/_local_setup_util_sh.py'
[30.367s] INFO:colcon.colcon_core.shell:Creating prefix chain script '/home/yaorz/unitree_go2_ws/install/setup.sh'
[30.370s] INFO:colcon.colcon_core.shell:Creating prefix script '/home/yaorz/unitree_go2_ws/install/local_setup.bash'
[30.371s] INFO:colcon.colcon_core.shell:Creating prefix chain script '/home/yaorz/unitree_go2_ws/install/setup.bash'
[30.373s] INFO:colcon.colcon_core.shell:Creating prefix script '/home/yaorz/unitree_go2_ws/install/local_setup.zsh'
[30.374s] INFO:colcon.colcon_core.shell:Creating prefix chain script '/home/yaorz/unitree_go2_ws/install/setup.zsh'
