[0.055s] DEBUG:colcon:Command line arguments: ['/usr/bin/colcon', 'build', '--packages-select', 'go2_state_logger']
[0.055s] DEBUG:colcon:Parsed command line arguments: Namespace(log_base=None, log_level=None, verb_name='build', build_base='build', install_base='install', merge_install=False, symlink_install=False, test_result_base=None, continue_on_error=False, executor='parallel', parallel_workers=16, event_handlers=None, ignore_user_meta=False, metas=['./colcon.meta'], base_paths=['.'], packages_ignore=None, packages_ignore_regex=None, paths=None, packages_up_to=None, packages_up_to_regex=None, packages_above=None, packages_above_and_dependencies=None, packages_above_depth=None, packages_select_by_dep=None, packages_skip_by_dep=None, packages_skip_up_to=None, packages_select_build_failed=False, packages_skip_build_finished=False, packages_select_test_failures=False, packages_skip_test_passed=False, packages_select=['go2_state_logger'], packages_skip=None, packages_select_regex=None, packages_skip_regex=None, packages_start=None, packages_end=None, allow_overriding=[], cmake_args=None, cmake_target=None, cmake_target_skip_unavailable=False, cmake_clean_cache=False, cmake_clean_first=False, cmake_force_configure=False, ament_cmake_args=None, catkin_cmake_args=None, catkin_skip_building_tests=False, verb_parser=<colcon_defaults.argument_parser.defaults.DefaultArgumentsDecorator object at 0x7306ecbd3fd0>, verb_extension=<colcon_core.verb.build.BuildVerb object at 0x7306ecbd3a30>, main=<bound method BuildVerb.main of <colcon_core.verb.build.BuildVerb object at 0x7306ecbd3a30>>)
[0.128s] Level 1:colcon.colcon_core.package_discovery:discover_packages(colcon_meta) check parameters
[0.128s] Level 1:colcon.colcon_core.package_discovery:discover_packages(recursive) check parameters
[0.128s] Level 1:colcon.colcon_core.package_discovery:discover_packages(ignore) check parameters
[0.128s] Level 1:colcon.colcon_core.package_discovery:discover_packages(path) check parameters
[0.128s] Level 1:colcon.colcon_core.package_discovery:discover_packages(colcon_meta) discover
[0.128s] Level 1:colcon.colcon_core.package_discovery:discover_packages(recursive) discover
[0.128s] INFO:colcon.colcon_core.package_discovery:Crawling recursively for packages in '/home/yaorz/unitree_go2_ws'
[0.128s] Level 1:colcon.colcon_core.package_identification:_identify(.) by extensions ['ignore', 'ignore_ament_install']
[0.129s] Level 1:colcon.colcon_core.package_identification:_identify(.) by extension 'ignore'
[0.129s] Level 1:colcon.colcon_core.package_identification:_identify(.) by extension 'ignore_ament_install'
[0.129s] Level 1:colcon.colcon_core.package_identification:_identify(.) by extensions ['colcon_pkg']
[0.129s] Level 1:colcon.colcon_core.package_identification:_identify(.) by extension 'colcon_pkg'
[0.129s] Level 1:colcon.colcon_core.package_identification:_identify(.) by extensions ['colcon_meta']
[0.129s] Level 1:colcon.colcon_core.package_identification:_identify(.) by extension 'colcon_meta'
[0.129s] Level 1:colcon.colcon_core.package_identification:_identify(.) by extensions ['ros']
[0.129s] Level 1:colcon.colcon_core.package_identification:_identify(.) by extension 'ros'
[0.135s] Level 1:colcon.colcon_core.package_identification:_identify(.) by extensions ['cmake', 'python']
[0.135s] Level 1:colcon.colcon_core.package_identification:_identify(.) by extension 'cmake'
[0.135s] Level 1:colcon.colcon_core.package_identification:_identify(.) by extension 'python'
[0.135s] Level 1:colcon.colcon_core.package_identification:_identify(.) by extensions ['python_setup_py']
[0.135s] Level 1:colcon.colcon_core.package_identification:_identify(.) by extension 'python_setup_py'
[0.135s] Level 1:colcon.colcon_core.package_identification:_identify(build) by extensions ['ignore', 'ignore_ament_install']
[0.135s] Level 1:colcon.colcon_core.package_identification:_identify(build) by extension 'ignore'
[0.135s] Level 1:colcon.colcon_core.package_identification:_identify(build) ignored
[0.135s] Level 1:colcon.colcon_core.package_identification:_identify(install) by extensions ['ignore', 'ignore_ament_install']
[0.135s] Level 1:colcon.colcon_core.package_identification:_identify(install) by extension 'ignore'
[0.135s] Level 1:colcon.colcon_core.package_identification:_identify(install) ignored
[0.135s] Level 1:colcon.colcon_core.package_identification:_identify(log) by extensions ['ignore', 'ignore_ament_install']
[0.135s] Level 1:colcon.colcon_core.package_identification:_identify(log) by extension 'ignore'
[0.135s] Level 1:colcon.colcon_core.package_identification:_identify(log) ignored
[0.136s] Level 1:colcon.colcon_core.package_identification:_identify(src) by extensions ['ignore', 'ignore_ament_install']
[0.136s] Level 1:colcon.colcon_core.package_identification:_identify(src) by extension 'ignore'
[0.136s] Level 1:colcon.colcon_core.package_identification:_identify(src) by extension 'ignore_ament_install'
[0.136s] Level 1:colcon.colcon_core.package_identification:_identify(src) by extensions ['colcon_pkg']
[0.136s] Level 1:colcon.colcon_core.package_identification:_identify(src) by extension 'colcon_pkg'
[0.136s] Level 1:colcon.colcon_core.package_identification:_identify(src) by extensions ['colcon_meta']
[0.136s] Level 1:colcon.colcon_core.package_identification:_identify(src) by extension 'colcon_meta'
[0.136s] Level 1:colcon.colcon_core.package_identification:_identify(src) by extensions ['ros']
[0.136s] Level 1:colcon.colcon_core.package_identification:_identify(src) by extension 'ros'
[0.136s] Level 1:colcon.colcon_core.package_identification:_identify(src) by extensions ['cmake', 'python']
[0.136s] Level 1:colcon.colcon_core.package_identification:_identify(src) by extension 'cmake'
[0.136s] Level 1:colcon.colcon_core.package_identification:_identify(src) by extension 'python'
[0.136s] Level 1:colcon.colcon_core.package_identification:_identify(src) by extensions ['python_setup_py']
[0.136s] Level 1:colcon.colcon_core.package_identification:_identify(src) by extension 'python_setup_py'
[0.136s] Level 1:colcon.colcon_core.package_identification:_identify(src/base) by extensions ['ignore', 'ignore_ament_install']
[0.136s] Level 1:colcon.colcon_core.package_identification:_identify(src/base) by extension 'ignore'
[0.136s] Level 1:colcon.colcon_core.package_identification:_identify(src/base) by extension 'ignore_ament_install'
[0.136s] Level 1:colcon.colcon_core.package_identification:_identify(src/base) by extensions ['colcon_pkg']
[0.136s] Level 1:colcon.colcon_core.package_identification:_identify(src/base) by extension 'colcon_pkg'
[0.136s] Level 1:colcon.colcon_core.package_identification:_identify(src/base) by extensions ['colcon_meta']
[0.136s] Level 1:colcon.colcon_core.package_identification:_identify(src/base) by extension 'colcon_meta'
[0.136s] Level 1:colcon.colcon_core.package_identification:_identify(src/base) by extensions ['ros']
[0.136s] Level 1:colcon.colcon_core.package_identification:_identify(src/base) by extension 'ros'
[0.136s] Level 1:colcon.colcon_core.package_identification:_identify(src/base) by extensions ['cmake', 'python']
[0.136s] Level 1:colcon.colcon_core.package_identification:_identify(src/base) by extension 'cmake'
[0.136s] Level 1:colcon.colcon_core.package_identification:_identify(src/base) by extension 'python'
[0.136s] Level 1:colcon.colcon_core.package_identification:_identify(src/base) by extensions ['python_setup_py']
[0.136s] Level 1:colcon.colcon_core.package_identification:_identify(src/base) by extension 'python_setup_py'
[0.136s] Level 1:colcon.colcon_core.package_identification:_identify(src/go2_safe_move) by extensions ['ignore', 'ignore_ament_install']
[0.136s] Level 1:colcon.colcon_core.package_identification:_identify(src/go2_safe_move) by extension 'ignore'
[0.136s] Level 1:colcon.colcon_core.package_identification:_identify(src/go2_safe_move) by extension 'ignore_ament_install'
[0.136s] Level 1:colcon.colcon_core.package_identification:_identify(src/go2_safe_move) by extensions ['colcon_pkg']
[0.136s] Level 1:colcon.colcon_core.package_identification:_identify(src/go2_safe_move) by extension 'colcon_pkg'
[0.136s] Level 1:colcon.colcon_core.package_identification:_identify(src/go2_safe_move) by extensions ['colcon_meta']
[0.136s] Level 1:colcon.colcon_core.package_identification:_identify(src/go2_safe_move) by extension 'colcon_meta'
[0.136s] Level 1:colcon.colcon_core.package_identification:_identify(src/go2_safe_move) by extensions ['ros']
[0.136s] Level 1:colcon.colcon_core.package_identification:_identify(src/go2_safe_move) by extension 'ros'
[0.136s] Level 1:colcon.colcon_core.package_identification:_identify(src/go2_safe_move) by extensions ['cmake', 'python']
[0.136s] Level 1:colcon.colcon_core.package_identification:_identify(src/go2_safe_move) by extension 'cmake'
[0.136s] Level 1:colcon.colcon_core.package_identification:_identify(src/go2_safe_move) by extension 'python'
[0.136s] Level 1:colcon.colcon_core.package_identification:_identify(src/go2_safe_move) by extensions ['python_setup_py']
[0.136s] Level 1:colcon.colcon_core.package_identification:_identify(src/go2_safe_move) by extension 'python_setup_py'
[0.136s] Level 1:colcon.colcon_core.package_identification:_identify(src/go2_safe_move/go2_safe_move) by extensions ['ignore', 'ignore_ament_install']
[0.136s] Level 1:colcon.colcon_core.package_identification:_identify(src/go2_safe_move/go2_safe_move) by extension 'ignore'
[0.137s] Level 1:colcon.colcon_core.package_identification:_identify(src/go2_safe_move/go2_safe_move) by extension 'ignore_ament_install'
[0.137s] Level 1:colcon.colcon_core.package_identification:_identify(src/go2_safe_move/go2_safe_move) by extensions ['colcon_pkg']
[0.137s] Level 1:colcon.colcon_core.package_identification:_identify(src/go2_safe_move/go2_safe_move) by extension 'colcon_pkg'
[0.137s] Level 1:colcon.colcon_core.package_identification:_identify(src/go2_safe_move/go2_safe_move) by extensions ['colcon_meta']
[0.137s] Level 1:colcon.colcon_core.package_identification:_identify(src/go2_safe_move/go2_safe_move) by extension 'colcon_meta'
[0.137s] Level 1:colcon.colcon_core.package_identification:_identify(src/go2_safe_move/go2_safe_move) by extensions ['ros']
[0.137s] Level 1:colcon.colcon_core.package_identification:_identify(src/go2_safe_move/go2_safe_move) by extension 'ros'
[0.138s] DEBUG:colcon.colcon_core.package_identification:Package 'src/go2_safe_move/go2_safe_move' with type 'ros.ament_cmake' and name 'go2_safe_move'
[0.138s] Level 1:colcon.colcon_core.package_identification:_identify(src/go2_sport_test) by extensions ['ignore', 'ignore_ament_install']
[0.138s] Level 1:colcon.colcon_core.package_identification:_identify(src/go2_sport_test) by extension 'ignore'
[0.138s] Level 1:colcon.colcon_core.package_identification:_identify(src/go2_sport_test) by extension 'ignore_ament_install'
[0.138s] Level 1:colcon.colcon_core.package_identification:_identify(src/go2_sport_test) by extensions ['colcon_pkg']
[0.138s] Level 1:colcon.colcon_core.package_identification:_identify(src/go2_sport_test) by extension 'colcon_pkg'
[0.138s] Level 1:colcon.colcon_core.package_identification:_identify(src/go2_sport_test) by extensions ['colcon_meta']
[0.138s] Level 1:colcon.colcon_core.package_identification:_identify(src/go2_sport_test) by extension 'colcon_meta'
[0.138s] Level 1:colcon.colcon_core.package_identification:_identify(src/go2_sport_test) by extensions ['ros']
[0.138s] Level 1:colcon.colcon_core.package_identification:_identify(src/go2_sport_test) by extension 'ros'
[0.138s] Level 1:colcon.colcon_core.package_identification:_identify(src/go2_sport_test) by extensions ['cmake', 'python']
[0.138s] Level 1:colcon.colcon_core.package_identification:_identify(src/go2_sport_test) by extension 'cmake'
[0.138s] Level 1:colcon.colcon_core.package_identification:_identify(src/go2_sport_test) by extension 'python'
[0.138s] Level 1:colcon.colcon_core.package_identification:_identify(src/go2_sport_test) by extensions ['python_setup_py']
[0.138s] Level 1:colcon.colcon_core.package_identification:_identify(src/go2_sport_test) by extension 'python_setup_py'
[0.139s] Level 1:colcon.colcon_core.package_identification:_identify(src/go2_sport_test/go2_sport_test) by extensions ['ignore', 'ignore_ament_install']
[0.139s] Level 1:colcon.colcon_core.package_identification:_identify(src/go2_sport_test/go2_sport_test) by extension 'ignore'
[0.139s] Level 1:colcon.colcon_core.package_identification:_identify(src/go2_sport_test/go2_sport_test) by extension 'ignore_ament_install'
[0.139s] Level 1:colcon.colcon_core.package_identification:_identify(src/go2_sport_test/go2_sport_test) by extensions ['colcon_pkg']
[0.139s] Level 1:colcon.colcon_core.package_identification:_identify(src/go2_sport_test/go2_sport_test) by extension 'colcon_pkg'
[0.139s] Level 1:colcon.colcon_core.package_identification:_identify(src/go2_sport_test/go2_sport_test) by extensions ['colcon_meta']
[0.139s] Level 1:colcon.colcon_core.package_identification:_identify(src/go2_sport_test/go2_sport_test) by extension 'colcon_meta'
[0.139s] Level 1:colcon.colcon_core.package_identification:_identify(src/go2_sport_test/go2_sport_test) by extensions ['ros']
[0.139s] Level 1:colcon.colcon_core.package_identification:_identify(src/go2_sport_test/go2_sport_test) by extension 'ros'
[0.139s] DEBUG:colcon.colcon_core.package_identification:Package 'src/go2_sport_test/go2_sport_test' with type 'ros.ament_cmake' and name 'go2_sport_test'
[0.139s] Level 1:colcon.colcon_core.package_identification:_identify(src/go2_state_logger) by extensions ['ignore', 'ignore_ament_install']
[0.139s] Level 1:colcon.colcon_core.package_identification:_identify(src/go2_state_logger) by extension 'ignore'
[0.139s] Level 1:colcon.colcon_core.package_identification:_identify(src/go2_state_logger) by extension 'ignore_ament_install'
[0.139s] Level 1:colcon.colcon_core.package_identification:_identify(src/go2_state_logger) by extensions ['colcon_pkg']
[0.139s] Level 1:colcon.colcon_core.package_identification:_identify(src/go2_state_logger) by extension 'colcon_pkg'
[0.139s] Level 1:colcon.colcon_core.package_identification:_identify(src/go2_state_logger) by extensions ['colcon_meta']
[0.139s] Level 1:colcon.colcon_core.package_identification:_identify(src/go2_state_logger) by extension 'colcon_meta'
[0.139s] Level 1:colcon.colcon_core.package_identification:_identify(src/go2_state_logger) by extensions ['ros']
[0.139s] Level 1:colcon.colcon_core.package_identification:_identify(src/go2_state_logger) by extension 'ros'
[0.139s] Level 1:colcon.colcon_core.package_identification:_identify(src/go2_state_logger) by extensions ['cmake', 'python']
[0.139s] Level 1:colcon.colcon_core.package_identification:_identify(src/go2_state_logger) by extension 'cmake'
[0.139s] Level 1:colcon.colcon_core.package_identification:_identify(src/go2_state_logger) by extension 'python'
[0.140s] Level 1:colcon.colcon_core.package_identification:_identify(src/go2_state_logger) by extensions ['python_setup_py']
[0.140s] Level 1:colcon.colcon_core.package_identification:_identify(src/go2_state_logger) by extension 'python_setup_py'
[0.140s] Level 1:colcon.colcon_core.package_identification:_identify(src/go2_state_logger/go2_state_logger) by extensions ['ignore', 'ignore_ament_install']
[0.140s] Level 1:colcon.colcon_core.package_identification:_identify(src/go2_state_logger/go2_state_logger) by extension 'ignore'
[0.140s] Level 1:colcon.colcon_core.package_identification:_identify(src/go2_state_logger/go2_state_logger) by extension 'ignore_ament_install'
[0.140s] Level 1:colcon.colcon_core.package_identification:_identify(src/go2_state_logger/go2_state_logger) by extensions ['colcon_pkg']
[0.140s] Level 1:colcon.colcon_core.package_identification:_identify(src/go2_state_logger/go2_state_logger) by extension 'colcon_pkg'
[0.140s] Level 1:colcon.colcon_core.package_identification:_identify(src/go2_state_logger/go2_state_logger) by extensions ['colcon_meta']
[0.140s] Level 1:colcon.colcon_core.package_identification:_identify(src/go2_state_logger/go2_state_logger) by extension 'colcon_meta'
[0.140s] Level 1:colcon.colcon_core.package_identification:_identify(src/go2_state_logger/go2_state_logger) by extensions ['ros']
[0.140s] Level 1:colcon.colcon_core.package_identification:_identify(src/go2_state_logger/go2_state_logger) by extension 'ros'
[0.140s] DEBUG:colcon.colcon_core.package_identification:Package 'src/go2_state_logger/go2_state_logger' with type 'ros.ament_cmake' and name 'go2_state_logger'
[0.140s] Level 1:colcon.colcon_core.package_identification:_identify(src/helloworld) by extensions ['ignore', 'ignore_ament_install']
[0.140s] Level 1:colcon.colcon_core.package_identification:_identify(src/helloworld) by extension 'ignore'
[0.140s] Level 1:colcon.colcon_core.package_identification:_identify(src/helloworld) by extension 'ignore_ament_install'
[0.140s] Level 1:colcon.colcon_core.package_identification:_identify(src/helloworld) by extensions ['colcon_pkg']
[0.140s] Level 1:colcon.colcon_core.package_identification:_identify(src/helloworld) by extension 'colcon_pkg'
[0.140s] Level 1:colcon.colcon_core.package_identification:_identify(src/helloworld) by extensions ['colcon_meta']
[0.140s] Level 1:colcon.colcon_core.package_identification:_identify(src/helloworld) by extension 'colcon_meta'
[0.140s] Level 1:colcon.colcon_core.package_identification:_identify(src/helloworld) by extensions ['ros']
[0.140s] Level 1:colcon.colcon_core.package_identification:_identify(src/helloworld) by extension 'ros'
[0.140s] Level 1:colcon.colcon_core.package_identification:_identify(src/helloworld) by extensions ['cmake', 'python']
[0.140s] Level 1:colcon.colcon_core.package_identification:_identify(src/helloworld) by extension 'cmake'
[0.141s] Level 1:colcon.colcon_core.package_identification:_identify(src/helloworld) by extension 'python'
[0.141s] Level 1:colcon.colcon_core.package_identification:_identify(src/helloworld) by extensions ['python_setup_py']
[0.141s] Level 1:colcon.colcon_core.package_identification:_identify(src/helloworld) by extension 'python_setup_py'
[0.141s] Level 1:colcon.colcon_core.package_identification:_identify(src/helloworld/helloworld) by extensions ['ignore', 'ignore_ament_install']
[0.141s] Level 1:colcon.colcon_core.package_identification:_identify(src/helloworld/helloworld) by extension 'ignore'
[0.141s] Level 1:colcon.colcon_core.package_identification:_identify(src/helloworld/helloworld) by extension 'ignore_ament_install'
[0.141s] Level 1:colcon.colcon_core.package_identification:_identify(src/helloworld/helloworld) by extensions ['colcon_pkg']
[0.141s] Level 1:colcon.colcon_core.package_identification:_identify(src/helloworld/helloworld) by extension 'colcon_pkg'
[0.141s] Level 1:colcon.colcon_core.package_identification:_identify(src/helloworld/helloworld) by extensions ['colcon_meta']
[0.141s] Level 1:colcon.colcon_core.package_identification:_identify(src/helloworld/helloworld) by extension 'colcon_meta'
[0.141s] Level 1:colcon.colcon_core.package_identification:_identify(src/helloworld/helloworld) by extensions ['ros']
[0.141s] Level 1:colcon.colcon_core.package_identification:_identify(src/helloworld/helloworld) by extension 'ros'
[0.141s] DEBUG:colcon.colcon_core.package_identification:Package 'src/helloworld/helloworld' with type 'ros.ament_cmake' and name 'helloworld'
[0.141s] Level 1:colcon.colcon_core.package_discovery:discover_packages(recursive) using defaults
[0.141s] Level 1:colcon.colcon_core.package_discovery:discover_packages(ignore) discover
[0.141s] Level 1:colcon.colcon_core.package_discovery:discover_packages(ignore) using defaults
[0.141s] Level 1:colcon.colcon_core.package_discovery:discover_packages(path) discover
[0.141s] Level 1:colcon.colcon_core.package_discovery:discover_packages(path) using defaults
[0.153s] INFO:colcon.colcon_core.package_selection:Skipping not selected package 'go2_safe_move' in 'src/go2_safe_move/go2_safe_move'
[0.153s] INFO:colcon.colcon_core.package_selection:Skipping not selected package 'go2_sport_test' in 'src/go2_sport_test/go2_sport_test'
[0.153s] INFO:colcon.colcon_core.package_selection:Skipping not selected package 'helloworld' in 'src/helloworld/helloworld'
[0.153s] Level 1:colcon.colcon_core.package_discovery:discover_packages(prefix_path) check parameters
[0.153s] Level 1:colcon.colcon_core.package_discovery:discover_packages(prefix_path) discover
[0.154s] DEBUG:colcon.colcon_installed_package_information.package_discovery:Found 4 installed packages in /home/yaorz/unitree_go2_ws/install
[0.154s] DEBUG:colcon.colcon_installed_package_information.package_discovery:Found 5 installed packages in /home/yaorz/unitree_ros2/cyclonedds_ws/install
[0.155s] DEBUG:colcon.colcon_installed_package_information.package_discovery:Found 275 installed packages in /opt/ros/humble
[0.157s] Level 1:colcon.colcon_core.package_discovery:discover_packages(prefix_path) using defaults
[0.181s] Level 5:colcon.colcon_core.verb:set package 'go2_state_logger' build argument 'cmake_args' from command line to 'None'
[0.181s] Level 5:colcon.colcon_core.verb:set package 'go2_state_logger' build argument 'cmake_target' from command line to 'None'
[0.181s] Level 5:colcon.colcon_core.verb:set package 'go2_state_logger' build argument 'cmake_target_skip_unavailable' from command line to 'False'
[0.181s] Level 5:colcon.colcon_core.verb:set package 'go2_state_logger' build argument 'cmake_clean_cache' from command line to 'False'
[0.181s] Level 5:colcon.colcon_core.verb:set package 'go2_state_logger' build argument 'cmake_clean_first' from command line to 'False'
[0.181s] Level 5:colcon.colcon_core.verb:set package 'go2_state_logger' build argument 'cmake_force_configure' from command line to 'False'
[0.181s] Level 5:colcon.colcon_core.verb:set package 'go2_state_logger' build argument 'ament_cmake_args' from command line to 'None'
[0.181s] Level 5:colcon.colcon_core.verb:set package 'go2_state_logger' build argument 'catkin_cmake_args' from command line to 'None'
[0.181s] Level 5:colcon.colcon_core.verb:set package 'go2_state_logger' build argument 'catkin_skip_building_tests' from command line to 'False'
[0.181s] DEBUG:colcon.colcon_core.verb:Building package 'go2_state_logger' with the following arguments: {'ament_cmake_args': None, 'build_base': '/home/yaorz/unitree_go2_ws/build/go2_state_logger', 'catkin_cmake_args': None, 'catkin_skip_building_tests': False, 'cmake_args': None, 'cmake_clean_cache': False, 'cmake_clean_first': False, 'cmake_force_configure': False, 'cmake_target': None, 'cmake_target_skip_unavailable': False, 'install_base': '/home/yaorz/unitree_go2_ws/install/go2_state_logger', 'merge_install': False, 'path': '/home/yaorz/unitree_go2_ws/src/go2_state_logger/go2_state_logger', 'symlink_install': False, 'test_result_base': None}
[0.181s] INFO:colcon.colcon_core.executor:Executing jobs using 'parallel' executor
[0.182s] DEBUG:colcon.colcon_parallel_executor.executor.parallel:run_until_complete
[0.182s] INFO:colcon.colcon_ros.task.ament_cmake.build:Building ROS package in '/home/yaorz/unitree_go2_ws/src/go2_state_logger/go2_state_logger' with build type 'ament_cmake'
[0.182s] INFO:colcon.colcon_cmake.task.cmake.build:Building CMake package in '/home/yaorz/unitree_go2_ws/src/go2_state_logger/go2_state_logger'
[0.184s] INFO:colcon.colcon_core.plugin_system:Skipping extension 'colcon_core.shell.bat': Not used on non-Windows systems
[0.184s] INFO:colcon.colcon_core.shell:Skip shell extension 'powershell' for command environment: Not usable outside of PowerShell
[0.184s] DEBUG:colcon.colcon_core.shell:Skip shell extension 'dsv' for command environment
[0.192s] DEBUG:colcon.colcon_core.event_handler.log_command:Invoking command in '/home/yaorz/unitree_go2_ws/build/go2_state_logger': CMAKE_PREFIX_PATH=${CMAKE_PREFIX_PATH}:/opt/ros/humble /usr/bin/cmake --build /home/yaorz/unitree_go2_ws/build/go2_state_logger -- -j16 -l16
[7.171s] DEBUG:colcon.colcon_core.event_handler.log_command:Invoked command in '/home/yaorz/unitree_go2_ws/build/go2_state_logger' returned '0': CMAKE_PREFIX_PATH=${CMAKE_PREFIX_PATH}:/opt/ros/humble /usr/bin/cmake --build /home/yaorz/unitree_go2_ws/build/go2_state_logger -- -j16 -l16
[7.180s] DEBUG:colcon.colcon_core.event_handler.log_command:Invoking command in '/home/yaorz/unitree_go2_ws/build/go2_state_logger': CMAKE_PREFIX_PATH=${CMAKE_PREFIX_PATH}:/opt/ros/humble /usr/bin/cmake --install /home/yaorz/unitree_go2_ws/build/go2_state_logger
[7.191s] Level 1:colcon.colcon_core.environment:create_environment_scripts_only(go2_state_logger)
[7.192s] DEBUG:colcon.colcon_core.event_handler.log_command:Invoked command in '/home/yaorz/unitree_go2_ws/build/go2_state_logger' returned '0': CMAKE_PREFIX_PATH=${CMAKE_PREFIX_PATH}:/opt/ros/humble /usr/bin/cmake --install /home/yaorz/unitree_go2_ws/build/go2_state_logger
[7.193s] Level 1:colcon.colcon_core.environment:checking '/home/yaorz/unitree_go2_ws/install/go2_state_logger' for CMake module files
[7.193s] Level 1:colcon.colcon_core.environment:checking '/home/yaorz/unitree_go2_ws/install/go2_state_logger' for CMake config files
[7.193s] Level 1:colcon.colcon_core.shell:create_environment_hook('go2_state_logger', 'cmake_prefix_path')
[7.193s] INFO:colcon.colcon_core.shell:Creating environment hook '/home/yaorz/unitree_go2_ws/install/go2_state_logger/share/go2_state_logger/hook/cmake_prefix_path.ps1'
[7.194s] INFO:colcon.colcon_core.shell:Creating environment descriptor '/home/yaorz/unitree_go2_ws/install/go2_state_logger/share/go2_state_logger/hook/cmake_prefix_path.dsv'
[7.194s] INFO:colcon.colcon_core.shell:Creating environment hook '/home/yaorz/unitree_go2_ws/install/go2_state_logger/share/go2_state_logger/hook/cmake_prefix_path.sh'
[7.194s] Level 1:colcon.colcon_core.environment:checking '/home/yaorz/unitree_go2_ws/install/go2_state_logger/lib'
[7.194s] Level 1:colcon.colcon_core.environment:checking '/home/yaorz/unitree_go2_ws/install/go2_state_logger/bin'
[7.195s] Level 1:colcon.colcon_core.environment:checking '/home/yaorz/unitree_go2_ws/install/go2_state_logger/lib/pkgconfig/go2_state_logger.pc'
[7.195s] Level 1:colcon.colcon_core.environment:checking '/home/yaorz/unitree_go2_ws/install/go2_state_logger/lib/python3.10/site-packages'
[7.195s] Level 1:colcon.colcon_core.environment:checking '/home/yaorz/unitree_go2_ws/install/go2_state_logger/bin'
[7.195s] INFO:colcon.colcon_core.shell:Creating package script '/home/yaorz/unitree_go2_ws/install/go2_state_logger/share/go2_state_logger/package.ps1'
[7.196s] INFO:colcon.colcon_core.shell:Creating package descriptor '/home/yaorz/unitree_go2_ws/install/go2_state_logger/share/go2_state_logger/package.dsv'
[7.196s] INFO:colcon.colcon_core.shell:Creating package script '/home/yaorz/unitree_go2_ws/install/go2_state_logger/share/go2_state_logger/package.sh'
[7.196s] INFO:colcon.colcon_core.shell:Creating package script '/home/yaorz/unitree_go2_ws/install/go2_state_logger/share/go2_state_logger/package.bash'
[7.197s] INFO:colcon.colcon_core.shell:Creating package script '/home/yaorz/unitree_go2_ws/install/go2_state_logger/share/go2_state_logger/package.zsh'
[7.197s] Level 1:colcon.colcon_core.environment:create_file_with_runtime_dependencies(/home/yaorz/unitree_go2_ws/install/go2_state_logger/share/colcon-core/packages/go2_state_logger)
[7.197s] Level 1:colcon.colcon_core.environment:create_environment_scripts_only(go2_state_logger)
[7.197s] Level 1:colcon.colcon_core.environment:checking '/home/yaorz/unitree_go2_ws/install/go2_state_logger' for CMake module files
[7.197s] Level 1:colcon.colcon_core.environment:checking '/home/yaorz/unitree_go2_ws/install/go2_state_logger' for CMake config files
[7.198s] Level 1:colcon.colcon_core.shell:create_environment_hook('go2_state_logger', 'cmake_prefix_path')
[7.198s] INFO:colcon.colcon_core.shell:Creating environment hook '/home/yaorz/unitree_go2_ws/install/go2_state_logger/share/go2_state_logger/hook/cmake_prefix_path.ps1'
[7.198s] INFO:colcon.colcon_core.shell:Creating environment descriptor '/home/yaorz/unitree_go2_ws/install/go2_state_logger/share/go2_state_logger/hook/cmake_prefix_path.dsv'
[7.198s] INFO:colcon.colcon_core.shell:Creating environment hook '/home/yaorz/unitree_go2_ws/install/go2_state_logger/share/go2_state_logger/hook/cmake_prefix_path.sh'
[7.198s] Level 1:colcon.colcon_core.environment:checking '/home/yaorz/unitree_go2_ws/install/go2_state_logger/lib'
[7.198s] Level 1:colcon.colcon_core.environment:checking '/home/yaorz/unitree_go2_ws/install/go2_state_logger/bin'
[7.198s] Level 1:colcon.colcon_core.environment:checking '/home/yaorz/unitree_go2_ws/install/go2_state_logger/lib/pkgconfig/go2_state_logger.pc'
[7.199s] Level 1:colcon.colcon_core.environment:checking '/home/yaorz/unitree_go2_ws/install/go2_state_logger/lib/python3.10/site-packages'
[7.199s] Level 1:colcon.colcon_core.environment:checking '/home/yaorz/unitree_go2_ws/install/go2_state_logger/bin'
[7.199s] INFO:colcon.colcon_core.shell:Creating package script '/home/yaorz/unitree_go2_ws/install/go2_state_logger/share/go2_state_logger/package.ps1'
[7.199s] INFO:colcon.colcon_core.shell:Creating package descriptor '/home/yaorz/unitree_go2_ws/install/go2_state_logger/share/go2_state_logger/package.dsv'
[7.199s] INFO:colcon.colcon_core.shell:Creating package script '/home/yaorz/unitree_go2_ws/install/go2_state_logger/share/go2_state_logger/package.sh'
[7.200s] INFO:colcon.colcon_core.shell:Creating package script '/home/yaorz/unitree_go2_ws/install/go2_state_logger/share/go2_state_logger/package.bash'
[7.200s] INFO:colcon.colcon_core.shell:Creating package script '/home/yaorz/unitree_go2_ws/install/go2_state_logger/share/go2_state_logger/package.zsh'
[7.200s] Level 1:colcon.colcon_core.environment:create_file_with_runtime_dependencies(/home/yaorz/unitree_go2_ws/install/go2_state_logger/share/colcon-core/packages/go2_state_logger)
[7.200s] DEBUG:colcon.colcon_parallel_executor.executor.parallel:closing loop
[7.200s] DEBUG:colcon.colcon_parallel_executor.executor.parallel:loop closed
[7.200s] DEBUG:colcon.colcon_parallel_executor.executor.parallel:run_until_complete finished with '0'
[7.200s] DEBUG:colcon.colcon_core.event_reactor:joining thread
[7.208s] INFO:colcon.colcon_core.plugin_system:Skipping extension 'colcon_notification.desktop_notification.terminal_notifier': Not used on non-Darwin systems
[7.208s] INFO:colcon.colcon_core.plugin_system:Skipping extension 'colcon_notification.desktop_notification.win32': Not used on non-Windows systems
[7.208s] INFO:colcon.colcon_notification.desktop_notification:Sending desktop notification using 'notify2'
[7.218s] DEBUG:colcon.colcon_core.event_reactor:joined thread
[7.218s] INFO:colcon.colcon_core.shell:Creating prefix script '/home/yaorz/unitree_go2_ws/install/local_setup.ps1'
[7.219s] INFO:colcon.colcon_core.shell:Creating prefix util module '/home/yaorz/unitree_go2_ws/install/_local_setup_util_ps1.py'
[7.222s] INFO:colcon.colcon_core.shell:Creating prefix chain script '/home/yaorz/unitree_go2_ws/install/setup.ps1'
[7.224s] INFO:colcon.colcon_core.shell:Creating prefix script '/home/yaorz/unitree_go2_ws/install/local_setup.sh'
[7.224s] INFO:colcon.colcon_core.shell:Creating prefix util module '/home/yaorz/unitree_go2_ws/install/_local_setup_util_sh.py'
[7.224s] INFO:colcon.colcon_core.shell:Creating prefix chain script '/home/yaorz/unitree_go2_ws/install/setup.sh'
[7.225s] INFO:colcon.colcon_core.shell:Creating prefix script '/home/yaorz/unitree_go2_ws/install/local_setup.bash'
[7.225s] INFO:colcon.colcon_core.shell:Creating prefix chain script '/home/yaorz/unitree_go2_ws/install/setup.bash'
[7.226s] INFO:colcon.colcon_core.shell:Creating prefix script '/home/yaorz/unitree_go2_ws/install/local_setup.zsh'
[7.226s] INFO:colcon.colcon_core.shell:Creating prefix chain script '/home/yaorz/unitree_go2_ws/install/setup.zsh'
