[0.123s] DEBUG:colcon:Command line arguments: ['/usr/bin/colcon', 'build', '--packages-select', 'go2_lidar_snapshot']
[0.123s] DEBUG:colcon:Parsed command line arguments: Namespace(log_base=None, log_level=None, verb_name='build', build_base='build', install_base='install', merge_install=False, symlink_install=False, test_result_base=None, continue_on_error=False, executor='parallel', parallel_workers=16, event_handlers=None, ignore_user_meta=False, metas=['./colcon.meta'], base_paths=['.'], packages_ignore=None, packages_ignore_regex=None, paths=None, packages_up_to=None, packages_up_to_regex=None, packages_above=None, packages_above_and_dependencies=None, packages_above_depth=None, packages_select_by_dep=None, packages_skip_by_dep=None, packages_skip_up_to=None, packages_select_build_failed=False, packages_skip_build_finished=False, packages_select_test_failures=False, packages_skip_test_passed=False, packages_select=['go2_lidar_snapshot'], packages_skip=None, packages_select_regex=None, packages_skip_regex=None, packages_start=None, packages_end=None, allow_overriding=[], cmake_args=None, cmake_target=None, cmake_target_skip_unavailable=False, cmake_clean_cache=False, cmake_clean_first=False, cmake_force_configure=False, ament_cmake_args=None, catkin_cmake_args=None, catkin_skip_building_tests=False, verb_parser=<colcon_defaults.argument_parser.defaults.DefaultArgumentsDecorator object at 0x7e20afcf3fd0>, verb_extension=<colcon_core.verb.build.BuildVerb object at 0x7e20afcf3a30>, main=<bound method BuildVerb.main of <colcon_core.verb.build.BuildVerb object at 0x7e20afcf3a30>>)
[0.243s] Level 1:colcon.colcon_core.package_discovery:discover_packages(colcon_meta) check parameters
[0.244s] Level 1:colcon.colcon_core.package_discovery:discover_packages(recursive) check parameters
[0.244s] Level 1:colcon.colcon_core.package_discovery:discover_packages(ignore) check parameters
[0.244s] Level 1:colcon.colcon_core.package_discovery:discover_packages(path) check parameters
[0.244s] Level 1:colcon.colcon_core.package_discovery:discover_packages(colcon_meta) discover
[0.244s] Level 1:colcon.colcon_core.package_discovery:discover_packages(recursive) discover
[0.244s] INFO:colcon.colcon_core.package_discovery:Crawling recursively for packages in '/home/yaorz/unitree_go2_ws'
[0.244s] Level 1:colcon.colcon_core.package_identification:_identify(.) by extensions ['ignore', 'ignore_ament_install']
[0.244s] Level 1:colcon.colcon_core.package_identification:_identify(.) by extension 'ignore'
[0.244s] Level 1:colcon.colcon_core.package_identification:_identify(.) by extension 'ignore_ament_install'
[0.244s] Level 1:colcon.colcon_core.package_identification:_identify(.) by extensions ['colcon_pkg']
[0.244s] Level 1:colcon.colcon_core.package_identification:_identify(.) by extension 'colcon_pkg'
[0.244s] Level 1:colcon.colcon_core.package_identification:_identify(.) by extensions ['colcon_meta']
[0.244s] Level 1:colcon.colcon_core.package_identification:_identify(.) by extension 'colcon_meta'
[0.244s] Level 1:colcon.colcon_core.package_identification:_identify(.) by extensions ['ros']
[0.244s] Level 1:colcon.colcon_core.package_identification:_identify(.) by extension 'ros'
[0.251s] Level 1:colcon.colcon_core.package_identification:_identify(.) by extensions ['cmake', 'python']
[0.251s] Level 1:colcon.colcon_core.package_identification:_identify(.) by extension 'cmake'
[0.251s] Level 1:colcon.colcon_core.package_identification:_identify(.) by extension 'python'
[0.251s] Level 1:colcon.colcon_core.package_identification:_identify(.) by extensions ['python_setup_py']
[0.251s] Level 1:colcon.colcon_core.package_identification:_identify(.) by extension 'python_setup_py'
[0.251s] Level 1:colcon.colcon_core.package_identification:_identify(build) by extensions ['ignore', 'ignore_ament_install']
[0.251s] Level 1:colcon.colcon_core.package_identification:_identify(build) by extension 'ignore'
[0.251s] Level 1:colcon.colcon_core.package_identification:_identify(build) ignored
[0.251s] Level 1:colcon.colcon_core.package_identification:_identify(install) by extensions ['ignore', 'ignore_ament_install']
[0.252s] Level 1:colcon.colcon_core.package_identification:_identify(install) by extension 'ignore'
[0.252s] Level 1:colcon.colcon_core.package_identification:_identify(install) ignored
[0.252s] Level 1:colcon.colcon_core.package_identification:_identify(log) by extensions ['ignore', 'ignore_ament_install']
[0.252s] Level 1:colcon.colcon_core.package_identification:_identify(log) by extension 'ignore'
[0.252s] Level 1:colcon.colcon_core.package_identification:_identify(log) ignored
[0.252s] Level 1:colcon.colcon_core.package_identification:_identify(src) by extensions ['ignore', 'ignore_ament_install']
[0.252s] Level 1:colcon.colcon_core.package_identification:_identify(src) by extension 'ignore'
[0.252s] Level 1:colcon.colcon_core.package_identification:_identify(src) by extension 'ignore_ament_install'
[0.252s] Level 1:colcon.colcon_core.package_identification:_identify(src) by extensions ['colcon_pkg']
[0.252s] Level 1:colcon.colcon_core.package_identification:_identify(src) by extension 'colcon_pkg'
[0.252s] Level 1:colcon.colcon_core.package_identification:_identify(src) by extensions ['colcon_meta']
[0.252s] Level 1:colcon.colcon_core.package_identification:_identify(src) by extension 'colcon_meta'
[0.252s] Level 1:colcon.colcon_core.package_identification:_identify(src) by extensions ['ros']
[0.252s] Level 1:colcon.colcon_core.package_identification:_identify(src) by extension 'ros'
[0.252s] Level 1:colcon.colcon_core.package_identification:_identify(src) by extensions ['cmake', 'python']
[0.252s] Level 1:colcon.colcon_core.package_identification:_identify(src) by extension 'cmake'
[0.252s] Level 1:colcon.colcon_core.package_identification:_identify(src) by extension 'python'
[0.252s] Level 1:colcon.colcon_core.package_identification:_identify(src) by extensions ['python_setup_py']
[0.252s] Level 1:colcon.colcon_core.package_identification:_identify(src) by extension 'python_setup_py'
[0.252s] Level 1:colcon.colcon_core.package_identification:_identify(src/base) by extensions ['ignore', 'ignore_ament_install']
[0.252s] Level 1:colcon.colcon_core.package_identification:_identify(src/base) by extension 'ignore'
[0.252s] Level 1:colcon.colcon_core.package_identification:_identify(src/base) by extension 'ignore_ament_install'
[0.252s] Level 1:colcon.colcon_core.package_identification:_identify(src/base) by extensions ['colcon_pkg']
[0.252s] Level 1:colcon.colcon_core.package_identification:_identify(src/base) by extension 'colcon_pkg'
[0.252s] Level 1:colcon.colcon_core.package_identification:_identify(src/base) by extensions ['colcon_meta']
[0.252s] Level 1:colcon.colcon_core.package_identification:_identify(src/base) by extension 'colcon_meta'
[0.252s] Level 1:colcon.colcon_core.package_identification:_identify(src/base) by extensions ['ros']
[0.252s] Level 1:colcon.colcon_core.package_identification:_identify(src/base) by extension 'ros'
[0.252s] Level 1:colcon.colcon_core.package_identification:_identify(src/base) by extensions ['cmake', 'python']
[0.252s] Level 1:colcon.colcon_core.package_identification:_identify(src/base) by extension 'cmake'
[0.252s] Level 1:colcon.colcon_core.package_identification:_identify(src/base) by extension 'python'
[0.252s] Level 1:colcon.colcon_core.package_identification:_identify(src/base) by extensions ['python_setup_py']
[0.252s] Level 1:colcon.colcon_core.package_identification:_identify(src/base) by extension 'python_setup_py'
[0.252s] Level 1:colcon.colcon_core.package_identification:_identify(src/go2_lidar_snapshot) by extensions ['ignore', 'ignore_ament_install']
[0.252s] Level 1:colcon.colcon_core.package_identification:_identify(src/go2_lidar_snapshot) by extension 'ignore'
[0.252s] Level 1:colcon.colcon_core.package_identification:_identify(src/go2_lidar_snapshot) by extension 'ignore_ament_install'
[0.252s] Level 1:colcon.colcon_core.package_identification:_identify(src/go2_lidar_snapshot) by extensions ['colcon_pkg']
[0.252s] Level 1:colcon.colcon_core.package_identification:_identify(src/go2_lidar_snapshot) by extension 'colcon_pkg'
[0.252s] Level 1:colcon.colcon_core.package_identification:_identify(src/go2_lidar_snapshot) by extensions ['colcon_meta']
[0.252s] Level 1:colcon.colcon_core.package_identification:_identify(src/go2_lidar_snapshot) by extension 'colcon_meta'
[0.252s] Level 1:colcon.colcon_core.package_identification:_identify(src/go2_lidar_snapshot) by extensions ['ros']
[0.252s] Level 1:colcon.colcon_core.package_identification:_identify(src/go2_lidar_snapshot) by extension 'ros'
[0.252s] Level 1:colcon.colcon_core.package_identification:_identify(src/go2_lidar_snapshot) by extensions ['cmake', 'python']
[0.252s] Level 1:colcon.colcon_core.package_identification:_identify(src/go2_lidar_snapshot) by extension 'cmake'
[0.252s] Level 1:colcon.colcon_core.package_identification:_identify(src/go2_lidar_snapshot) by extension 'python'
[0.252s] Level 1:colcon.colcon_core.package_identification:_identify(src/go2_lidar_snapshot) by extensions ['python_setup_py']
[0.252s] Level 1:colcon.colcon_core.package_identification:_identify(src/go2_lidar_snapshot) by extension 'python_setup_py'
[0.253s] Level 1:colcon.colcon_core.package_identification:_identify(src/go2_lidar_snapshot/go2_lidar_snapshot) by extensions ['ignore', 'ignore_ament_install']
[0.253s] Level 1:colcon.colcon_core.package_identification:_identify(src/go2_lidar_snapshot/go2_lidar_snapshot) by extension 'ignore'
[0.253s] Level 1:colcon.colcon_core.package_identification:_identify(src/go2_lidar_snapshot/go2_lidar_snapshot) by extension 'ignore_ament_install'
[0.253s] Level 1:colcon.colcon_core.package_identification:_identify(src/go2_lidar_snapshot/go2_lidar_snapshot) by extensions ['colcon_pkg']
[0.253s] Level 1:colcon.colcon_core.package_identification:_identify(src/go2_lidar_snapshot/go2_lidar_snapshot) by extension 'colcon_pkg'
[0.253s] Level 1:colcon.colcon_core.package_identification:_identify(src/go2_lidar_snapshot/go2_lidar_snapshot) by extensions ['colcon_meta']
[0.253s] Level 1:colcon.colcon_core.package_identification:_identify(src/go2_lidar_snapshot/go2_lidar_snapshot) by extension 'colcon_meta'
[0.253s] Level 1:colcon.colcon_core.package_identification:_identify(src/go2_lidar_snapshot/go2_lidar_snapshot) by extensions ['ros']
[0.253s] Level 1:colcon.colcon_core.package_identification:_identify(src/go2_lidar_snapshot/go2_lidar_snapshot) by extension 'ros'
[0.254s] DEBUG:colcon.colcon_core.package_identification:Package 'src/go2_lidar_snapshot/go2_lidar_snapshot' with type 'ros.ament_cmake' and name 'go2_lidar_snapshot'
[0.254s] Level 1:colcon.colcon_core.package_identification:_identify(src/go2_safe_move) by extensions ['ignore', 'ignore_ament_install']
[0.254s] Level 1:colcon.colcon_core.package_identification:_identify(src/go2_safe_move) by extension 'ignore'
[0.254s] Level 1:colcon.colcon_core.package_identification:_identify(src/go2_safe_move) by extension 'ignore_ament_install'
[0.254s] Level 1:colcon.colcon_core.package_identification:_identify(src/go2_safe_move) by extensions ['colcon_pkg']
[0.254s] Level 1:colcon.colcon_core.package_identification:_identify(src/go2_safe_move) by extension 'colcon_pkg'
[0.254s] Level 1:colcon.colcon_core.package_identification:_identify(src/go2_safe_move) by extensions ['colcon_meta']
[0.254s] Level 1:colcon.colcon_core.package_identification:_identify(src/go2_safe_move) by extension 'colcon_meta'
[0.254s] Level 1:colcon.colcon_core.package_identification:_identify(src/go2_safe_move) by extensions ['ros']
[0.254s] Level 1:colcon.colcon_core.package_identification:_identify(src/go2_safe_move) by extension 'ros'
[0.254s] Level 1:colcon.colcon_core.package_identification:_identify(src/go2_safe_move) by extensions ['cmake', 'python']
[0.254s] Level 1:colcon.colcon_core.package_identification:_identify(src/go2_safe_move) by extension 'cmake'
[0.255s] Level 1:colcon.colcon_core.package_identification:_identify(src/go2_safe_move) by extension 'python'
[0.255s] Level 1:colcon.colcon_core.package_identification:_identify(src/go2_safe_move) by extensions ['python_setup_py']
[0.255s] Level 1:colcon.colcon_core.package_identification:_identify(src/go2_safe_move) by extension 'python_setup_py'
[0.255s] Level 1:colcon.colcon_core.package_identification:_identify(src/go2_safe_move/go2_safe_move) by extensions ['ignore', 'ignore_ament_install']
[0.255s] Level 1:colcon.colcon_core.package_identification:_identify(src/go2_safe_move/go2_safe_move) by extension 'ignore'
[0.255s] Level 1:colcon.colcon_core.package_identification:_identify(src/go2_safe_move/go2_safe_move) by extension 'ignore_ament_install'
[0.255s] Level 1:colcon.colcon_core.package_identification:_identify(src/go2_safe_move/go2_safe_move) by extensions ['colcon_pkg']
[0.255s] Level 1:colcon.colcon_core.package_identification:_identify(src/go2_safe_move/go2_safe_move) by extension 'colcon_pkg'
[0.255s] Level 1:colcon.colcon_core.package_identification:_identify(src/go2_safe_move/go2_safe_move) by extensions ['colcon_meta']
[0.255s] Level 1:colcon.colcon_core.package_identification:_identify(src/go2_safe_move/go2_safe_move) by extension 'colcon_meta'
[0.255s] Level 1:colcon.colcon_core.package_identification:_identify(src/go2_safe_move/go2_safe_move) by extensions ['ros']
[0.255s] Level 1:colcon.colcon_core.package_identification:_identify(src/go2_safe_move/go2_safe_move) by extension 'ros'
[0.255s] DEBUG:colcon.colcon_core.package_identification:Package 'src/go2_safe_move/go2_safe_move' with type 'ros.ament_cmake' and name 'go2_safe_move'
[0.255s] Level 1:colcon.colcon_core.package_identification:_identify(src/go2_sport_test) by extensions ['ignore', 'ignore_ament_install']
[0.255s] Level 1:colcon.colcon_core.package_identification:_identify(src/go2_sport_test) by extension 'ignore'
[0.255s] Level 1:colcon.colcon_core.package_identification:_identify(src/go2_sport_test) by extension 'ignore_ament_install'
[0.255s] Level 1:colcon.colcon_core.package_identification:_identify(src/go2_sport_test) by extensions ['colcon_pkg']
[0.255s] Level 1:colcon.colcon_core.package_identification:_identify(src/go2_sport_test) by extension 'colcon_pkg'
[0.255s] Level 1:colcon.colcon_core.package_identification:_identify(src/go2_sport_test) by extensions ['colcon_meta']
[0.255s] Level 1:colcon.colcon_core.package_identification:_identify(src/go2_sport_test) by extension 'colcon_meta'
[0.255s] Level 1:colcon.colcon_core.package_identification:_identify(src/go2_sport_test) by extensions ['ros']
[0.256s] Level 1:colcon.colcon_core.package_identification:_identify(src/go2_sport_test) by extension 'ros'
[0.256s] Level 1:colcon.colcon_core.package_identification:_identify(src/go2_sport_test) by extensions ['cmake', 'python']
[0.256s] Level 1:colcon.colcon_core.package_identification:_identify(src/go2_sport_test) by extension 'cmake'
[0.256s] Level 1:colcon.colcon_core.package_identification:_identify(src/go2_sport_test) by extension 'python'
[0.256s] Level 1:colcon.colcon_core.package_identification:_identify(src/go2_sport_test) by extensions ['python_setup_py']
[0.256s] Level 1:colcon.colcon_core.package_identification:_identify(src/go2_sport_test) by extension 'python_setup_py'
[0.256s] Level 1:colcon.colcon_core.package_identification:_identify(src/go2_sport_test/go2_sport_test) by extensions ['ignore', 'ignore_ament_install']
[0.256s] Level 1:colcon.colcon_core.package_identification:_identify(src/go2_sport_test/go2_sport_test) by extension 'ignore'
[0.256s] Level 1:colcon.colcon_core.package_identification:_identify(src/go2_sport_test/go2_sport_test) by extension 'ignore_ament_install'
[0.256s] Level 1:colcon.colcon_core.package_identification:_identify(src/go2_sport_test/go2_sport_test) by extensions ['colcon_pkg']
[0.256s] Level 1:colcon.colcon_core.package_identification:_identify(src/go2_sport_test/go2_sport_test) by extension 'colcon_pkg'
[0.256s] Level 1:colcon.colcon_core.package_identification:_identify(src/go2_sport_test/go2_sport_test) by extensions ['colcon_meta']
[0.256s] Level 1:colcon.colcon_core.package_identification:_identify(src/go2_sport_test/go2_sport_test) by extension 'colcon_meta'
[0.256s] Level 1:colcon.colcon_core.package_identification:_identify(src/go2_sport_test/go2_sport_test) by extensions ['ros']
[0.256s] Level 1:colcon.colcon_core.package_identification:_identify(src/go2_sport_test/go2_sport_test) by extension 'ros'
[0.256s] DEBUG:colcon.colcon_core.package_identification:Package 'src/go2_sport_test/go2_sport_test' with type 'ros.ament_cmake' and name 'go2_sport_test'
[0.256s] Level 1:colcon.colcon_core.package_identification:_identify(src/go2_state_logger) by extensions ['ignore', 'ignore_ament_install']
[0.256s] Level 1:colcon.colcon_core.package_identification:_identify(src/go2_state_logger) by extension 'ignore'
[0.256s] Level 1:colcon.colcon_core.package_identification:_identify(src/go2_state_logger) by extension 'ignore_ament_install'
[0.256s] Level 1:colcon.colcon_core.package_identification:_identify(src/go2_state_logger) by extensions ['colcon_pkg']
[0.256s] Level 1:colcon.colcon_core.package_identification:_identify(src/go2_state_logger) by extension 'colcon_pkg'
[0.256s] Level 1:colcon.colcon_core.package_identification:_identify(src/go2_state_logger) by extensions ['colcon_meta']
[0.256s] Level 1:colcon.colcon_core.package_identification:_identify(src/go2_state_logger) by extension 'colcon_meta'
[0.256s] Level 1:colcon.colcon_core.package_identification:_identify(src/go2_state_logger) by extensions ['ros']
[0.256s] Level 1:colcon.colcon_core.package_identification:_identify(src/go2_state_logger) by extension 'ros'
[0.256s] Level 1:colcon.colcon_core.package_identification:_identify(src/go2_state_logger) by extensions ['cmake', 'python']
[0.257s] Level 1:colcon.colcon_core.package_identification:_identify(src/go2_state_logger) by extension 'cmake'
[0.257s] Level 1:colcon.colcon_core.package_identification:_identify(src/go2_state_logger) by extension 'python'
[0.257s] Level 1:colcon.colcon_core.package_identification:_identify(src/go2_state_logger) by extensions ['python_setup_py']
[0.257s] Level 1:colcon.colcon_core.package_identification:_identify(src/go2_state_logger) by extension 'python_setup_py'
[0.257s] Level 1:colcon.colcon_core.package_identification:_identify(src/go2_state_logger/go2_state_logger) by extensions ['ignore', 'ignore_ament_install']
[0.257s] Level 1:colcon.colcon_core.package_identification:_identify(src/go2_state_logger/go2_state_logger) by extension 'ignore'
[0.257s] Level 1:colcon.colcon_core.package_identification:_identify(src/go2_state_logger/go2_state_logger) by extension 'ignore_ament_install'
[0.257s] Level 1:colcon.colcon_core.package_identification:_identify(src/go2_state_logger/go2_state_logger) by extensions ['colcon_pkg']
[0.257s] Level 1:colcon.colcon_core.package_identification:_identify(src/go2_state_logger/go2_state_logger) by extension 'colcon_pkg'
[0.257s] Level 1:colcon.colcon_core.package_identification:_identify(src/go2_state_logger/go2_state_logger) by extensions ['colcon_meta']
[0.257s] Level 1:colcon.colcon_core.package_identification:_identify(src/go2_state_logger/go2_state_logger) by extension 'colcon_meta'
[0.257s] Level 1:colcon.colcon_core.package_identification:_identify(src/go2_state_logger/go2_state_logger) by extensions ['ros']
[0.257s] Level 1:colcon.colcon_core.package_identification:_identify(src/go2_state_logger/go2_state_logger) by extension 'ros'
[0.257s] DEBUG:colcon.colcon_core.package_identification:Package 'src/go2_state_logger/go2_state_logger' with type 'ros.ament_cmake' and name 'go2_state_logger'
[0.257s] Level 1:colcon.colcon_core.package_identification:_identify(src/helloworld) by extensions ['ignore', 'ignore_ament_install']
[0.257s] Level 1:colcon.colcon_core.package_identification:_identify(src/helloworld) by extension 'ignore'
[0.257s] Level 1:colcon.colcon_core.package_identification:_identify(src/helloworld) by extension 'ignore_ament_install'
[0.257s] Level 1:colcon.colcon_core.package_identification:_identify(src/helloworld) by extensions ['colcon_pkg']
[0.257s] Level 1:colcon.colcon_core.package_identification:_identify(src/helloworld) by extension 'colcon_pkg'
[0.257s] Level 1:colcon.colcon_core.package_identification:_identify(src/helloworld) by extensions ['colcon_meta']
[0.257s] Level 1:colcon.colcon_core.package_identification:_identify(src/helloworld) by extension 'colcon_meta'
[0.257s] Level 1:colcon.colcon_core.package_identification:_identify(src/helloworld) by extensions ['ros']
[0.257s] Level 1:colcon.colcon_core.package_identification:_identify(src/helloworld) by extension 'ros'
[0.257s] Level 1:colcon.colcon_core.package_identification:_identify(src/helloworld) by extensions ['cmake', 'python']
[0.258s] Level 1:colcon.colcon_core.package_identification:_identify(src/helloworld) by extension 'cmake'
[0.258s] Level 1:colcon.colcon_core.package_identification:_identify(src/helloworld) by extension 'python'
[0.258s] Level 1:colcon.colcon_core.package_identification:_identify(src/helloworld) by extensions ['python_setup_py']
[0.258s] Level 1:colcon.colcon_core.package_identification:_identify(src/helloworld) by extension 'python_setup_py'
[0.258s] Level 1:colcon.colcon_core.package_identification:_identify(src/helloworld/helloworld) by extensions ['ignore', 'ignore_ament_install']
[0.258s] Level 1:colcon.colcon_core.package_identification:_identify(src/helloworld/helloworld) by extension 'ignore'
[0.258s] Level 1:colcon.colcon_core.package_identification:_identify(src/helloworld/helloworld) by extension 'ignore_ament_install'
[0.258s] Level 1:colcon.colcon_core.package_identification:_identify(src/helloworld/helloworld) by extensions ['colcon_pkg']
[0.258s] Level 1:colcon.colcon_core.package_identification:_identify(src/helloworld/helloworld) by extension 'colcon_pkg'
[0.258s] Level 1:colcon.colcon_core.package_identification:_identify(src/helloworld/helloworld) by extensions ['colcon_meta']
[0.258s] Level 1:colcon.colcon_core.package_identification:_identify(src/helloworld/helloworld) by extension 'colcon_meta'
[0.258s] Level 1:colcon.colcon_core.package_identification:_identify(src/helloworld/helloworld) by extensions ['ros']
[0.258s] Level 1:colcon.colcon_core.package_identification:_identify(src/helloworld/helloworld) by extension 'ros'
[0.258s] DEBUG:colcon.colcon_core.package_identification:Package 'src/helloworld/helloworld' with type 'ros.ament_cmake' and name 'helloworld'
[0.258s] Level 1:colcon.colcon_core.package_discovery:discover_packages(recursive) using defaults
[0.258s] Level 1:colcon.colcon_core.package_discovery:discover_packages(ignore) discover
[0.258s] Level 1:colcon.colcon_core.package_discovery:discover_packages(ignore) using defaults
[0.258s] Level 1:colcon.colcon_core.package_discovery:discover_packages(path) discover
[0.258s] Level 1:colcon.colcon_core.package_discovery:discover_packages(path) using defaults
[0.273s] INFO:colcon.colcon_core.package_selection:Skipping not selected package 'go2_safe_move' in 'src/go2_safe_move/go2_safe_move'
[0.273s] INFO:colcon.colcon_core.package_selection:Skipping not selected package 'go2_sport_test' in 'src/go2_sport_test/go2_sport_test'
[0.273s] INFO:colcon.colcon_core.package_selection:Skipping not selected package 'go2_state_logger' in 'src/go2_state_logger/go2_state_logger'
[0.273s] INFO:colcon.colcon_core.package_selection:Skipping not selected package 'helloworld' in 'src/helloworld/helloworld'
[0.273s] Level 1:colcon.colcon_core.package_discovery:discover_packages(prefix_path) check parameters
[0.273s] Level 1:colcon.colcon_core.package_discovery:discover_packages(prefix_path) discover
[0.275s] DEBUG:colcon.colcon_installed_package_information.package_discovery:Found 5 installed packages in /home/yaorz/unitree_ros2/cyclonedds_ws/install
[0.276s] DEBUG:colcon.colcon_installed_package_information.package_discovery:Found 275 installed packages in /opt/ros/humble
[0.283s] Level 1:colcon.colcon_core.package_discovery:discover_packages(prefix_path) using defaults
[0.304s] Level 5:colcon.colcon_core.verb:set package 'go2_lidar_snapshot' build argument 'cmake_args' from command line to 'None'
[0.304s] Level 5:colcon.colcon_core.verb:set package 'go2_lidar_snapshot' build argument 'cmake_target' from command line to 'None'
[0.304s] Level 5:colcon.colcon_core.verb:set package 'go2_lidar_snapshot' build argument 'cmake_target_skip_unavailable' from command line to 'False'
[0.304s] Level 5:colcon.colcon_core.verb:set package 'go2_lidar_snapshot' build argument 'cmake_clean_cache' from command line to 'False'
[0.304s] Level 5:colcon.colcon_core.verb:set package 'go2_lidar_snapshot' build argument 'cmake_clean_first' from command line to 'False'
[0.304s] Level 5:colcon.colcon_core.verb:set package 'go2_lidar_snapshot' build argument 'cmake_force_configure' from command line to 'False'
[0.304s] Level 5:colcon.colcon_core.verb:set package 'go2_lidar_snapshot' build argument 'ament_cmake_args' from command line to 'None'
[0.304s] Level 5:colcon.colcon_core.verb:set package 'go2_lidar_snapshot' build argument 'catkin_cmake_args' from command line to 'None'
[0.304s] Level 5:colcon.colcon_core.verb:set package 'go2_lidar_snapshot' build argument 'catkin_skip_building_tests' from command line to 'False'
[0.304s] DEBUG:colcon.colcon_core.verb:Building package 'go2_lidar_snapshot' with the following arguments: {'ament_cmake_args': None, 'build_base': '/home/yaorz/unitree_go2_ws/build/go2_lidar_snapshot', 'catkin_cmake_args': None, 'catkin_skip_building_tests': False, 'cmake_args': None, 'cmake_clean_cache': False, 'cmake_clean_first': False, 'cmake_force_configure': False, 'cmake_target': None, 'cmake_target_skip_unavailable': False, 'install_base': '/home/yaorz/unitree_go2_ws/install/go2_lidar_snapshot', 'merge_install': False, 'path': '/home/yaorz/unitree_go2_ws/src/go2_lidar_snapshot/go2_lidar_snapshot', 'symlink_install': False, 'test_result_base': None}
[0.304s] INFO:colcon.colcon_core.executor:Executing jobs using 'parallel' executor
[0.305s] DEBUG:colcon.colcon_parallel_executor.executor.parallel:run_until_complete
[0.305s] INFO:colcon.colcon_ros.task.ament_cmake.build:Building ROS package in '/home/yaorz/unitree_go2_ws/src/go2_lidar_snapshot/go2_lidar_snapshot' with build type 'ament_cmake'
[0.305s] INFO:colcon.colcon_cmake.task.cmake.build:Building CMake package in '/home/yaorz/unitree_go2_ws/src/go2_lidar_snapshot/go2_lidar_snapshot'
[0.307s] INFO:colcon.colcon_core.plugin_system:Skipping extension 'colcon_core.shell.bat': Not used on non-Windows systems
[0.308s] INFO:colcon.colcon_core.shell:Skip shell extension 'powershell' for command environment: Not usable outside of PowerShell
[0.308s] DEBUG:colcon.colcon_core.shell:Skip shell extension 'dsv' for command environment
[0.315s] DEBUG:colcon.colcon_core.event_handler.log_command:Invoking command in '/home/yaorz/unitree_go2_ws/build/go2_lidar_snapshot': CMAKE_PREFIX_PATH=${CMAKE_PREFIX_PATH}:/opt/ros/humble /usr/bin/cmake /home/yaorz/unitree_go2_ws/src/go2_lidar_snapshot/go2_lidar_snapshot -DCMAKE_INSTALL_PREFIX=/home/yaorz/unitree_go2_ws/install/go2_lidar_snapshot
[1.140s] DEBUG:colcon.colcon_core.event_handler.log_command:Invoked command in '/home/yaorz/unitree_go2_ws/build/go2_lidar_snapshot' returned '0': CMAKE_PREFIX_PATH=${CMAKE_PREFIX_PATH}:/opt/ros/humble /usr/bin/cmake /home/yaorz/unitree_go2_ws/src/go2_lidar_snapshot/go2_lidar_snapshot -DCMAKE_INSTALL_PREFIX=/home/yaorz/unitree_go2_ws/install/go2_lidar_snapshot
[1.141s] DEBUG:colcon.colcon_core.event_handler.log_command:Invoking command in '/home/yaorz/unitree_go2_ws/build/go2_lidar_snapshot': CMAKE_PREFIX_PATH=${CMAKE_PREFIX_PATH}:/opt/ros/humble /usr/bin/cmake --build /home/yaorz/unitree_go2_ws/build/go2_lidar_snapshot -- -j16 -l16
[4.245s] Level 1:colcon.colcon_core.environment:create_environment_scripts_only(go2_lidar_snapshot)
[4.246s] DEBUG:colcon.colcon_core.event_handler.log_command:Invoked command in '/home/yaorz/unitree_go2_ws/build/go2_lidar_snapshot' returned '2': CMAKE_PREFIX_PATH=${CMAKE_PREFIX_PATH}:/opt/ros/humble /usr/bin/cmake --build /home/yaorz/unitree_go2_ws/build/go2_lidar_snapshot -- -j16 -l16
[4.248s] Level 1:colcon.colcon_core.environment:checking '/home/yaorz/unitree_go2_ws/install/go2_lidar_snapshot' for CMake module files
[4.249s] Level 1:colcon.colcon_core.environment:checking '/home/yaorz/unitree_go2_ws/install/go2_lidar_snapshot' for CMake config files
[4.249s] Level 1:colcon.colcon_core.environment:checking '/home/yaorz/unitree_go2_ws/install/go2_lidar_snapshot/bin'
[4.249s] Level 1:colcon.colcon_core.environment:checking '/home/yaorz/unitree_go2_ws/install/go2_lidar_snapshot/lib/pkgconfig/go2_lidar_snapshot.pc'
[4.249s] Level 1:colcon.colcon_core.environment:checking '/home/yaorz/unitree_go2_ws/install/go2_lidar_snapshot/lib/python3.10/site-packages'
[4.249s] Level 1:colcon.colcon_core.environment:checking '/home/yaorz/unitree_go2_ws/install/go2_lidar_snapshot/bin'
[4.249s] INFO:colcon.colcon_core.shell:Creating package script '/home/yaorz/unitree_go2_ws/install/go2_lidar_snapshot/share/go2_lidar_snapshot/package.ps1'
[4.250s] INFO:colcon.colcon_core.shell:Creating package descriptor '/home/yaorz/unitree_go2_ws/install/go2_lidar_snapshot/share/go2_lidar_snapshot/package.dsv'
[4.250s] INFO:colcon.colcon_core.shell:Creating package script '/home/yaorz/unitree_go2_ws/install/go2_lidar_snapshot/share/go2_lidar_snapshot/package.sh'
[4.251s] INFO:colcon.colcon_core.shell:Creating package script '/home/yaorz/unitree_go2_ws/install/go2_lidar_snapshot/share/go2_lidar_snapshot/package.bash'
[4.251s] INFO:colcon.colcon_core.shell:Creating package script '/home/yaorz/unitree_go2_ws/install/go2_lidar_snapshot/share/go2_lidar_snapshot/package.zsh'
[4.252s] Level 1:colcon.colcon_core.environment:create_file_with_runtime_dependencies(/home/yaorz/unitree_go2_ws/install/go2_lidar_snapshot/share/colcon-core/packages/go2_lidar_snapshot)
[4.262s] DEBUG:colcon.colcon_parallel_executor.executor.parallel:closing loop
[4.262s] DEBUG:colcon.colcon_parallel_executor.executor.parallel:loop closed
[4.262s] DEBUG:colcon.colcon_parallel_executor.executor.parallel:run_until_complete finished with '2'
[4.262s] DEBUG:colcon.colcon_core.event_reactor:joining thread
[4.269s] INFO:colcon.colcon_core.plugin_system:Skipping extension 'colcon_notification.desktop_notification.terminal_notifier': Not used on non-Darwin systems
[4.269s] INFO:colcon.colcon_core.plugin_system:Skipping extension 'colcon_notification.desktop_notification.win32': Not used on non-Windows systems
[4.269s] INFO:colcon.colcon_notification.desktop_notification:Sending desktop notification using 'notify2'
[4.279s] DEBUG:colcon.colcon_core.event_reactor:joined thread
[4.279s] INFO:colcon.colcon_core.shell:Creating prefix script '/home/yaorz/unitree_go2_ws/install/local_setup.ps1'
[4.281s] INFO:colcon.colcon_core.shell:Creating prefix util module '/home/yaorz/unitree_go2_ws/install/_local_setup_util_ps1.py'
[4.283s] INFO:colcon.colcon_core.shell:Creating prefix chain script '/home/yaorz/unitree_go2_ws/install/setup.ps1'
[4.285s] INFO:colcon.colcon_core.shell:Creating prefix script '/home/yaorz/unitree_go2_ws/install/local_setup.sh'
[4.286s] INFO:colcon.colcon_core.shell:Creating prefix util module '/home/yaorz/unitree_go2_ws/install/_local_setup_util_sh.py'
[4.287s] INFO:colcon.colcon_core.shell:Creating prefix chain script '/home/yaorz/unitree_go2_ws/install/setup.sh'
[4.289s] INFO:colcon.colcon_core.shell:Creating prefix script '/home/yaorz/unitree_go2_ws/install/local_setup.bash'
[4.290s] INFO:colcon.colcon_core.shell:Creating prefix chain script '/home/yaorz/unitree_go2_ws/install/setup.bash'
[4.292s] INFO:colcon.colcon_core.shell:Creating prefix script '/home/yaorz/unitree_go2_ws/install/local_setup.zsh'
[4.293s] INFO:colcon.colcon_core.shell:Creating prefix chain script '/home/yaorz/unitree_go2_ws/install/setup.zsh'
