-- The C compiler identification is GNU 11.4.0
-- The CXX compiler identification is GNU 11.4.0
-- Detecting C compiler ABI info
-- Detecting C compiler ABI info - done
-- Check for working C compiler: /usr/bin/cc - skipped
-- Detecting C compile features
-- Detecting C compile features - done
-- Detecting CXX compiler ABI info
-- Detecting CXX compiler ABI info - done
-- Check for working CXX compiler: /usr/bin/c++ - skipped
-- Detecting CXX compile features
-- Detecting CXX compile features - done
-- Found ament_cmake: 1.3.14 (/opt/ros/humble/share/ament_cmake/cmake)
-- Found Python3: /usr/bin/python3 (found version "3.10.12") found components: Interpreter 
-- Found rclcpp: 16.0.19 (/opt/ros/humble/share/rclcpp/cmake)
-- Found rosidl_generator_c: 3.1.8 (/opt/ros/humble/share/rosidl_generator_c/cmake)
-- Found rosidl_adapter: 3.1.8 (/opt/ros/humble/share/rosidl_adapter/cmake)
-- Found rosidl_generator_cpp: 3.1.8 (/opt/ros/humble/share/rosidl_generator_cpp/cmake)
-- Using all available rosidl_typesupport_c: rosidl_typesupport_fastrtps_c;rosidl_typesupport_introspection_c
-- Using all available rosidl_typesupport_cpp: rosidl_typesupport_fastrtps_cpp;rosidl_typesupport_introspection_cpp
-- Found rmw_implementation_cmake: 6.1.2 (/opt/ros/humble/share/rmw_implementation_cmake/cmake)
-- Found rmw_cyclonedds_cpp: 1.3.4 (/home/yaorz/unitree_ros2/cyclonedds_ws/install/rmw_cyclonedds_cpp/share/rmw_cyclonedds_cpp/cmake)
-- Using RMW implementation 'rmw_cyclonedds_cpp' as default
-- Looking for pthread.h
-- Looking for pthread.h - found
-- Performing Test CMAKE_HAVE_LIBC_PTHREAD
-- Performing Test CMAKE_HAVE_LIBC_PTHREAD - Success
-- Found Threads: TRUE  
-- Found unitree_go: 0.0.0 (/home/yaorz/unitree_ros2/cyclonedds_ws/install/unitree_go/share/unitree_go/cmake)
-- Found nav_msgs: 4.9.1 (/opt/ros/humble/share/nav_msgs/cmake)
-- Found ament_lint_auto: 0.12.15 (/opt/ros/humble/share/ament_lint_auto/cmake)
-- Added test 'cppcheck' to perform static code analysis on C / C++ code
-- Configured cppcheck include dirs: $<BUILD_INTERFACE:/home/yaorz/unitree_go2_ws/src/go2_state_logger/go2_state_logger/include>
-- Configured cppcheck exclude dirs and/or files: 
-- Added test 'lint_cmake' to check CMake code style
-- Added test 'uncrustify' to check C / C++ code style
-- Configured uncrustify additional arguments: 
-- Added test 'xmllint' to check XML markup files
-- Configuring done
-- Generating done
-- Build files have been written to: /home/yaorz/unitree_go2_ws/build/go2_state_logger
[ 50%] [32mBuilding CXX object CMakeFiles/go2_state_logger.dir/src/go2_state_logger.cpp.o[0m
[01m[K/home/yaorz/unitree_go2_ws/src/go2_state_logger/go2_state_logger/src/go2_state_logger.cpp:[m[K In member function ‘[01m[Kvoid Go2StateLogger::on_sport_state(unitree_go::msg::SportModeState_<std::allocator<void> >::SharedPtr)[m[K’:
[01m[K/home/yaorz/unitree_go2_ws/src/go2_state_logger/go2_state_logger/src/go2_state_logger.cpp:94:37:[m[K [01;31m[Kerror: [m[Kcannot convert ‘[01m[Kunitree_go::msg::SportModeState_<std::allocator<void> >::_stamp_type[m[K’ {aka ‘[01m[Kunitree_go::msg::TimeSpec_<std::allocator<void> >[m[K’} to ‘[01m[Kconst Time&[m[K’ {aka ‘[01m[Kconst builtin_interfaces::msg::Time_<std::allocator<void> >&[m[K’}
   94 |     write_row(stamp_to_seconds([01;31m[Kmsg->stamp[m[K));
      |                                [01;31m[K~~~~~^~~~~[m[K
      |                                     [01;31m[K|[m[K
      |                                     [01;31m[Kunitree_go::msg::SportModeState_<std::allocator<void> >::_stamp_type {aka unitree_go::msg::TimeSpec_<std::allocator<void> >}[m[K
[01m[K/home/yaorz/unitree_go2_ws/src/go2_state_logger/go2_state_logger/src/go2_state_logger.cpp:63:72:[m[K [01;36m[Knote: [m[K  initializing argument 1 of ‘[01m[Kstatic double Go2StateLogger::stamp_to_seconds(const Time&)[m[K’
   63 |   static double stamp_to_seconds([01;36m[Kconst builtin_interfaces::msg::Time & stamp[m[K) {
      |                                  [01;36m[K~~~~~~~~~~~~~~~~~~~~~~~~~~~~~~~~~~~~~~^~~~~[m[K
gmake[2]: *** [CMakeFiles/go2_state_logger.dir/build.make:76：CMakeFiles/go2_state_logger.dir/src/go2_state_logger.cpp.o] 错误 1
gmake[1]: *** [CMakeFiles/Makefile2:137：CMakeFiles/go2_state_logger.dir/all] 错误 2
gmake: *** [Makefile:146：all] 错误 2
