[0.008s] Invoking command in '/home/yaorz/unitree_go2_ws/build/go2_state_logger': CMAKE_PREFIX_PATH=${CMAKE_PREFIX_PATH}:/opt/ros/humble /usr/bin/cmake /home/yaorz/unitree_go2_ws/src/go2_state_logger/go2_state_logger -DCMAKE_INSTALL_PREFIX=/home/yaorz/unitree_go2_ws/install/go2_state_logger
[0.052s] -- The C compiler identification is GNU 11.4.0
[0.095s] -- The CXX compiler identification is GNU 11.4.0
[0.100s] -- Detecting C compiler ABI info
[0.161s] -- Detecting C compiler ABI info - done
[0.165s] -- Check for working C compiler: /usr/bin/cc - skipped
[0.165s] -- Detecting C compile features
[0.165s] -- Detecting C compile features - done
[0.167s] -- Detecting CXX compiler ABI info
[0.238s] -- Detecting CXX compiler ABI info - done
[0.242s] -- Check for working CXX compiler: /usr/bin/c++ - skipped
[0.242s] -- Detecting CXX compile features
[0.242s] -- Detecting CXX compile features - done
[0.244s] -- Found ament_cmake: 1.3.14 (/opt/ros/humble/share/ament_cmake/cmake)
[0.343s] -- Found Python3: /usr/bin/python3 (found version "3.10.12") found components: Interpreter 
[0.429s] -- Found rclcpp: 16.0.19 (/opt/ros/humble/share/rclcpp/cmake)
[0.460s] -- Found rosidl_generator_c: 3.1.8 (/opt/ros/humble/share/rosidl_generator_c/cmake)
[0.464s] -- Found rosidl_adapter: 3.1.8 (/opt/ros/humble/share/rosidl_adapter/cmake)
[0.470s] -- Found rosidl_generator_cpp: 3.1.8 (/opt/ros/humble/share/rosidl_generator_cpp/cmake)
[0.478s] -- Using all available rosidl_typesupport_c: rosidl_typesupport_fastrtps_c;rosidl_typesupport_introspection_c
[0.489s] -- Using all available rosidl_typesupport_cpp: rosidl_typesupport_fastrtps_cpp;rosidl_typesupport_introspection_cpp
[0.521s] -- Found rmw_implementation_cmake: 6.1.2 (/opt/ros/humble/share/rmw_implementation_cmake/cmake)
[0.522s] -- Found rmw_cyclonedds_cpp: 1.3.4 (/home/yaorz/unitree_ros2/cyclonedds_ws/install/rmw_cyclonedds_cpp/share/rmw_cyclonedds_cpp/cmake)
[0.536s] -- Using RMW implementation 'rmw_cyclonedds_cpp' as default
[0.542s] -- Looking for pthread.h
[0.606s] -- Looking for pthread.h - found
[0.606s] -- Performing Test CMAKE_HAVE_LIBC_PTHREAD
[0.666s] -- Performing Test CMAKE_HAVE_LIBC_PTHREAD - Success
[0.667s] -- Found Threads: TRUE  
[0.717s] -- Found unitree_go: 0.0.0 (/home/yaorz/unitree_ros2/cyclonedds_ws/install/unitree_go/share/unitree_go/cmake)
[0.744s] -- Found nav_msgs: 4.9.1 (/opt/ros/humble/share/nav_msgs/cmake)
[0.760s] -- Found ament_lint_auto: 0.12.15 (/opt/ros/humble/share/ament_lint_auto/cmake)
[0.818s] -- Added test 'cppcheck' to perform static code analysis on C / C++ code
[0.818s] -- Configured cppcheck include dirs: $<BUILD_INTERFACE:/home/yaorz/unitree_go2_ws/src/go2_state_logger/go2_state_logger/include>
[0.818s] -- Configured cppcheck exclude dirs and/or files: 
[0.818s] -- Added test 'lint_cmake' to check CMake code style
[0.819s] -- Added test 'uncrustify' to check C / C++ code style
[0.819s] -- Configured uncrustify additional arguments: 
[0.819s] -- Added test 'xmllint' to check XML markup files
[0.820s] -- Configuring done
[0.829s] -- Generating done
[0.832s] -- Build files have been written to: /home/yaorz/unitree_go2_ws/build/go2_state_logger
[0.840s] Invoked command in '/home/yaorz/unitree_go2_ws/build/go2_state_logger' returned '0': CMAKE_PREFIX_PATH=${CMAKE_PREFIX_PATH}:/opt/ros/humble /usr/bin/cmake /home/yaorz/unitree_go2_ws/src/go2_state_logger/go2_state_logger -DCMAKE_INSTALL_PREFIX=/home/yaorz/unitree_go2_ws/install/go2_state_logger
[0.841s] Invoking command in '/home/yaorz/unitree_go2_ws/build/go2_state_logger': CMAKE_PREFIX_PATH=${CMAKE_PREFIX_PATH}:/opt/ros/humble /usr/bin/cmake --build /home/yaorz/unitree_go2_ws/build/go2_state_logger -- -j16 -l16
[0.884s] [ 50%] [32mBuilding CXX object CMakeFiles/go2_state_logger.dir/src/go2_state_logger.cpp.o[0m
[2.618s] [01m[K/home/yaorz/unitree_go2_ws/src/go2_state_logger/go2_state_logger/src/go2_state_logger.cpp:[m[K In member function ‘[01m[Kvoid Go2StateLogger::on_sport_state(unitree_go::msg::SportModeState_<std::allocator<void> >::SharedPtr)[m[K’:
[2.618s] [01m[K/home/yaorz/unitree_go2_ws/src/go2_state_logger/go2_state_logger/src/go2_state_logger.cpp:94:37:[m[K [01;31m[Kerror: [m[Kcannot convert ‘[01m[Kunitree_go::msg::SportModeState_<std::allocator<void> >::_stamp_type[m[K’ {aka ‘[01m[Kunitree_go::msg::TimeSpec_<std::allocator<void> >[m[K’} to ‘[01m[Kconst Time&[m[K’ {aka ‘[01m[Kconst builtin_interfaces::msg::Time_<std::allocator<void> >&[m[K’}
[2.618s]    94 |     write_row(stamp_to_seconds([01;31m[Kmsg->stamp[m[K));
[2.618s]       |                                [01;31m[K~~~~~^~~~~[m[K
[2.618s]       |                                     [01;31m[K|[m[K
[2.618s]       |                                     [01;31m[Kunitree_go::msg::SportModeState_<std::allocator<void> >::_stamp_type {aka unitree_go::msg::TimeSpec_<std::allocator<void> >}[m[K
[2.618s] [01m[K/home/yaorz/unitree_go2_ws/src/go2_state_logger/go2_state_logger/src/go2_state_logger.cpp:63:72:[m[K [01;36m[Knote: [m[K  initializing argument 1 of ‘[01m[Kstatic double Go2StateLogger::stamp_to_seconds(const Time&)[m[K’
[2.618s]    63 |   static double stamp_to_seconds([01;36m[Kconst builtin_interfaces::msg::Time & stamp[m[K) {
[2.618s]       |                                  [01;36m[K~~~~~~~~~~~~~~~~~~~~~~~~~~~~~~~~~~~~~~^~~~~[m[K
[4.808s] gmake[2]: *** [CMakeFiles/go2_state_logger.dir/build.make:76：CMakeFiles/go2_state_logger.dir/src/go2_state_logger.cpp.o] 错误 1
[4.809s] gmake[1]: *** [CMakeFiles/Makefile2:137：CMakeFiles/go2_state_logger.dir/all] 错误 2
[4.809s] gmake: *** [Makefile:146：all] 错误 2
[4.811s] Invoked command in '/home/yaorz/unitree_go2_ws/build/go2_state_logger' returned '2': CMAKE_PREFIX_PATH=${CMAKE_PREFIX_PATH}:/opt/ros/humble /usr/bin/cmake --build /home/yaorz/unitree_go2_ws/build/go2_state_logger -- -j16 -l16
