[0.010s] Invoking command in '/home/yaorz/unitree_go2_ws/build/helloworld': CMAKE_PREFIX_PATH=${CMAKE_PREFIX_PATH}:/opt/ros/humble /usr/bin/cmake --build /home/yaorz/unitree_go2_ws/build/helloworld -- -j16 -l16
[0.048s] [35m[1mConsolidate compiler generated dependencies of target hello[0m
[0.062s] [ 50%] [32mBuilding CXX object CMakeFiles/hello.dir/src/hello.cpp.o[0m
[2.857s] [100%] [32m[1mLinking CXX executable hello[0m
[2.985s] [100%] Built target hello
[2.997s] Invoked command in '/home/yaorz/unitree_go2_ws/build/helloworld' returned '0': CMAKE_PREFIX_PATH=${CMAKE_PREFIX_PATH}:/opt/ros/humble /usr/bin/cmake --build /home/yaorz/unitree_go2_ws/build/helloworld -- -j16 -l16
[3.006s] Invoking command in '/home/yaorz/unitree_go2_ws/build/helloworld': CMAKE_PREFIX_PATH=${CMAKE_PREFIX_PATH}:/opt/ros/humble /usr/bin/cmake --install /home/yaorz/unitree_go2_ws/build/helloworld
[3.012s] -- Install configuration: ""
[3.012s] -- Installing: /home/yaorz/unitree_go2_ws/install/helloworld/lib/helloworld/hello
[3.013s] -- Set runtime path of "/home/yaorz/unitree_go2_ws/install/helloworld/lib/helloworld/hello" to ""
[3.013s] -- Up-to-date: /home/yaorz/unitree_go2_ws/install/helloworld/share/ament_index/resource_index/package_run_dependencies/helloworld
[3.013s] -- Up-to-date: /home/yaorz/unitree_go2_ws/install/helloworld/share/ament_index/resource_index/parent_prefix_path/helloworld
[3.013s] -- Up-to-date: /home/yaorz/unitree_go2_ws/install/helloworld/share/helloworld/environment/ament_prefix_path.sh
[3.013s] -- Up-to-date: /home/yaorz/unitree_go2_ws/install/helloworld/share/helloworld/environment/ament_prefix_path.dsv
[3.014s] -- Up-to-date: /home/yaorz/unitree_go2_ws/install/helloworld/share/helloworld/environment/path.sh
[3.014s] -- Up-to-date: /home/yaorz/unitree_go2_ws/install/helloworld/share/helloworld/environment/path.dsv
[3.014s] -- Up-to-date: /home/yaorz/unitree_go2_ws/install/helloworld/share/helloworld/local_setup.bash
[3.014s] -- Up-to-date: /home/yaorz/unitree_go2_ws/install/helloworld/share/helloworld/local_setup.sh
[3.014s] -- Up-to-date: /home/yaorz/unitree_go2_ws/install/helloworld/share/helloworld/local_setup.zsh
[3.014s] -- Up-to-date: /home/yaorz/unitree_go2_ws/install/helloworld/share/helloworld/local_setup.dsv
[3.014s] -- Installing: /home/yaorz/unitree_go2_ws/install/helloworld/share/helloworld/package.dsv
[3.014s] -- Up-to-date: /home/yaorz/unitree_go2_ws/install/helloworld/share/ament_index/resource_index/packages/helloworld
[3.014s] -- Up-to-date: /home/yaorz/unitree_go2_ws/install/helloworld/share/helloworld/cmake/helloworldConfig.cmake
[3.014s] -- Up-to-date: /home/yaorz/unitree_go2_ws/install/helloworld/share/helloworld/cmake/helloworldConfig-version.cmake
[3.014s] -- Up-to-date: /home/yaorz/unitree_go2_ws/install/helloworld/share/helloworld/package.xml
[3.015s] Invoked command in '/home/yaorz/unitree_go2_ws/build/helloworld' returned '0': CMAKE_PREFIX_PATH=${CMAKE_PREFIX_PATH}:/opt/ros/humble /usr/bin/cmake --install /home/yaorz/unitree_go2_ws/build/helloworld
