[0.009s] Invoking command in '/home/yaorz/unitree_go2_ws/build/helloworld': CMAKE_PREFIX_PATH=${CMAKE_PREFIX_PATH}:/opt/ros/humble /usr/bin/cmake --build /home/yaorz/unitree_go2_ws/build/helloworld -- -j16 -l16
[0.051s] [35m[1mConsolidate compiler generated dependencies of target hello[0m
[0.066s] [ 50%] [32mBuilding CXX object CMakeFiles/hello.dir/src/hello.cpp.o[0m
[1.587s] [01m[K/home/yaorz/unitree_go2_ws/src/helloworld/helloworld/src/hello.cpp:17:3:[m[K [01;31m[Kerror: [m[K‘[01m[Krclcpp[m[K’ does not name a type
[1.587s]    17 |   [01;31m[Krclcpp[m[K:Publisher<unitree_api::msg::Request>::SharedPtr publisher_;
[1.587s]       |   [01;31m[K^~~~~~[m[K
[1.591s] [01m[K/home/yaorz/unitree_go2_ws/src/helloworld/helloworld/src/hello.cpp:[m[K In constructor ‘[01m[KHelloWorld::HelloWorld()[m[K’:
[1.591s] [01m[K/home/yaorz/unitree_go2_ws/src/helloworld/helloworld/src/hello.cpp:9:5:[m[K [01;31m[Kerror: [m[K‘[01m[Kpublisher_[m[K’ was not declared in this scope; did you mean ‘[01m[Krmw_publisher_t[m[K’?
[1.591s]     9 |     [01;31m[Kpublisher_[m[K = this->create_publisher<unitree_api::msg::Request>("/api/sport/request", 10);
[1.591s]       |     [01;31m[K^~~~~~~~~~[m[K
[1.592s]       |     [32m[Krmw_publisher_t[m[K
[1.596s] [01m[K/home/yaorz/unitree_go2_ws/src/helloworld/helloworld/src/hello.cpp:12:7:[m[K [01;31m[Kerror: [m[K‘[01m[Kls[m[K’ was not declared in this scope
[1.597s]    12 |       [01;31m[Kls[m[K,
[1.597s]       |       [01;31m[K^~[m[K
[1.600s] [01m[K/home/yaorz/unitree_go2_ws/src/helloworld/helloworld/src/hello.cpp:[m[K In member function ‘[01m[Kvoid HelloWorld::on_timer()[m[K’:
[1.600s] [01m[K/home/yaorz/unitree_go2_ws/src/helloworld/helloworld/src/hello.cpp:24:13:[m[K [01;31m[Kerror: [m[K‘[01m[Kstruct unitree_api::msg::Request_<std::allocator<void> >[m[K’ has no member named ‘[01m[Kcommand[m[K’
[1.600s]    24 |     message.[01;31m[Kcommand[m[K = "Hello, ROS2!";
[1.600s]       |             [01;31m[K^~~~~~~[m[K
[1.604s] [01m[K/home/yaorz/unitree_go2_ws/src/helloworld/helloworld/src/hello.cpp:25:5:[m[K [01;31m[Kerror: [m[K‘[01m[Kpublisher_[m[K’ was not declared in this scope; did you mean ‘[01m[Krmw_publisher_t[m[K’?
[1.604s]    25 |     [01;31m[Kpublisher_[m[K->publish(message);
[1.604s]       |     [01;31m[K^~~~~~~~~~[m[K
[1.604s]       |     [32m[Krmw_publisher_t[m[K
[2.063s] gmake[2]: *** [CMakeFiles/hello.dir/build.make:76：CMakeFiles/hello.dir/src/hello.cpp.o] 错误 1
[2.064s] gmake[1]: *** [CMakeFiles/Makefile2:137：CMakeFiles/hello.dir/all] 错误 2
[2.064s] gmake: *** [Makefile:146：all] 错误 2
[2.067s] Invoked command in '/home/yaorz/unitree_go2_ws/build/helloworld' returned '2': CMAKE_PREFIX_PATH=${CMAKE_PREFIX_PATH}:/opt/ros/humble /usr/bin/cmake --build /home/yaorz/unitree_go2_ws/build/helloworld -- -j16 -l16
