[0.055s] DEBUG:colcon:Command line arguments: ['/usr/bin/colcon', 'build', '--packages-select', 'go2_safe_move']
[0.056s] DEBUG:colcon:Parsed command line arguments: Namespace(log_base=None, log_level=None, verb_name='build', build_base='build', install_base='install', merge_install=False, symlink_install=False, test_result_base=None, continue_on_error=False, executor='parallel', parallel_workers=16, event_handlers=None, ignore_user_meta=False, metas=['./colcon.meta'], base_paths=['.'], packages_ignore=None, packages_ignore_regex=None, paths=None, packages_up_to=None, packages_up_to_regex=None, packages_above=None, packages_above_and_dependencies=None, packages_above_depth=None, packages_select_by_dep=None, packages_skip_by_dep=None, packages_skip_up_to=None, packages_select_build_failed=False, packages_skip_build_finished=False, packages_select_test_failures=False, packages_skip_test_passed=False, packages_select=['go2_safe_move'], packages_skip=None, packages_select_regex=None, packages_skip_regex=None, packages_start=None, packages_end=None, allow_overriding=[], cmake_args=None, cmake_target=None, cmake_target_skip_unavailable=False, cmake_clean_cache=False, cmake_clean_first=False, cmake_force_configure=False, ament_cmake_args=None, catkin_cmake_args=None, catkin_skip_building_tests=False, verb_parser=<colcon_defaults.argument_parser.defaults.DefaultArgumentsDecorator object at 0x7cb43472ffd0>, verb_extension=<colcon_core.verb.build.BuildVerb object at 0x7cb43472fa30>, main=<bound method BuildVerb.main of <colcon_core.verb.build.BuildVerb object at 0x7cb43472fa30>>)
[0.131s] Level 1:colcon.colcon_core.package_discovery:discover_packages(colcon_meta) check parameters
[0.131s] Level 1:colcon.colcon_core.package_discovery:discover_packages(recursive) check parameters
[0.131s] Level 1:colcon.colcon_core.package_discovery:discover_packages(ignore) check parameters
[0.131s] Level 1:colcon.colcon_core.package_discovery:discover_packages(path) check parameters
[0.131s] Level 1:colcon.colcon_core.package_discovery:discover_packages(colcon_meta) discover
[0.131s] Level 1:colcon.colcon_core.package_discovery:discover_packages(recursive) discover
[0.131s] INFO:colcon.colcon_core.package_discovery:Crawling recursively for packages in '/home/yaorz/unitree_go2_ws'
[0.131s] Level 1:colcon.colcon_core.package_identification:_identify(.) by extensions ['ignore', 'ignore_ament_install']
[0.131s] Level 1:colcon.colcon_core.package_identification:_identify(.) by extension 'ignore'
[0.131s] Level 1:colcon.colcon_core.package_identification:_identify(.) by extension 'ignore_ament_install'
[0.131s] Level 1:colcon.colcon_core.package_identification:_identify(.) by extensions ['colcon_pkg']
[0.131s] Level 1:colcon.colcon_core.package_identification:_identify(.) by extension 'colcon_pkg'
[0.131s] Level 1:colcon.colcon_core.package_identification:_identify(.) by extensions ['colcon_meta']
[0.131s] Level 1:colcon.colcon_core.package_identification:_identify(.) by extension 'colcon_meta'
[0.131s] Level 1:colcon.colcon_core.package_identification:_identify(.) by extensions ['ros']
[0.131s] Level 1:colcon.colcon_core.package_identification:_identify(.) by extension 'ros'
[0.137s] Level 1:colcon.colcon_core.package_identification:_identify(.) by extensions ['cmake', 'python']
[0.138s] Level 1:colcon.colcon_core.package_identification:_identify(.) by extension 'cmake'
[0.138s] Level 1:colcon.colcon_core.package_identification:_identify(.) by extension 'python'
[0.138s] Level 1:colcon.colcon_core.package_identification:_identify(.) by extensions ['python_setup_py']
[0.138s] Level 1:colcon.colcon_core.package_identification:_identify(.) by extension 'python_setup_py'
[0.138s] Level 1:colcon.colcon_core.package_identification:_identify(build) by extensions ['ignore', 'ignore_ament_install']
[0.138s] Level 1:colcon.colcon_core.package_identification:_identify(build) by extension 'ignore'
[0.138s] Level 1:colcon.colcon_core.package_identification:_identify(build) ignored
[0.138s] Level 1:colcon.colcon_core.package_identification:_identify(install) by extensions ['ignore', 'ignore_ament_install']
[0.138s] Level 1:colcon.colcon_core.package_identification:_identify(install) by extension 'ignore'
[0.138s] Level 1:colcon.colcon_core.package_identification:_identify(install) ignored
[0.138s] Level 1:colcon.colcon_core.package_identification:_identify(log) by extensions ['ignore', 'ignore_ament_install']
[0.138s] Level 1:colcon.colcon_core.package_identification:_identify(log) by extension 'ignore'
[0.138s] Level 1:colcon.colcon_core.package_identification:_identify(log) ignored
[0.138s] Level 1:colcon.colcon_core.package_identification:_identify(src) by extensions ['ignore', 'ignore_ament_install']
[0.138s] Level 1:colcon.colcon_core.package_identification:_identify(src) by extension 'ignore'
[0.138s] Level 1:colcon.colcon_core.package_identification:_identify(src) by extension 'ignore_ament_install'
[0.138s] Level 1:colcon.colcon_core.package_identification:_identify(src) by extensions ['colcon_pkg']
[0.138s] Level 1:colcon.colcon_core.package_identification:_identify(src) by extension 'colcon_pkg'
[0.138s] Level 1:colcon.colcon_core.package_identification:_identify(src) by extensions ['colcon_meta']
[0.138s] Level 1:colcon.colcon_core.package_identification:_identify(src) by extension 'colcon_meta'
[0.138s] Level 1:colcon.colcon_core.package_identification:_identify(src) by extensions ['ros']
[0.138s] Level 1:colcon.colcon_core.package_identification:_identify(src) by extension 'ros'
[0.138s] Level 1:colcon.colcon_core.package_identification:_identify(src) by extensions ['cmake', 'python']
[0.138s] Level 1:colcon.colcon_core.package_identification:_identify(src) by extension 'cmake'
[0.138s] Level 1:colcon.colcon_core.package_identification:_identify(src) by extension 'python'
[0.138s] Level 1:colcon.colcon_core.package_identification:_identify(src) by extensions ['python_setup_py']
[0.138s] Level 1:colcon.colcon_core.package_identification:_identify(src) by extension 'python_setup_py'
[0.138s] Level 1:colcon.colcon_core.package_identification:_identify(src/base) by extensions ['ignore', 'ignore_ament_install']
[0.138s] Level 1:colcon.colcon_core.package_identification:_identify(src/base) by extension 'ignore'
[0.138s] Level 1:colcon.colcon_core.package_identification:_identify(src/base) by extension 'ignore_ament_install'
[0.138s] Level 1:colcon.colcon_core.package_identification:_identify(src/base) by extensions ['colcon_pkg']
[0.138s] Level 1:colcon.colcon_core.package_identification:_identify(src/base) by extension 'colcon_pkg'
[0.138s] Level 1:colcon.colcon_core.package_identification:_identify(src/base) by extensions ['colcon_meta']
[0.138s] Level 1:colcon.colcon_core.package_identification:_identify(src/base) by extension 'colcon_meta'
[0.138s] Level 1:colcon.colcon_core.package_identification:_identify(src/base) by extensions ['ros']
[0.138s] Level 1:colcon.colcon_core.package_identification:_identify(src/base) by extension 'ros'
[0.138s] Level 1:colcon.colcon_core.package_identification:_identify(src/base) by extensions ['cmake', 'python']
[0.138s] Level 1:colcon.colcon_core.package_identification:_identify(src/base) by extension 'cmake'
[0.138s] Level 1:colcon.colcon_core.package_identification:_identify(src/base) by extension 'python'
[0.138s] Level 1:colcon.colcon_core.package_identification:_identify(src/base) by extensions ['python_setup_py']
[0.138s] Level 1:colcon.colcon_core.package_identification:_identify(src/base) by extension 'python_setup_py'
[0.139s] Level 1:colcon.colcon_core.package_identification:_identify(src/go2_safe_move) by extensions ['ignore', 'ignore_ament_install']
[0.139s] Level 1:colcon.colcon_core.package_identification:_identify(src/go2_safe_move) by extension 'ignore'
[0.139s] Level 1:colcon.colcon_core.package_identification:_identify(src/go2_safe_move) by extension 'ignore_ament_install'
[0.139s] Level 1:colcon.colcon_core.package_identification:_identify(src/go2_safe_move) by extensions ['colcon_pkg']
[0.139s] Level 1:colcon.colcon_core.package_identification:_identify(src/go2_safe_move) by extension 'colcon_pkg'
[0.139s] Level 1:colcon.colcon_core.package_identification:_identify(src/go2_safe_move) by extensions ['colcon_meta']
[0.139s] Level 1:colcon.colcon_core.package_identification:_identify(src/go2_safe_move) by extension 'colcon_meta'
[0.139s] Level 1:colcon.colcon_core.package_identification:_identify(src/go2_safe_move) by extensions ['ros']
[0.139s] Level 1:colcon.colcon_core.package_identification:_identify(src/go2_safe_move) by extension 'ros'
[0.139s] Level 1:colcon.colcon_core.package_identification:_identify(src/go2_safe_move) by extensions ['cmake', 'python']
[0.139s] Level 1:colcon.colcon_core.package_identification:_identify(src/go2_safe_move) by extension 'cmake'
[0.139s] Level 1:colcon.colcon_core.package_identification:_identify(src/go2_safe_move) by extension 'python'
[0.139s] Level 1:colcon.colcon_core.package_identification:_identify(src/go2_safe_move) by extensions ['python_setup_py']
[0.139s] Level 1:colcon.colcon_core.package_identification:_identify(src/go2_safe_move) by extension 'python_setup_py'
[0.139s] Level 1:colcon.colcon_core.package_identification:_identify(src/go2_safe_move/go2_safe_move) by extensions ['ignore', 'ignore_ament_install']
[0.139s] Level 1:colcon.colcon_core.package_identification:_identify(src/go2_safe_move/go2_safe_move) by extension 'ignore'
[0.139s] Level 1:colcon.colcon_core.package_identification:_identify(src/go2_safe_move/go2_safe_move) by extension 'ignore_ament_install'
[0.139s] Level 1:colcon.colcon_core.package_identification:_identify(src/go2_safe_move/go2_safe_move) by extensions ['colcon_pkg']
[0.139s] Level 1:colcon.colcon_core.package_identification:_identify(src/go2_safe_move/go2_safe_move) by extension 'colcon_pkg'
[0.139s] Level 1:colcon.colcon_core.package_identification:_identify(src/go2_safe_move/go2_safe_move) by extensions ['colcon_meta']
[0.139s] Level 1:colcon.colcon_core.package_identification:_identify(src/go2_safe_move/go2_safe_move) by extension 'colcon_meta'
[0.139s] Level 1:colcon.colcon_core.package_identification:_identify(src/go2_safe_move/go2_safe_move) by extensions ['ros']
[0.139s] Level 1:colcon.colcon_core.package_identification:_identify(src/go2_safe_move/go2_safe_move) by extension 'ros'
[0.140s] DEBUG:colcon.colcon_core.package_identification:Package 'src/go2_safe_move/go2_safe_move' with type 'ros.ament_cmake' and name 'go2_safe_move'
[0.140s] Level 1:colcon.colcon_core.package_identification:_identify(src/go2_sport_test) by extensions ['ignore', 'ignore_ament_install']
[0.140s] Level 1:colcon.colcon_core.package_identification:_identify(src/go2_sport_test) by extension 'ignore'
[0.140s] Level 1:colcon.colcon_core.package_identification:_identify(src/go2_sport_test) by extension 'ignore_ament_install'
[0.140s] Level 1:colcon.colcon_core.package_identification:_identify(src/go2_sport_test) by extensions ['colcon_pkg']
[0.140s] Level 1:colcon.colcon_core.package_identification:_identify(src/go2_sport_test) by extension 'colcon_pkg'
[0.140s] Level 1:colcon.colcon_core.package_identification:_identify(src/go2_sport_test) by extensions ['colcon_meta']
[0.140s] Level 1:colcon.colcon_core.package_identification:_identify(src/go2_sport_test) by extension 'colcon_meta'
[0.140s] Level 1:colcon.colcon_core.package_identification:_identify(src/go2_sport_test) by extensions ['ros']
[0.140s] Level 1:colcon.colcon_core.package_identification:_identify(src/go2_sport_test) by extension 'ros'
[0.141s] Level 1:colcon.colcon_core.package_identification:_identify(src/go2_sport_test) by extensions ['cmake', 'python']
[0.141s] Level 1:colcon.colcon_core.package_identification:_identify(src/go2_sport_test) by extension 'cmake'
[0.141s] Level 1:colcon.colcon_core.package_identification:_identify(src/go2_sport_test) by extension 'python'
[0.141s] Level 1:colcon.colcon_core.package_identification:_identify(src/go2_sport_test) by extensions ['python_setup_py']
[0.141s] Level 1:colcon.colcon_core.package_identification:_identify(src/go2_sport_test) by extension 'python_setup_py'
[0.141s] Level 1:colcon.colcon_core.package_identification:_identify(src/go2_sport_test/go2_sport_test) by extensions ['ignore', 'ignore_ament_install']
[0.141s] Level 1:colcon.colcon_core.package_identification:_identify(src/go2_sport_test/go2_sport_test) by extension 'ignore'
[0.141s] Level 1:colcon.colcon_core.package_identification:_identify(src/go2_sport_test/go2_sport_test) by extension 'ignore_ament_install'
[0.141s] Level 1:colcon.colcon_core.package_identification:_identify(src/go2_sport_test/go2_sport_test) by extensions ['colcon_pkg']
[0.141s] Level 1:colcon.colcon_core.package_identification:_identify(src/go2_sport_test/go2_sport_test) by extension 'colcon_pkg'
[0.141s] Level 1:colcon.colcon_core.package_identification:_identify(src/go2_sport_test/go2_sport_test) by extensions ['colcon_meta']
[0.141s] Level 1:colcon.colcon_core.package_identification:_identify(src/go2_sport_test/go2_sport_test) by extension 'colcon_meta'
[0.141s] Level 1:colcon.colcon_core.package_identification:_identify(src/go2_sport_test/go2_sport_test) by extensions ['ros']
[0.141s] Level 1:colcon.colcon_core.package_identification:_identify(src/go2_sport_test/go2_sport_test) by extension 'ros'
[0.141s] DEBUG:colcon.colcon_core.package_identification:Package 'src/go2_sport_test/go2_sport_test' with type 'ros.ament_cmake' and name 'go2_sport_test'
[0.141s] Level 1:colcon.colcon_core.package_identification:_identify(src/helloworld) by extensions ['ignore', 'ignore_ament_install']
[0.141s] Level 1:colcon.colcon_core.package_identification:_identify(src/helloworld) by extension 'ignore'
[0.141s] Level 1:colcon.colcon_core.package_identification:_identify(src/helloworld) by extension 'ignore_ament_install'
[0.141s] Level 1:colcon.colcon_core.package_identification:_identify(src/helloworld) by extensions ['colcon_pkg']
[0.141s] Level 1:colcon.colcon_core.package_identification:_identify(src/helloworld) by extension 'colcon_pkg'
[0.141s] Level 1:colcon.colcon_core.package_identification:_identify(src/helloworld) by extensions ['colcon_meta']
[0.141s] Level 1:colcon.colcon_core.package_identification:_identify(src/helloworld) by extension 'colcon_meta'
[0.141s] Level 1:colcon.colcon_core.package_identification:_identify(src/helloworld) by extensions ['ros']
[0.141s] Level 1:colcon.colcon_core.package_identification:_identify(src/helloworld) by extension 'ros'
[0.141s] Level 1:colcon.colcon_core.package_identification:_identify(src/helloworld) by extensions ['cmake', 'python']
[0.141s] Level 1:colcon.colcon_core.package_identification:_identify(src/helloworld) by extension 'cmake'
[0.141s] Level 1:colcon.colcon_core.package_identification:_identify(src/helloworld) by extension 'python'
[0.141s] Level 1:colcon.colcon_core.package_identification:_identify(src/helloworld) by extensions ['python_setup_py']
[0.142s] Level 1:colcon.colcon_core.package_identification:_identify(src/helloworld) by extension 'python_setup_py'
[0.142s] Level 1:colcon.colcon_core.package_identification:_identify(src/helloworld/helloworld) by extensions ['ignore', 'ignore_ament_install']
[0.142s] Level 1:colcon.colcon_core.package_identification:_identify(src/helloworld/helloworld) by extension 'ignore'
[0.142s] Level 1:colcon.colcon_core.package_identification:_identify(src/helloworld/helloworld) by extension 'ignore_ament_install'
[0.142s] Level 1:colcon.colcon_core.package_identification:_identify(src/helloworld/helloworld) by extensions ['colcon_pkg']
[0.142s] Level 1:colcon.colcon_core.package_identification:_identify(src/helloworld/helloworld) by extension 'colcon_pkg'
[0.142s] Level 1:colcon.colcon_core.package_identification:_identify(src/helloworld/helloworld) by extensions ['colcon_meta']
[0.142s] Level 1:colcon.colcon_core.package_identification:_identify(src/helloworld/helloworld) by extension 'colcon_meta'
[0.142s] Level 1:colcon.colcon_core.package_identification:_identify(src/helloworld/helloworld) by extensions ['ros']
[0.142s] Level 1:colcon.colcon_core.package_identification:_identify(src/helloworld/helloworld) by extension 'ros'
[0.142s] DEBUG:colcon.colcon_core.package_identification:Package 'src/helloworld/helloworld' with type 'ros.ament_cmake' and name 'helloworld'
[0.142s] Level 1:colcon.colcon_core.package_discovery:discover_packages(recursive) using defaults
[0.142s] Level 1:colcon.colcon_core.package_discovery:discover_packages(ignore) discover
[0.142s] Level 1:colcon.colcon_core.package_discovery:discover_packages(ignore) using defaults
[0.142s] Level 1:colcon.colcon_core.package_discovery:discover_packages(path) discover
[0.142s] Level 1:colcon.colcon_core.package_discovery:discover_packages(path) using defaults
[0.153s] INFO:colcon.colcon_core.package_selection:Skipping not selected package 'go2_sport_test' in 'src/go2_sport_test/go2_sport_test'
[0.153s] INFO:colcon.colcon_core.package_selection:Skipping not selected package 'helloworld' in 'src/helloworld/helloworld'
[0.153s] Level 1:colcon.colcon_core.package_discovery:discover_packages(prefix_path) check parameters
[0.153s] Level 1:colcon.colcon_core.package_discovery:discover_packages(prefix_path) discover
[0.154s] DEBUG:colcon.colcon_installed_package_information.package_discovery:Found 3 installed packages in /home/yaorz/unitree_go2_ws/install
[0.154s] DEBUG:colcon.colcon_installed_package_information.package_discovery:Found 5 installed packages in /home/yaorz/unitree_ros2/cyclonedds_ws/install
[0.155s] DEBUG:colcon.colcon_installed_package_information.package_discovery:Found 275 installed packages in /opt/ros/humble
[0.157s] Level 1:colcon.colcon_core.package_discovery:discover_packages(prefix_path) using defaults
[0.184s] Level 5:colcon.colcon_core.verb:set package 'go2_safe_move' build argument 'cmake_args' from command line to 'None'
[0.184s] Level 5:colcon.colcon_core.verb:set package 'go2_safe_move' build argument 'cmake_target' from command line to 'None'
[0.184s] Level 5:colcon.colcon_core.verb:set package 'go2_safe_move' build argument 'cmake_target_skip_unavailable' from command line to 'False'
[0.184s] Level 5:colcon.colcon_core.verb:set package 'go2_safe_move' build argument 'cmake_clean_cache' from command line to 'False'
[0.184s] Level 5:colcon.colcon_core.verb:set package 'go2_safe_move' build argument 'cmake_clean_first' from command line to 'False'
[0.184s] Level 5:colcon.colcon_core.verb:set package 'go2_safe_move' build argument 'cmake_force_configure' from command line to 'False'
[0.184s] Level 5:colcon.colcon_core.verb:set package 'go2_safe_move' build argument 'ament_cmake_args' from command line to 'None'
[0.184s] Level 5:colcon.colcon_core.verb:set package 'go2_safe_move' build argument 'catkin_cmake_args' from command line to 'None'
[0.184s] Level 5:colcon.colcon_core.verb:set package 'go2_safe_move' build argument 'catkin_skip_building_tests' from command line to 'False'
[0.184s] DEBUG:colcon.colcon_core.verb:Building package 'go2_safe_move' with the following arguments: {'ament_cmake_args': None, 'build_base': '/home/yaorz/unitree_go2_ws/build/go2_safe_move', 'catkin_cmake_args': None, 'catkin_skip_building_tests': False, 'cmake_args': None, 'cmake_clean_cache': False, 'cmake_clean_first': False, 'cmake_force_configure': False, 'cmake_target': None, 'cmake_target_skip_unavailable': False, 'install_base': '/home/yaorz/unitree_go2_ws/install/go2_safe_move', 'merge_install': False, 'path': '/home/yaorz/unitree_go2_ws/src/go2_safe_move/go2_safe_move', 'symlink_install': False, 'test_result_base': None}
[0.184s] INFO:colcon.colcon_core.executor:Executing jobs using 'parallel' executor
[0.185s] DEBUG:colcon.colcon_parallel_executor.executor.parallel:run_until_complete
[0.185s] INFO:colcon.colcon_ros.task.ament_cmake.build:Building ROS package in '/home/yaorz/unitree_go2_ws/src/go2_safe_move/go2_safe_move' with build type 'ament_cmake'
[0.185s] INFO:colcon.colcon_cmake.task.cmake.build:Building CMake package in '/home/yaorz/unitree_go2_ws/src/go2_safe_move/go2_safe_move'
[0.187s] INFO:colcon.colcon_core.plugin_system:Skipping extension 'colcon_core.shell.bat': Not used on non-Windows systems
[0.187s] INFO:colcon.colcon_core.shell:Skip shell extension 'powershell' for command environment: Not usable outside of PowerShell
[0.187s] DEBUG:colcon.colcon_core.shell:Skip shell extension 'dsv' for command environment
[0.195s] DEBUG:colcon.colcon_core.event_handler.log_command:Invoking command in '/home/yaorz/unitree_go2_ws/build/go2_safe_move': CMAKE_PREFIX_PATH=${CMAKE_PREFIX_PATH}:/opt/ros/humble /usr/bin/cmake --build /home/yaorz/unitree_go2_ws/build/go2_safe_move -- -j16 -l16
[3.083s] DEBUG:colcon.colcon_core.event_handler.log_command:Invoked command in '/home/yaorz/unitree_go2_ws/build/go2_safe_move' returned '0': CMAKE_PREFIX_PATH=${CMAKE_PREFIX_PATH}:/opt/ros/humble /usr/bin/cmake --build /home/yaorz/unitree_go2_ws/build/go2_safe_move -- -j16 -l16
[3.091s] DEBUG:colcon.colcon_core.event_handler.log_command:Invoking command in '/home/yaorz/unitree_go2_ws/build/go2_safe_move': CMAKE_PREFIX_PATH=${CMAKE_PREFIX_PATH}:/opt/ros/humble /usr/bin/cmake --install /home/yaorz/unitree_go2_ws/build/go2_safe_move
[3.099s] Level 1:colcon.colcon_core.environment:create_environment_scripts_only(go2_safe_move)
[3.100s] DEBUG:colcon.colcon_core.event_handler.log_command:Invoked command in '/home/yaorz/unitree_go2_ws/build/go2_safe_move' returned '0': CMAKE_PREFIX_PATH=${CMAKE_PREFIX_PATH}:/opt/ros/humble /usr/bin/cmake --install /home/yaorz/unitree_go2_ws/build/go2_safe_move
[3.101s] Level 1:colcon.colcon_core.environment:checking '/home/yaorz/unitree_go2_ws/install/go2_safe_move' for CMake module files
[3.101s] Level 1:colcon.colcon_core.environment:checking '/home/yaorz/unitree_go2_ws/install/go2_safe_move' for CMake config files
[3.101s] Level 1:colcon.colcon_core.shell:create_environment_hook('go2_safe_move', 'cmake_prefix_path')
[3.101s] INFO:colcon.colcon_core.shell:Creating environment hook '/home/yaorz/unitree_go2_ws/install/go2_safe_move/share/go2_safe_move/hook/cmake_prefix_path.ps1'
[3.102s] INFO:colcon.colcon_core.shell:Creating environment descriptor '/home/yaorz/unitree_go2_ws/install/go2_safe_move/share/go2_safe_move/hook/cmake_prefix_path.dsv'
[3.102s] INFO:colcon.colcon_core.shell:Creating environment hook '/home/yaorz/unitree_go2_ws/install/go2_safe_move/share/go2_safe_move/hook/cmake_prefix_path.sh'
[3.102s] Level 1:colcon.colcon_core.environment:checking '/home/yaorz/unitree_go2_ws/install/go2_safe_move/lib'
[3.102s] Level 1:colcon.colcon_core.environment:checking '/home/yaorz/unitree_go2_ws/install/go2_safe_move/bin'
[3.102s] Level 1:colcon.colcon_core.environment:checking '/home/yaorz/unitree_go2_ws/install/go2_safe_move/lib/pkgconfig/go2_safe_move.pc'
[3.102s] Level 1:colcon.colcon_core.environment:checking '/home/yaorz/unitree_go2_ws/install/go2_safe_move/lib/python3.10/site-packages'
[3.103s] Level 1:colcon.colcon_core.environment:checking '/home/yaorz/unitree_go2_ws/install/go2_safe_move/bin'
[3.103s] INFO:colcon.colcon_core.shell:Creating package script '/home/yaorz/unitree_go2_ws/install/go2_safe_move/share/go2_safe_move/package.ps1'
[3.103s] INFO:colcon.colcon_core.shell:Creating package descriptor '/home/yaorz/unitree_go2_ws/install/go2_safe_move/share/go2_safe_move/package.dsv'
[3.104s] INFO:colcon.colcon_core.shell:Creating package script '/home/yaorz/unitree_go2_ws/install/go2_safe_move/share/go2_safe_move/package.sh'
[3.104s] INFO:colcon.colcon_core.shell:Creating package script '/home/yaorz/unitree_go2_ws/install/go2_safe_move/share/go2_safe_move/package.bash'
[3.104s] INFO:colcon.colcon_core.shell:Creating package script '/home/yaorz/unitree_go2_ws/install/go2_safe_move/share/go2_safe_move/package.zsh'
[3.105s] Level 1:colcon.colcon_core.environment:create_file_with_runtime_dependencies(/home/yaorz/unitree_go2_ws/install/go2_safe_move/share/colcon-core/packages/go2_safe_move)
[3.105s] Level 1:colcon.colcon_core.environment:create_environment_scripts_only(go2_safe_move)
[3.105s] Level 1:colcon.colcon_core.environment:checking '/home/yaorz/unitree_go2_ws/install/go2_safe_move' for CMake module files
[3.105s] Level 1:colcon.colcon_core.environment:checking '/home/yaorz/unitree_go2_ws/install/go2_safe_move' for CMake config files
[3.105s] Level 1:colcon.colcon_core.shell:create_environment_hook('go2_safe_move', 'cmake_prefix_path')
[3.106s] INFO:colcon.colcon_core.shell:Creating environment hook '/home/yaorz/unitree_go2_ws/install/go2_safe_move/share/go2_safe_move/hook/cmake_prefix_path.ps1'
[3.106s] INFO:colcon.colcon_core.shell:Creating environment descriptor '/home/yaorz/unitree_go2_ws/install/go2_safe_move/share/go2_safe_move/hook/cmake_prefix_path.dsv'
[3.106s] INFO:colcon.colcon_core.shell:Creating environment hook '/home/yaorz/unitree_go2_ws/install/go2_safe_move/share/go2_safe_move/hook/cmake_prefix_path.sh'
[3.106s] Level 1:colcon.colcon_core.environment:checking '/home/yaorz/unitree_go2_ws/install/go2_safe_move/lib'
[3.106s] Level 1:colcon.colcon_core.environment:checking '/home/yaorz/unitree_go2_ws/install/go2_safe_move/bin'
[3.106s] Level 1:colcon.colcon_core.environment:checking '/home/yaorz/unitree_go2_ws/install/go2_safe_move/lib/pkgconfig/go2_safe_move.pc'
[3.106s] Level 1:colcon.colcon_core.environment:checking '/home/yaorz/unitree_go2_ws/install/go2_safe_move/lib/python3.10/site-packages'
[3.107s] Level 1:colcon.colcon_core.environment:checking '/home/yaorz/unitree_go2_ws/install/go2_safe_move/bin'
[3.107s] INFO:colcon.colcon_core.shell:Creating package script '/home/yaorz/unitree_go2_ws/install/go2_safe_move/share/go2_safe_move/package.ps1'
[3.107s] INFO:colcon.colcon_core.shell:Creating package descriptor '/home/yaorz/unitree_go2_ws/install/go2_safe_move/share/go2_safe_move/package.dsv'
[3.107s] INFO:colcon.colcon_core.shell:Creating package script '/home/yaorz/unitree_go2_ws/install/go2_safe_move/share/go2_safe_move/package.sh'
[3.107s] INFO:colcon.colcon_core.shell:Creating package script '/home/yaorz/unitree_go2_ws/install/go2_safe_move/share/go2_safe_move/package.bash'
[3.108s] INFO:colcon.colcon_core.shell:Creating package script '/home/yaorz/unitree_go2_ws/install/go2_safe_move/share/go2_safe_move/package.zsh'
[3.108s] Level 1:colcon.colcon_core.environment:create_file_with_runtime_dependencies(/home/yaorz/unitree_go2_ws/install/go2_safe_move/share/colcon-core/packages/go2_safe_move)
[3.108s] DEBUG:colcon.colcon_parallel_executor.executor.parallel:closing loop
[3.108s] DEBUG:colcon.colcon_parallel_executor.executor.parallel:loop closed
[3.108s] DEBUG:colcon.colcon_parallel_executor.executor.parallel:run_until_complete finished with '0'
[3.108s] DEBUG:colcon.colcon_core.event_reactor:joining thread
[3.116s] INFO:colcon.colcon_core.plugin_system:Skipping extension 'colcon_notification.desktop_notification.terminal_notifier': Not used on non-Darwin systems
[3.116s] INFO:colcon.colcon_core.plugin_system:Skipping extension 'colcon_notification.desktop_notification.win32': Not used on non-Windows systems
[3.116s] INFO:colcon.colcon_notification.desktop_notification:Sending desktop notification using 'notify2'
[3.131s] DEBUG:colcon.colcon_core.event_reactor:joined thread
[3.131s] INFO:colcon.colcon_core.shell:Creating prefix script '/home/yaorz/unitree_go2_ws/install/local_setup.ps1'
[3.132s] INFO:colcon.colcon_core.shell:Creating prefix util module '/home/yaorz/unitree_go2_ws/install/_local_setup_util_ps1.py'
[3.133s] INFO:colcon.colcon_core.shell:Creating prefix chain script '/home/yaorz/unitree_go2_ws/install/setup.ps1'
[3.134s] INFO:colcon.colcon_core.shell:Creating prefix script '/home/yaorz/unitree_go2_ws/install/local_setup.sh'
[3.135s] INFO:colcon.colcon_core.shell:Creating prefix util module '/home/yaorz/unitree_go2_ws/install/_local_setup_util_sh.py'
[3.135s] INFO:colcon.colcon_core.shell:Creating prefix chain script '/home/yaorz/unitree_go2_ws/install/setup.sh'
[3.136s] INFO:colcon.colcon_core.shell:Creating prefix script '/home/yaorz/unitree_go2_ws/install/local_setup.bash'
[3.136s] INFO:colcon.colcon_core.shell:Creating prefix chain script '/home/yaorz/unitree_go2_ws/install/setup.bash'
[3.137s] INFO:colcon.colcon_core.shell:Creating prefix script '/home/yaorz/unitree_go2_ws/install/local_setup.zsh'
[3.137s] INFO:colcon.colcon_core.shell:Creating prefix chain script '/home/yaorz/unitree_go2_ws/install/setup.zsh'
