[0.009s] Invoking command in '/home/yaorz/unitree_go2_ws/build/go2_tf_bridge': CMAKE_PREFIX_PATH=${CMAKE_PREFIX_PATH}:/opt/ros/humble /usr/bin/cmake --build /home/yaorz/unitree_go2_ws/build/go2_tf_bridge -- -j16 -l16
[0.029s] -- Found ament_cmake: 1.3.14 (/opt/ros/humble/share/ament_cmake/cmake)
[0.108s] -- Found geometry_msgs: 4.9.1 (/opt/ros/humble/share/geometry_msgs/cmake)
[0.121s] -- Found rosidl_generator_c: 3.1.8 (/opt/ros/humble/share/rosidl_generator_c/cmake)
[0.122s] -- Found rosidl_adapter: 3.1.8 (/opt/ros/humble/share/rosidl_adapter/cmake)
[0.126s] -- Found rosidl_generator_cpp: 3.1.8 (/opt/ros/humble/share/rosidl_generator_cpp/cmake)
[0.131s] -- Using all available rosidl_typesupport_c: rosidl_typesupport_fastrtps_c;rosidl_typesupport_introspection_c
[0.137s] -- Using all available rosidl_typesupport_cpp: rosidl_typesupport_fastrtps_cpp;rosidl_typesupport_introspection_cpp
[0.157s] -- Found nav_msgs: 4.9.1 (/opt/ros/humble/share/nav_msgs/cmake)
[0.167s] -- Found rclcpp: 16.0.19 (/opt/ros/humble/share/rclcpp/cmake)
[0.180s] -- Found rmw_implementation_cmake: 6.1.2 (/opt/ros/humble/share/rmw_implementation_cmake/cmake)
[0.181s] -- Found rmw_cyclonedds_cpp: 1.3.4 (/home/yaorz/unitree_ros2/cyclonedds_ws/install/rmw_cyclonedds_cpp/share/rmw_cyclonedds_cpp/cmake)
[0.190s] -- Using RMW implementation 'rmw_cyclonedds_cpp' as default
[0.209s] -- Found tf2: 0.25.20 (/opt/ros/humble/share/tf2/cmake)
[0.211s] -- Found tf2_ros: 0.25.20 (/opt/ros/humble/share/tf2_ros/cmake)
[0.255s] -- Found ament_lint_auto: 0.12.15 (/opt/ros/humble/share/ament_lint_auto/cmake)
[0.296s] -- Added test 'cppcheck' to perform static code analysis on C / C++ code
[0.296s] -- Configured cppcheck include dirs: $<BUILD_INTERFACE:/home/yaorz/unitree_go2_ws/src/go2_tf_bridge/include>
[0.296s] -- Configured cppcheck exclude dirs and/or files: 
[0.296s] -- Added test 'lint_cmake' to check CMake code style
[0.297s] -- Added test 'uncrustify' to check C / C++ code style
[0.297s] -- Configured uncrustify additional arguments: 
[0.297s] -- Added test 'xmllint' to check XML markup files
[0.297s] -- Configuring done
[0.304s] -- Generating done
[0.307s] -- Build files have been written to: /home/yaorz/unitree_go2_ws/build/go2_tf_bridge
[0.333s] Consolidate compiler generated dependencies of target go2_tf_bridge
[0.347s] [ 50%] Building CXX object CMakeFiles/go2_tf_bridge.dir/src/go2_tf_bridge.cpp.o
[5.342s] [100%] Linking CXX executable go2_tf_bridge
[5.611s] [100%] Built target go2_tf_bridge
[30.026s] Invoked command in '/home/yaorz/unitree_go2_ws/build/go2_tf_bridge' returned '0': CMAKE_PREFIX_PATH=${CMAKE_PREFIX_PATH}:/opt/ros/humble /usr/bin/cmake --build /home/yaorz/unitree_go2_ws/build/go2_tf_bridge -- -j16 -l16
[30.037s] Invoking command in '/home/yaorz/unitree_go2_ws/build/go2_tf_bridge': CMAKE_PREFIX_PATH=${CMAKE_PREFIX_PATH}:/opt/ros/humble /usr/bin/cmake --install /home/yaorz/unitree_go2_ws/build/go2_tf_bridge
[30.042s] -- Install configuration: ""
[30.042s] -- Installing: /home/yaorz/unitree_go2_ws/install/go2_tf_bridge/lib/go2_tf_bridge/go2_tf_bridge
[30.045s] -- Set runtime path of "/home/yaorz/unitree_go2_ws/install/go2_tf_bridge/lib/go2_tf_bridge/go2_tf_bridge" to ""
[30.045s] -- Installing: /home/yaorz/unitree_go2_ws/install/go2_tf_bridge/share/ament_index/resource_index/package_run_dependencies/go2_tf_bridge
[30.045s] -- Installing: /home/yaorz/unitree_go2_ws/install/go2_tf_bridge/share/ament_index/resource_index/parent_prefix_path/go2_tf_bridge
[30.045s] -- Up-to-date: /home/yaorz/unitree_go2_ws/install/go2_tf_bridge/share/go2_tf_bridge/environment/ament_prefix_path.sh
[30.046s] -- Installing: /home/yaorz/unitree_go2_ws/install/go2_tf_bridge/share/go2_tf_bridge/environment/ament_prefix_path.dsv
[30.046s] -- Up-to-date: /home/yaorz/unitree_go2_ws/install/go2_tf_bridge/share/go2_tf_bridge/environment/path.sh
[30.046s] -- Installing: /home/yaorz/unitree_go2_ws/install/go2_tf_bridge/share/go2_tf_bridge/environment/path.dsv
[30.046s] -- Up-to-date: /home/yaorz/unitree_go2_ws/install/go2_tf_bridge/share/go2_tf_bridge/local_setup.bash
[30.046s] -- Up-to-date: /home/yaorz/unitree_go2_ws/install/go2_tf_bridge/share/go2_tf_bridge/local_setup.sh
[30.046s] -- Up-to-date: /home/yaorz/unitree_go2_ws/install/go2_tf_bridge/share/go2_tf_bridge/local_setup.zsh
[30.046s] -- Installing: /home/yaorz/unitree_go2_ws/install/go2_tf_bridge/share/go2_tf_bridge/local_setup.dsv
[30.046s] -- Installing: /home/yaorz/unitree_go2_ws/install/go2_tf_bridge/share/go2_tf_bridge/package.dsv
[30.046s] -- Up-to-date: /home/yaorz/unitree_go2_ws/install/go2_tf_bridge/share/ament_index/resource_index/packages/go2_tf_bridge
[30.046s] -- Up-to-date: /home/yaorz/unitree_go2_ws/install/go2_tf_bridge/share/go2_tf_bridge/cmake/go2_tf_bridgeConfig.cmake
[30.046s] -- Up-to-date: /home/yaorz/unitree_go2_ws/install/go2_tf_bridge/share/go2_tf_bridge/cmake/go2_tf_bridgeConfig-version.cmake
[30.046s] -- Installing: /home/yaorz/unitree_go2_ws/install/go2_tf_bridge/share/go2_tf_bridge/package.xml
[30.047s] Invoked command in '/home/yaorz/unitree_go2_ws/build/go2_tf_bridge' returned '0': CMAKE_PREFIX_PATH=${CMAKE_PREFIX_PATH}:/opt/ros/humble /usr/bin/cmake --install /home/yaorz/unitree_go2_ws/build/go2_tf_bridge
