[0.010s] Invoking command in '/home/yaorz/unitree_go2_ws/build/go2_lidar_snapshot': CMAKE_PREFIX_PATH=${CMAKE_PREFIX_PATH}:/opt/ros/humble /usr/bin/cmake /home/yaorz/unitree_go2_ws/src/go2_lidar_snapshot/go2_lidar_snapshot -DCMAKE_INSTALL_PREFIX=/home/yaorz/unitree_go2_ws/install/go2_lidar_snapshot
[0.076s] -- The C compiler identification is GNU 11.4.0
[0.129s] -- The CXX compiler identification is GNU 11.4.0
[0.136s] -- Detecting C compiler ABI info
[0.193s] -- Detecting C compiler ABI info - done
[0.197s] -- Check for working C compiler: /usr/bin/cc - skipped
[0.197s] -- Detecting C compile features
[0.197s] -- Detecting C compile features - done
[0.200s] -- Detecting CXX compiler ABI info
[0.266s] -- Detecting CXX compiler ABI info - done
[0.277s] -- Check for working CXX compiler: /usr/bin/c++ - skipped
[0.278s] -- Detecting CXX compile features
[0.278s] -- Detecting CXX compile features - done
[0.286s] -- Found ament_cmake: 1.3.14 (/opt/ros/humble/share/ament_cmake/cmake)
[0.387s] -- Found Python3: /usr/bin/python3 (found version "3.10.12") found components: Interpreter 
[0.457s] -- Found rclcpp: 16.0.19 (/opt/ros/humble/share/rclcpp/cmake)
[0.490s] -- Found rosidl_generator_c: 3.1.8 (/opt/ros/humble/share/rosidl_generator_c/cmake)
[0.494s] -- Found rosidl_adapter: 3.1.8 (/opt/ros/humble/share/rosidl_adapter/cmake)
[0.500s] -- Found rosidl_generator_cpp: 3.1.8 (/opt/ros/humble/share/rosidl_generator_cpp/cmake)
[0.510s] -- Using all available rosidl_typesupport_c: rosidl_typesupport_fastrtps_c;rosidl_typesupport_introspection_c
[0.522s] -- Using all available rosidl_typesupport_cpp: rosidl_typesupport_fastrtps_cpp;rosidl_typesupport_introspection_cpp
[0.556s] -- Found rmw_implementation_cmake: 6.1.2 (/opt/ros/humble/share/rmw_implementation_cmake/cmake)
[0.557s] -- Found rmw_cyclonedds_cpp: 1.3.4 (/home/yaorz/unitree_ros2/cyclonedds_ws/install/rmw_cyclonedds_cpp/share/rmw_cyclonedds_cpp/cmake)
[0.572s] -- Using RMW implementation 'rmw_cyclonedds_cpp' as default
[0.579s] -- Looking for pthread.h
[0.643s] -- Looking for pthread.h - found
[0.643s] -- Performing Test CMAKE_HAVE_LIBC_PTHREAD
[0.700s] -- Performing Test CMAKE_HAVE_LIBC_PTHREAD - Success
[0.701s] -- Found Threads: TRUE  
[0.743s] -- Found sensor_msgs: 4.9.1 (/opt/ros/humble/share/sensor_msgs/cmake)
[0.765s] -- Found ament_lint_auto: 0.12.15 (/opt/ros/humble/share/ament_lint_auto/cmake)
[0.816s] -- Added test 'cppcheck' to perform static code analysis on C / C++ code
[0.816s] -- Configured cppcheck include dirs: $<BUILD_INTERFACE:/home/yaorz/unitree_go2_ws/src/go2_lidar_snapshot/go2_lidar_snapshot/include>
[0.816s] -- Configured cppcheck exclude dirs and/or files: 
[0.816s] -- Added test 'lint_cmake' to check CMake code style
[0.817s] -- Added test 'uncrustify' to check C / C++ code style
[0.817s] -- Configured uncrustify additional arguments: 
[0.817s] -- Added test 'xmllint' to check XML markup files
[0.819s] -- Configuring done
[0.825s] -- Generating done
[0.827s] -- Build files have been written to: /home/yaorz/unitree_go2_ws/build/go2_lidar_snapshot
[0.834s] Invoked command in '/home/yaorz/unitree_go2_ws/build/go2_lidar_snapshot' returned '0': CMAKE_PREFIX_PATH=${CMAKE_PREFIX_PATH}:/opt/ros/humble /usr/bin/cmake /home/yaorz/unitree_go2_ws/src/go2_lidar_snapshot/go2_lidar_snapshot -DCMAKE_INSTALL_PREFIX=/home/yaorz/unitree_go2_ws/install/go2_lidar_snapshot
[0.835s] Invoking command in '/home/yaorz/unitree_go2_ws/build/go2_lidar_snapshot': CMAKE_PREFIX_PATH=${CMAKE_PREFIX_PATH}:/opt/ros/humble /usr/bin/cmake --build /home/yaorz/unitree_go2_ws/build/go2_lidar_snapshot -- -j16 -l16
[0.878s] [ 50%] [32mBuilding CXX object CMakeFiles/go2_lidar_snapshot.dir/src/go2_lidar_snapshot.cpp.o[0m
[2.368s] [01m[K/home/yaorz/unitree_go2_ws/src/go2_lidar_snapshot/go2_lidar_snapshot/src/go2_lidar_snapshot.cpp:[m[K In constructor ‘[01m[KGo2LidarSnapshot::Go2LidarSnapshot()[m[K’:
[2.368s] [01m[K/home/yaorz/unitree_go2_ws/src/go2_lidar_snapshot/go2_lidar_snapshot/src/go2_lidar_snapshot.cpp:26:30:[m[K [01;31m[Kerror: [m[Kno matching function for call to ‘[01m[Kmax(int, long int)[m[K’
[2.368s]    26 |     sample_stride_ = [01;31m[Kstd::max(1, this->declare_parameter<int>("sample_stride", 1))[m[K;
[2.368s]       |                      [01;31m[K~~~~~~~~^~~~~~~~~~~~~~~~~~~~~~~~~~~~~~~~~~~~~~~~~~~~~~~~~~~~~[m[K
[2.373s] In file included from [01m[K/usr/include/c++/11/memory:63[m[K,
[2.373s]                  from [01m[K/opt/ros/humble/include/rclcpp/rclcpp/rclcpp.hpp:153[m[K,
[2.373s]                  from [01m[K/home/yaorz/unitree_go2_ws/src/go2_lidar_snapshot/go2_lidar_snapshot/src/go2_lidar_snapshot.cpp:1[m[K:
[2.373s] [01m[K/usr/include/c++/11/bits/stl_algobase.h:254:5:[m[K [01;36m[Knote: [m[Kcandidate: ‘[01m[Ktemplate<class _Tp> constexpr const _Tp& std::max(const _Tp&, const _Tp&)[m[K’
[2.373s]   254 |     [01;36m[Kmax[m[K(const _Tp& __a, const _Tp& __b)
[2.373s]       |     [01;36m[K^~~[m[K
[2.373s] [01m[K/usr/include/c++/11/bits/stl_algobase.h:254:5:[m[K [01;36m[Knote: [m[K  template argument deduction/substitution failed:
[2.373s] [01m[K/home/yaorz/unitree_go2_ws/src/go2_lidar_snapshot/go2_lidar_snapshot/src/go2_lidar_snapshot.cpp:26:30:[m[K [01;36m[Knote: [m[K  deduced conflicting types for parameter ‘[01m[Kconst _Tp[m[K’ (‘[01m[Kint[m[K’ and ‘[01m[Klong int[m[K’)
[2.374s]    26 |     sample_stride_ = [01;36m[Kstd::max(1, this->declare_parameter<int>("sample_stride", 1))[m[K;
[2.374s]       |                      [01;36m[K~~~~~~~~^~~~~~~~~~~~~~~~~~~~~~~~~~~~~~~~~~~~~~~~~~~~~~~~~~~~~[m[K
[2.374s] In file included from [01m[K/usr/include/c++/11/memory:63[m[K,
[2.374s]                  from [01m[K/opt/ros/humble/include/rclcpp/rclcpp/rclcpp.hpp:153[m[K,
[2.374s]                  from [01m[K/home/yaorz/unitree_go2_ws/src/go2_lidar_snapshot/go2_lidar_snapshot/src/go2_lidar_snapshot.cpp:1[m[K:
[2.374s] [01m[K/usr/include/c++/11/bits/stl_algobase.h:300:5:[m[K [01;36m[Knote: [m[Kcandidate: ‘[01m[Ktemplate<class _Tp, class _Compare> constexpr const _Tp& std::max(const _Tp&, const _Tp&, _Compare)[m[K’
[2.374s]   300 |     [01;36m[Kmax[m[K(const _Tp& __a, const _Tp& __b, _Compare __comp)
[2.374s]       |     [01;36m[K^~~[m[K
[2.374s] [01m[K/usr/include/c++/11/bits/stl_algobase.h:300:5:[m[K [01;36m[Knote: [m[K  template argument deduction/substitution failed:
[2.374s] [01m[K/home/yaorz/unitree_go2_ws/src/go2_lidar_snapshot/go2_lidar_snapshot/src/go2_lidar_snapshot.cpp:26:30:[m[K [01;36m[Knote: [m[K  deduced conflicting types for parameter ‘[01m[Kconst _Tp[m[K’ (‘[01m[Kint[m[K’ and ‘[01m[Klong int[m[K’)
[2.374s]    26 |     sample_stride_ = [01;36m[Kstd::max(1, this->declare_parameter<int>("sample_stride", 1))[m[K;
[2.374s]       |                      [01;36m[K~~~~~~~~^~~~~~~~~~~~~~~~~~~~~~~~~~~~~~~~~~~~~~~~~~~~~~~~~~~~~[m[K
[2.374s] In file included from [01m[K/usr/include/c++/11/algorithm:62[m[K,
[2.374s]                  from [01m[K/opt/ros/humble/include/rclcpp/rclcpp/executor.hpp:18[m[K,
[2.375s]                  from [01m[K/opt/ros/humble/include/rclcpp/rclcpp/executors/multi_threaded_executor.hpp:25[m[K,
[2.375s]                  from [01m[K/opt/ros/humble/include/rclcpp/rclcpp/executors.hpp:21[m[K,
[2.375s]                  from [01m[K/opt/ros/humble/include/rclcpp/rclcpp/rclcpp.hpp:155[m[K,
[2.375s]                  from [01m[K/home/yaorz/unitree_go2_ws/src/go2_lidar_snapshot/go2_lidar_snapshot/src/go2_lidar_snapshot.cpp:1[m[K:
[2.375s] [01m[K/usr/include/c++/11/bits/stl_algo.h:3461:5:[m[K [01;36m[Knote: [m[Kcandidate: ‘[01m[Ktemplate<class _Tp> constexpr _Tp std::max(std::initializer_list<_Tp>)[m[K’
[2.375s]  3461 |     [01;36m[Kmax[m[K(initializer_list<_Tp> __l)
[2.375s]       |     [01;36m[K^~~[m[K
[2.375s] [01m[K/usr/include/c++/11/bits/stl_algo.h:3461:5:[m[K [01;36m[Knote: [m[K  template argument deduction/substitution failed:
[2.375s] [01m[K/home/yaorz/unitree_go2_ws/src/go2_lidar_snapshot/go2_lidar_snapshot/src/go2_lidar_snapshot.cpp:26:30:[m[K [01;36m[Knote: [m[K  mismatched types ‘[01m[Kstd::initializer_list<_Tp>[m[K’ and ‘[01m[Kint[m[K’
[2.375s]    26 |     sample_stride_ = [01;36m[Kstd::max(1, this->declare_parameter<int>("sample_stride", 1))[m[K;
[2.375s]       |                      [01;36m[K~~~~~~~~^~~~~~~~~~~~~~~~~~~~~~~~~~~~~~~~~~~~~~~~~~~~~~~~~~~~~[m[K
[2.375s] In file included from [01m[K/usr/include/c++/11/algorithm:62[m[K,
[2.375s]                  from [01m[K/opt/ros/humble/include/rclcpp/rclcpp/executor.hpp:18[m[K,
[2.375s]                  from [01m[K/opt/ros/humble/include/rclcpp/rclcpp/executors/multi_threaded_executor.hpp:25[m[K,
[2.375s]                  from [01m[K/opt/ros/humble/include/rclcpp/rclcpp/executors.hpp:21[m[K,
[2.376s]                  from [01m[K/opt/ros/humble/include/rclcpp/rclcpp/rclcpp.hpp:155[m[K,
[2.376s]                  from [01m[K/home/yaorz/unitree_go2_ws/src/go2_lidar_snapshot/go2_lidar_snapshot/src/go2_lidar_snapshot.cpp:1[m[K:
[2.376s] [01m[K/usr/include/c++/11/bits/stl_algo.h:3467:5:[m[K [01;36m[Knote: [m[Kcandidate: ‘[01m[Ktemplate<class _Tp, class _Compare> constexpr _Tp std::max(std::initializer_list<_Tp>, _Compare)[m[K’
[2.376s]  3467 |     [01;36m[Kmax[m[K(initializer_list<_Tp> __l, _Compare __comp)
[2.376s]       |     [01;36m[K^~~[m[K
[2.376s] [01m[K/usr/include/c++/11/bits/stl_algo.h:3467:5:[m[K [01;36m[Knote: [m[K  template argument deduction/substitution failed:
[2.376s] [01m[K/home/yaorz/unitree_go2_ws/src/go2_lidar_snapshot/go2_lidar_snapshot/src/go2_lidar_snapshot.cpp:26:30:[m[K [01;36m[Knote: [m[K  mismatched types ‘[01m[Kstd::initializer_list<_Tp>[m[K’ and ‘[01m[Kint[m[K’
[2.376s]    26 |     sample_stride_ = [01;36m[Kstd::max(1, this->declare_parameter<int>("sample_stride", 1))[m[K;
[2.376s]       |                      [01;36m[K~~~~~~~~^~~~~~~~~~~~~~~~~~~~~~~~~~~~~~~~~~~~~~~~~~~~~~~~~~~~~[m[K
[3.937s] gmake[2]: *** [CMakeFiles/go2_lidar_snapshot.dir/build.make:76：CMakeFiles/go2_lidar_snapshot.dir/src/go2_lidar_snapshot.cpp.o] 错误 1
[3.938s] gmake[1]: *** [CMakeFiles/Makefile2:137：CMakeFiles/go2_lidar_snapshot.dir/all] 错误 2
[3.938s] gmake: *** [Makefile:146：all] 错误 2
[3.940s] Invoked command in '/home/yaorz/unitree_go2_ws/build/go2_lidar_snapshot' returned '2': CMAKE_PREFIX_PATH=${CMAKE_PREFIX_PATH}:/opt/ros/humble /usr/bin/cmake --build /home/yaorz/unitree_go2_ws/build/go2_lidar_snapshot -- -j16 -l16
