[0.009s] Invoking command in '/home/yaorz/unitree_go2_ws/build/helloworld': CMAKE_PREFIX_PATH=${CMAKE_PREFIX_PATH}:/opt/ros/humble /usr/bin/cmake --build /home/yaorz/unitree_go2_ws/build/helloworld -- -j16 -l16
[0.046s] [35m[1mConsolidate compiler generated dependencies of target hello[0m
[0.061s] [ 50%] [32mBuilding CXX object CMakeFiles/hello.dir/src/hello.cpp.o[0m
[2.785s] [100%] [32m[1mLinking CXX executable hello[0m
[2.909s] [100%] Built target hello
[2.919s] Invoked command in '/home/yaorz/unitree_go2_ws/build/helloworld' returned '0': CMAKE_PREFIX_PATH=${CMAKE_PREFIX_PATH}:/opt/ros/humble /usr/bin/cmake --build /home/yaorz/unitree_go2_ws/build/helloworld -- -j16 -l16
[2.928s] Invoking command in '/home/yaorz/unitree_go2_ws/build/helloworld': CMAKE_PREFIX_PATH=${CMAKE_PREFIX_PATH}:/opt/ros/humble /usr/bin/cmake --install /home/yaorz/unitree_go2_ws/build/helloworld
[2.933s] -- Install configuration: ""
[2.933s] -- Installing: /home/yaorz/unitree_go2_ws/install/helloworld/lib/helloworld/hello
[2.934s] -- Set runtime path of "/home/yaorz/unitree_go2_ws/install/helloworld/lib/helloworld/hello" to ""
[2.934s] -- Installing: /home/yaorz/unitree_go2_ws/install/helloworld/share/ament_index/resource_index/package_run_dependencies/helloworld
[2.934s] -- Installing: /home/yaorz/unitree_go2_ws/install/helloworld/share/ament_index/resource_index/parent_prefix_path/helloworld
[2.935s] -- Installing: /home/yaorz/unitree_go2_ws/install/helloworld/share/helloworld/environment/ament_prefix_path.sh
[2.935s] -- Installing: /home/yaorz/unitree_go2_ws/install/helloworld/share/helloworld/environment/ament_prefix_path.dsv
[2.935s] -- Installing: /home/yaorz/unitree_go2_ws/install/helloworld/share/helloworld/environment/path.sh
[2.935s] -- Installing: /home/yaorz/unitree_go2_ws/install/helloworld/share/helloworld/environment/path.dsv
[2.935s] -- Installing: /home/yaorz/unitree_go2_ws/install/helloworld/share/helloworld/local_setup.bash
[2.935s] -- Installing: /home/yaorz/unitree_go2_ws/install/helloworld/share/helloworld/local_setup.sh
[2.935s] -- Installing: /home/yaorz/unitree_go2_ws/install/helloworld/share/helloworld/local_setup.zsh
[2.935s] -- Installing: /home/yaorz/unitree_go2_ws/install/helloworld/share/helloworld/local_setup.dsv
[2.935s] -- Installing: /home/yaorz/unitree_go2_ws/install/helloworld/share/helloworld/package.dsv
[2.935s] -- Installing: /home/yaorz/unitree_go2_ws/install/helloworld/share/ament_index/resource_index/packages/helloworld
[2.936s] -- Installing: /home/yaorz/unitree_go2_ws/install/helloworld/share/helloworld/cmake/helloworldConfig.cmake
[2.936s] -- Installing: /home/yaorz/unitree_go2_ws/install/helloworld/share/helloworld/cmake/helloworldConfig-version.cmake
[2.936s] -- Installing: /home/yaorz/unitree_go2_ws/install/helloworld/share/helloworld/package.xml
[2.938s] Invoked command in '/home/yaorz/unitree_go2_ws/build/helloworld' returned '0': CMAKE_PREFIX_PATH=${CMAKE_PREFIX_PATH}:/opt/ros/humble /usr/bin/cmake --install /home/yaorz/unitree_go2_ws/build/helloworld
