-- Install configuration: ""
-- Up-to-date: /home/yaorz/unitree_go2_ws/install/go2_slam_bringup/share/go2_slam_bringup/config
-- Installing: /home/yaorz/unitree_go2_ws/install/go2_slam_bringup/share/go2_slam_bringup/config/pointcloud_to_laserscan.yaml
-- Installing: /home/yaorz/unitree_go2_ws/install/go2_slam_bringup/share/go2_slam_bringup/config/slam_toolbox.yaml
-- Up-to-date: /home/yaorz/unitree_go2_ws/install/go2_slam_bringup/share/go2_slam_bringup/launch
-- Up-to-date: /home/yaorz/unitree_go2_ws/install/go2_slam_bringup/share/go2_slam_bringup/launch/go2_slam.launch.py
-- Up-to-date: /home/yaorz/unitree_go2_ws/install/go2_slam_bringup/share/ament_index/resource_index/package_run_dependencies/go2_slam_bringup
-- Up-to-date: /home/yaorz/unitree_go2_ws/install/go2_slam_bringup/share/ament_index/resource_index/parent_prefix_path/go2_slam_bringup
-- Up-to-date: /home/yaorz/unitree_go2_ws/install/go2_slam_bringup/share/go2_slam_bringup/environment/ament_prefix_path.sh
-- Up-to-date: /home/yaorz/unitree_go2_ws/install/go2_slam_bringup/share/go2_slam_bringup/environment/ament_prefix_path.dsv
-- Up-to-date: /home/yaorz/unitree_go2_ws/install/go2_slam_bringup/share/go2_slam_bringup/environment/path.sh
-- Up-to-date: /home/yaorz/unitree_go2_ws/install/go2_slam_bringup/share/go2_slam_bringup/environment/path.dsv
-- Up-to-date: /home/yaorz/unitree_go2_ws/install/go2_slam_bringup/share/go2_slam_bringup/local_setup.bash
-- Up-to-date: /home/yaorz/unitree_go2_ws/install/go2_slam_bringup/share/go2_slam_bringup/local_setup.sh
-- Up-to-date: /home/yaorz/unitree_go2_ws/install/go2_slam_bringup/share/go2_slam_bringup/local_setup.zsh
-- Up-to-date: /home/yaorz/unitree_go2_ws/install/go2_slam_bringup/share/go2_slam_bringup/local_setup.dsv
-- Installing: /home/yaorz/unitree_go2_ws/install/go2_slam_bringup/share/go2_slam_bringup/package.dsv
-- Up-to-date: /home/yaorz/unitree_go2_ws/install/go2_slam_bringup/share/ament_index/resource_index/packages/go2_slam_bringup
-- Up-to-date: /home/yaorz/unitree_go2_ws/install/go2_slam_bringup/share/go2_slam_bringup/cmake/go2_slam_bringupConfig.cmake
-- Up-to-date: /home/yaorz/unitree_go2_ws/install/go2_slam_bringup/share/go2_slam_bringup/cmake/go2_slam_bringupConfig-version.cmake
-- Up-to-date: /home/yaorz/unitree_go2_ws/install/go2_slam_bringup/share/go2_slam_bringup/package.xml
