[0.015s] Invoking command in '/home/yaorz/unitree_go2_ws/build/go2_slam_bringup': CMAKE_PREFIX_PATH=/home/yaorz/unitree_go2_ws/install/go2_tf_bridge:/home/yaorz/unitree_go2_ws/install/helloworld:/home/yaorz/unitree_go2_ws/install/go2_slam_bringup:/home/yaorz/unitree_go2_ws/install/go2_state_logger:/home/yaorz/unitree_go2_ws/install/go2_sport_test:/home/yaorz/unitree_go2_ws/install/go2_safe_move:/home/yaorz/unitree_go2_ws/install/go2_lidar_snapshot:/home/yaorz/unitree_go2_ws/install/go2_lidar_filter:/home/yaorz/unitree_ros2/cyclonedds_ws/install/unitree_hg:/home/yaorz/unitree_ros2/cyclonedds_ws/install/unitree_go:/home/yaorz/unitree_ros2/cyclonedds_ws/install/unitree_api:/home/yaorz/unitree_ros2/cyclonedds_ws/install/rmw_cyclonedds_cpp:/home/yaorz/unitree_ros2/cyclonedds_ws/install/cyclonedds:/opt/ros/humble /usr/bin/cmake --build /home/yaorz/unitree_go2_ws/build/go2_slam_bringup -- -j16 -l16
[0.046s] Invoked command in '/home/yaorz/unitree_go2_ws/build/go2_slam_bringup' returned '0': CMAKE_PREFIX_PATH=/home/yaorz/unitree_go2_ws/install/go2_tf_bridge:/home/yaorz/unitree_go2_ws/install/helloworld:/home/yaorz/unitree_go2_ws/install/go2_slam_bringup:/home/yaorz/unitree_go2_ws/install/go2_state_logger:/home/yaorz/unitree_go2_ws/install/go2_sport_test:/home/yaorz/unitree_go2_ws/install/go2_safe_move:/home/yaorz/unitree_go2_ws/install/go2_lidar_snapshot:/home/yaorz/unitree_go2_ws/install/go2_lidar_filter:/home/yaorz/unitree_ros2/cyclonedds_ws/install/unitree_hg:/home/yaorz/unitree_ros2/cyclonedds_ws/install/unitree_go:/home/yaorz/unitree_ros2/cyclonedds_ws/install/unitree_api:/home/yaorz/unitree_ros2/cyclonedds_ws/install/rmw_cyclonedds_cpp:/home/yaorz/unitree_ros2/cyclonedds_ws/install/cyclonedds:/opt/ros/humble /usr/bin/cmake --build /home/yaorz/unitree_go2_ws/build/go2_slam_bringup -- -j16 -l16
[0.047s] Invoking command in '/home/yaorz/unitree_go2_ws/build/go2_slam_bringup': CMAKE_PREFIX_PATH=/home/yaorz/unitree_go2_ws/install/go2_tf_bridge:/home/yaorz/unitree_go2_ws/install/helloworld:/home/yaorz/unitree_go2_ws/install/go2_slam_bringup:/home/yaorz/unitree_go2_ws/install/go2_state_logger:/home/yaorz/unitree_go2_ws/install/go2_sport_test:/home/yaorz/unitree_go2_ws/install/go2_safe_move:/home/yaorz/unitree_go2_ws/install/go2_lidar_snapshot:/home/yaorz/unitree_go2_ws/install/go2_lidar_filter:/home/yaorz/unitree_ros2/cyclonedds_ws/install/unitree_hg:/home/yaorz/unitree_ros2/cyclonedds_ws/install/unitree_go:/home/yaorz/unitree_ros2/cyclonedds_ws/install/unitree_api:/home/yaorz/unitree_ros2/cyclonedds_ws/install/rmw_cyclonedds_cpp:/home/yaorz/unitree_ros2/cyclonedds_ws/install/cyclonedds:/opt/ros/humble /usr/bin/cmake --install /home/yaorz/unitree_go2_ws/build/go2_slam_bringup
[0.054s] -- Install configuration: ""
[0.054s] -- Up-to-date: /home/yaorz/unitree_go2_ws/install/go2_slam_bringup/share/go2_slam_bringup/config
[0.054s] -- Installing: /home/yaorz/unitree_go2_ws/install/go2_slam_bringup/share/go2_slam_bringup/config/pointcloud_to_laserscan.yaml
[0.054s] -- Installing: /home/yaorz/unitree_go2_ws/install/go2_slam_bringup/share/go2_slam_bringup/config/slam_toolbox.yaml
[0.054s] -- Up-to-date: /home/yaorz/unitree_go2_ws/install/go2_slam_bringup/share/go2_slam_bringup/launch
[0.055s] -- Up-to-date: /home/yaorz/unitree_go2_ws/install/go2_slam_bringup/share/go2_slam_bringup/launch/go2_slam.launch.py
[0.055s] -- Up-to-date: /home/yaorz/unitree_go2_ws/install/go2_slam_bringup/share/ament_index/resource_index/package_run_dependencies/go2_slam_bringup
[0.055s] -- Up-to-date: /home/yaorz/unitree_go2_ws/install/go2_slam_bringup/share/ament_index/resource_index/parent_prefix_path/go2_slam_bringup
[0.055s] -- Up-to-date: /home/yaorz/unitree_go2_ws/install/go2_slam_bringup/share/go2_slam_bringup/environment/ament_prefix_path.sh
[0.055s] -- Up-to-date: /home/yaorz/unitree_go2_ws/install/go2_slam_bringup/share/go2_slam_bringup/environment/ament_prefix_path.dsv
[0.055s] -- Up-to-date: /home/yaorz/unitree_go2_ws/install/go2_slam_bringup/share/go2_slam_bringup/environment/path.sh
[0.055s] -- Up-to-date: /home/yaorz/unitree_go2_ws/install/go2_slam_bringup/share/go2_slam_bringup/environment/path.dsv
[0.055s] -- Up-to-date: /home/yaorz/unitree_go2_ws/install/go2_slam_bringup/share/go2_slam_bringup/local_setup.bash
[0.055s] -- Up-to-date: /home/yaorz/unitree_go2_ws/install/go2_slam_bringup/share/go2_slam_bringup/local_setup.sh
[0.055s] -- Up-to-date: /home/yaorz/unitree_go2_ws/install/go2_slam_bringup/share/go2_slam_bringup/local_setup.zsh
[0.055s] -- Up-to-date: /home/yaorz/unitree_go2_ws/install/go2_slam_bringup/share/go2_slam_bringup/local_setup.dsv
[0.055s] -- Installing: /home/yaorz/unitree_go2_ws/install/go2_slam_bringup/share/go2_slam_bringup/package.dsv
[0.055s] -- Up-to-date: /home/yaorz/unitree_go2_ws/install/go2_slam_bringup/share/ament_index/resource_index/packages/go2_slam_bringup
[0.055s] -- Up-to-date: /home/yaorz/unitree_go2_ws/install/go2_slam_bringup/share/go2_slam_bringup/cmake/go2_slam_bringupConfig.cmake
[0.055s] -- Up-to-date: /home/yaorz/unitree_go2_ws/install/go2_slam_bringup/share/go2_slam_bringup/cmake/go2_slam_bringupConfig-version.cmake
[0.055s] -- Up-to-date: /home/yaorz/unitree_go2_ws/install/go2_slam_bringup/share/go2_slam_bringup/package.xml
[0.056s] Invoked command in '/home/yaorz/unitree_go2_ws/build/go2_slam_bringup' returned '0': CMAKE_PREFIX_PATH=/home/yaorz/unitree_go2_ws/install/go2_tf_bridge:/home/yaorz/unitree_go2_ws/install/helloworld:/home/yaorz/unitree_go2_ws/install/go2_slam_bringup:/home/yaorz/unitree_go2_ws/install/go2_state_logger:/home/yaorz/unitree_go2_ws/install/go2_sport_test:/home/yaorz/unitree_go2_ws/install/go2_safe_move:/home/yaorz/unitree_go2_ws/install/go2_lidar_snapshot:/home/yaorz/unitree_go2_ws/install/go2_lidar_filter:/home/yaorz/unitree_ros2/cyclonedds_ws/install/unitree_hg:/home/yaorz/unitree_ros2/cyclonedds_ws/install/unitree_go:/home/yaorz/unitree_ros2/cyclonedds_ws/install/unitree_api:/home/yaorz/unitree_ros2/cyclonedds_ws/install/rmw_cyclonedds_cpp:/home/yaorz/unitree_ros2/cyclonedds_ws/install/cyclonedds:/opt/ros/humble /usr/bin/cmake --install /home/yaorz/unitree_go2_ws/build/go2_slam_bringup
