[0.010s] Invoking command in '/home/yaorz/unitree_go2_ws/build/helloworld': CMAKE_PREFIX_PATH=${CMAKE_PREFIX_PATH}:/opt/ros/humble /usr/bin/cmake --build /home/yaorz/unitree_go2_ws/build/helloworld -- -j16 -l16
[0.063s] [35m[1mConsolidate compiler generated dependencies of target hello[0m
[0.079s] [100%] Built target hello
[0.089s] Invoked command in '/home/yaorz/unitree_go2_ws/build/helloworld' returned '0': CMAKE_PREFIX_PATH=${CMAKE_PREFIX_PATH}:/opt/ros/humble /usr/bin/cmake --build /home/yaorz/unitree_go2_ws/build/helloworld -- -j16 -l16
[0.099s] Invoking command in '/home/yaorz/unitree_go2_ws/build/helloworld': CMAKE_PREFIX_PATH=${CMAKE_PREFIX_PATH}:/opt/ros/humble /usr/bin/cmake --install /home/yaorz/unitree_go2_ws/build/helloworld
[0.105s] -- Install configuration: ""
[0.106s] -- Up-to-date: /home/yaorz/unitree_go2_ws/install/helloworld/lib/helloworld/hello
[0.106s] -- Up-to-date: /home/yaorz/unitree_go2_ws/install/helloworld/share/ament_index/resource_index/package_run_dependencies/helloworld
[0.106s] -- Up-to-date: /home/yaorz/unitree_go2_ws/install/helloworld/share/ament_index/resource_index/parent_prefix_path/helloworld
[0.106s] -- Up-to-date: /home/yaorz/unitree_go2_ws/install/helloworld/share/helloworld/environment/ament_prefix_path.sh
[0.106s] -- Up-to-date: /home/yaorz/unitree_go2_ws/install/helloworld/share/helloworld/environment/ament_prefix_path.dsv
[0.106s] -- Up-to-date: /home/yaorz/unitree_go2_ws/install/helloworld/share/helloworld/environment/path.sh
[0.106s] -- Up-to-date: /home/yaorz/unitree_go2_ws/install/helloworld/share/helloworld/environment/path.dsv
[0.106s] -- Up-to-date: /home/yaorz/unitree_go2_ws/install/helloworld/share/helloworld/local_setup.bash
[0.106s] -- Up-to-date: /home/yaorz/unitree_go2_ws/install/helloworld/share/helloworld/local_setup.sh
[0.107s] -- Up-to-date: /home/yaorz/unitree_go2_ws/install/helloworld/share/helloworld/local_setup.zsh
[0.107s] -- Up-to-date: /home/yaorz/unitree_go2_ws/install/helloworld/share/helloworld/local_setup.dsv
[0.107s] -- Installing: /home/yaorz/unitree_go2_ws/install/helloworld/share/helloworld/package.dsv
[0.107s] -- Up-to-date: /home/yaorz/unitree_go2_ws/install/helloworld/share/ament_index/resource_index/packages/helloworld
[0.107s] -- Up-to-date: /home/yaorz/unitree_go2_ws/install/helloworld/share/helloworld/cmake/helloworldConfig.cmake
[0.107s] -- Up-to-date: /home/yaorz/unitree_go2_ws/install/helloworld/share/helloworld/cmake/helloworldConfig-version.cmake
[0.107s] -- Up-to-date: /home/yaorz/unitree_go2_ws/install/helloworld/share/helloworld/package.xml
[0.109s] Invoked command in '/home/yaorz/unitree_go2_ws/build/helloworld' returned '0': CMAKE_PREFIX_PATH=${CMAKE_PREFIX_PATH}:/opt/ros/humble /usr/bin/cmake --install /home/yaorz/unitree_go2_ws/build/helloworld
